<!DOCTYPE html>
<!---------------------------------------------------------------------------------------------------------------------
|  Copyright (C) 2014 PayPal                                                                                          |
|                                                                                                                     |
|  Licensed under the Apache License, Version 2.0 (the "License"); you may not use this file except in compliance     |
|  with the License.                                                                                                  |
|                                                                                                                     |
|  You may obtain a copy of the License at                                                                            |
|                                                                                                                     |
|       http://www.apache.org/licenses/LICENSE-2.0                                                                    |
|                                                                                                                     |
|  Unless required by applicable law or agreed to in writing, software distributed under the License is distributed   |
|  on an "AS IS" BASIS, WITHOUT WARRANTIES OR CONDITIONS OF ANY KIND, either express or implied. See the License for  |
|  the specific language governing permissions and limitations under the License.                                     |
---------------------------------------------------------------------------------------------------------------------->
<html lang="en">
    <head>
        <meta charset="utf-8">
        <title>SeLion Report</title>
        <meta name="viewport" content="width=device-width, initial-scale=1">
        <link rel="stylesheet" href="../css/bootstrap.css">
        <link rel="stylesheet" href="../css/bootstrap-table.min.css">
        <link rel="stylesheet" href="../css/style.min.css" />
        <link rel="stylesheet" href="../css/treeview.css" />
        <!-- HTML5 shim and Respond.js IE8 support of HTML5 elements and media queries -->
        <!--[if lt IE 9]><script src="../bower_components/html5shiv/dist/html5shiv.js"></script><script src="../bower_components/respond/dest/respond.min.js"></script><![endif]-->
        <style type="text/css">.modal-dialog {width: 95%; min-height: 95%; padding: 0;}.modal-content {min-height: 100%; }
        </style>
    </head>
    <body>
        <!-- Header Begin -->
        <div class="navbar" style="border-radius: 0px; margin:5px;">
            <div class="navbar-header">
                <button type="button" class="navbar-toggle" data-toggle="collapse" data-target=".navbar-responsive-collapse"> 
                    <span class="icon-bar">
                    </span>
                    <span class="icon-bar">
                    </span>
                    <span class="icon-bar">
                    </span>
                </button>
                <div>
                    <img src="../images/selion-horiz-notag.svg" style="width:478px; height:80px;" alt="SeLion Logo, horizontal, without a tag line" border="0">
                </div>
            </div>
            <div class="navbar-collapse collapse navbar-responsive-collapse">
                <ul class="nav navbar-nav navbar-right">
                    <li>
                    <a href="javascript:;" id="config-popover" data-placement="bottom" data-html="true" data-toggle="popover" title="Configuration Summary">Configuration</a>
                    </li>
                    <li>
                    <a href="javascript:;" class="btn-auto-update">Auto Update <span class="label label-success">On</span></a>
                    </li>
                    <li>
                    <a href="javascript:;" class="btn-tree-autohide">Tree Auto Hide <span class="label label-success">On</span></a>
                    </li>
                </ul>
            </div>
        </div>
        <!-- Header End -->
        <div id="bodycontent" class="container toggled">

            <!-- Treeview Begin -->
        <div id="treeview-left">
            <label class="tree-toggler nav-header">TREEVIEW</label>
            <div id="tree">
            <ul>
                <li id="AllSuites" data-type="all" data-value="All Suites">All Suites</li>
            </ul>
            </div>
        </div>

        <div id="result-right">

        <button type="button" class="btn btn-default" id="display-tree">Tree View</button>
            <!-- Treeview End -->

            <!-- Statistics Begin -->
            <div style="clear: both;cursor: pointer;" id="statistics-data">
                <div id="statistics-data-skipped" class="text-center text-warning" style="float: left;">
                </div>
                <div id="statistics-data-running" class="text-center text-info" style="float: left;">
                </div>
                <div id="statistics-data-passed" class="text-center text-success" style="float: left;">
                </div>
                <div id="statistics-data-failed" class="text-center text-danger" style="float: left;">
                </div>
            </div>
            <div class="progress" style="clear: both;cursor: pointer;">
                <div id="statistics-progress-skipped" class="progress-bar progress-bar-warning">
                </div>
                <div id="statistics-progress-running" class="progress-bar progress-bar-info">
                </div>
                <div id="statistics-progress-passed" class="progress-bar progress-bar-success">
                </div>
                <div id="statistics-progress-failed" class="progress-bar progress-bar-danger">
                </div>
            </div>
            <!-- Statistics End -->

            <!-- Results Begin -->
            <div class="panel panel-default" id="testcaseTable">
                <div class="panel-heading">
                    <div class="btn-group">
                        <button type="button" data-index="#" class="btn btn-default active btn-list" id="testcase-btn-list" data-toggle="tooltip" title="List View">
                            <span class="glyphicon glyphicon-th-list">
                            </span>
                        </button>
                        <button type="button" data-index="#" class="btn btn-default btn-grid" id="testcase-btn-grid" data-toggle="tooltip" title="Grid View">
                            <span class="glyphicon glyphicon-th">
                            </span>
                        </button>
                    </div>&nbsp;Testcase Results
                </div>
                <div class="panel-body" id="testcaseParentBody">
                     <div class="fixed-table-pagination">
                           <div class="pull-left pageSizeInfo">
                               <span class="page-list">Records per page
                                     <span class="btn-group dropup">
                                        <button type="button" class="btn btn-default dropdown-toggle" data-toggle="dropdown">
                                                <span class="page-size">10</span>
                                                <span class="caret"></span>
                                        </button>
                                        <ul class="dropdown-menu pageSizeCombo" role="menu">
                                            <li><a href="javascript:void(0)">10</a></li>
                                            <li><a href="javascript:void(0)">25</a></li>
                                            <li><a href="javascript:void(0)">50</a></li>
                                            <li><a href="javascript:void(0)">100</a></li>
                                        </ul>
                                     </span> </span>
                           </div>
                           <div class="pull-right search" style="margin-bottom:10px">
                                <input type="text" class="form-control" name="testCaseSearch" id="testCaseSearch" placeholder="Search" />
                           </div>
                     </div>
                     <div class="fixed-table-container" id="testcaseBody">
                     </div>
                      <div class="fixed-table-pagination">
                           <div class="pull-left pagination-detail">
                                <span class="pagination-info" id="testcase-page-info">Showing 1 to 10 of 800 rows</span>
                           </div>

                           <div class="pull-right pagination" id="testcase-pagination">
                                <ul class="pagination">
                                    <li class="page-first"><a href="javascript:void(0)">&lt;&lt;</a></li>
                                    <li class="page-pre"><a href="javascript:void(0)">&lt;</a></li>
                                    <li class="page-next"><a href="javascript:void(0)">&gt;</a></li>
                                    <li class="page-last"><a href="javascript:void(0)">&gt;&gt;</a></li>
                                </ul>
                           </div>
                      </div>
                </div>
                <div class="clearfix"></div>
            </div>
            <div class="panel panel-default" id="configTestcaseTable">
                <div class="panel-heading">
                    <div class="btn-group">
                        <button type="button" data-index="#" class="btn btn-default active btn-list" id="config-testcase-btn-list" data-toggle="tooltip" title="List View">
                            <span class="glyphicon glyphicon-th-list">
                            </span>
                        </button>
                    </div>&nbsp;Configuration Results
                </div>
                <div class="panel-body">
                     <div class="fixed-table-pagination">
                           <div class="pull-left pageSizeInfo">
                               <span class="page-list">Records per page
                                     <span class="btn-group dropup">
                                        <button type="button" class="btn btn-default dropdown-toggle" data-toggle="dropdown">
                                                <span class="page-size">10</span>
                                                <span class="caret"></span>
                                        </button>
                                        <ul class="dropdown-menu config-pageSizeCombo" role="menu">
                                            <li><a href="javascript:void(0)">10</a></li>
                                            <li><a href="javascript:void(0)">25</a></li>
                                            <li><a href="javascript:void(0)">50</a></li>
                                            <li><a href="javascript:void(0)">100</a></li>
                                        </ul>
                                     </span> </span>
                           </div>
                           <div class="pull-right search" style="margin-bottom:10px">
                                <input type="text" class="form-control" name="config-testCaseSearch" id="config-testCaseSearch" placeholder="Search" />
                           </div>
                     </div>
                     <div class="fixed-table-container" id="config-testcaseBody">
                     </div>
                      <div class="fixed-table-pagination">
                           <div class="pull-left pagination-detail">
                                <span class="pagination-info" id="config-testcase-page-info">Showing 1 to 10 of 800 rows</span>
                           </div>

                           <div class="pull-right pagination" id="config-testcase-pagination">
                                <ul class="pagination">
                                    <li class="page-first"><a href="javascript:void(0)">&lt;&lt;</a></li>
                                    <li class="page-pre"><a href="javascript:void(0)">&lt;</a></li>
                                    <li class="page-next"><a href="javascript:void(0)">&gt;</a></li>
                                    <li class="page-last"><a href="javascript:void(0)">&gt;&gt;</a></li>
                                </ul>
                           </div>
                      </div>
                </div>
            </div>
            <!-- Results End -->
            </div>
        </div>
        <div class="modal fade modal-config" id="modal-id-config">
            <div class="modal-dialog">
                <div class="modal-content">
                    <div class="modal-header">
                        <button type="button" class="close" data-dismiss="modal">
                            <span aria-hidden="true">&times;
                            </span>
                            <span class="sr-only">Close
                            </span>
                        </button>
                        <span class="modal-title">Test Configuration Summary</span>
                    </div>
                    <div class="modal-body">
                    </div>
                </div>
            </div>
        </div>
        <div class="modal fade modal-screenshot" id="modal-id-screenshot">
            <div class="modal-dialog">
                <div class="modal-content">
                    <div class="modal-header">
                        <button type="button" class="close" data-dismiss="modal">
                            <span aria-hidden="true">&times;
                            </span>
                            <span class="sr-only">Close
                            </span>
                        </button>
                        <span class="modal-title">
                        </span>
                    </div>
                    <div class="modal-body">
                    </div>
                </div>
            </div>
        </div>
        <div class="modal fade modal-image" id="modal-id-image">
            <div class="modal-dialog">
                <div class="modal-content">
                    <div class="modal-header">
                        <button type="button" class="close" data-dismiss="modal">
                            <span aria-hidden="true">&times;
                            </span>
                            <span class="sr-only">Close
                            </span>
                        </button>
                        <span class="modal-title">
                        </span>
                    </div>
                    <div class="modal-body" class="img-fullscreen">
                        <img src="" style="border: 1px solid #ecf0f1; border-radius: 4px;"/>
                    </div>
                </div>
            </div>
        </div>
        <div class="modal fade modal-source" id="modal-id-source">
            <div class="modal-dialog">
                <div class="modal-content">
                    <div class="modal-header">
                        <button type="button" class="close" data-dismiss="modal">
                            <span aria-hidden="true">&times;</span>
                            <span class="sr-only">Close</span>
                        </button>
                        <span class="modal-title"></span>
                    </div>
                    <div class="modal-body" style="color: white">
                        <iframe src="" frameborder=0 width=100% height=600 scrolling=auto></iframe>
                    </div>
                </div>
            </div>
        </div>
        <div class="modal fade modal-stacktrace" id="modal-id-stacktrace">
            <div class="modal-dialog">
                <div class="modal-content">
                    <div class="modal-header">
                        <button type="button" class="close" data-dismiss="modal">
                            <span aria-hidden="true">&times;</span>
                            <span class="sr-only">Close</span>
                        </button>
                        <span class="modal-title"></span>
                    </div>
                    <div class="modal-body">
                    </div>
                </div>
            </div>
        </div>
<script src="../js/jquery.min.js"></script>
<script src="../js/bootstrap.min.js"></script>
<script src="../js/render.min.js"></script>
<script src="../js/readmore.min.js"></script>
<script src="../js/jstree.min.js"></script>
<script id="tableImpl" type="text/x-jsrender">
        <table class="table table-striped table-hover" id="paginationTextCaseTable">
            <thead>
                <tr>
                    <th style="width:5%" data-index="nil">#</th>
                    <th style="width:13%;cursor: pointer;" data-index="suite">Suite</th>
                    <th style="width:10%;cursor: pointer;" data-index="test">Test</th>
                    <th style="width:15%;cursor: pointer;" data-index="packageInfo">Package</th>
                    <th style="width:15%;cursor: pointer;" data-index="className">Class</th>
                    <th style="width:15%;cursor: pointer;" data-index="methodName">Method</th>
                    <th style="width:18%;cursor: pointer;" data-index="parameters">Parameters</th>
                    <th style="width:9%" data-index="nil"><th>
                </tr>
            </thead>
            <tbody>
                {{for results}}
                <tr data-toggle="tooltip" title='{{:~setStatusAndTimeAsToolTip(status, startTime, endTime)}}'>
                    <td><span class="label label-{{if status == "Passed" }}success{{else status == "Failed"}}danger{{else status == "Skipped"}}warning{{else}}info{{/if}}" data-toggle="tooltip" >{{:#index+~startIndex}}</span></td>
                    <td>{{:suite}}</td>
                    <td>{{:test}}</td>
                    <td>{{:packageInfo}}</td>
                    <td>{{:className}}</td>
                    <td>{{:methodName}}</td>
                    <td>{{:parameters}}</td>
                    <td>
                        <button type="button" data-index="{{:test}}" class="btn btn-default btn-xs btn-config" data-toggle="tooltip" data-placement="top" title="Config"><span class="glyphicon glyphicon-cog"></span></button>
                    {{if logs != null}}
                        <button type="button" data-index="{{:#parent.index}}" class="btn btn-default btn-xs btn-screenshot" data-toggle="tooltip" data-placement="top" title="Reporter Output"><span class="glyphicon glyphicon-picture"></span></button>
                    {{/if}}
                    {{if status == "Failed" }}
                        <button type="button" data-index="{{:#parent.index}}" class="btn btn-default btn-xs btn-stacktrace" data-toggle="tooltip" data-placement="top" title="Stacktrace"><span class="glyphicon glyphicon-warning-sign"></span></button>
                    {{/if}}
                    <td>
                </tr>
                {{/for}}
            </tbody>
        </table>
    </script>
<script id="config-tableImpl" type="text/x-jsrender">
        <table class="table table-striped table-hover " id="paginationTextConfigTable">
            <thead>
                <tr>
                    <th style="width:5%" data-index="nil">#</th>
                    <th style="width:17%;cursor: pointer;" data-index="suite">Suite</th>
                    <th style="width:16%;cursor: pointer;" data-index="test">Test</th>
                    <th style="width:17%;cursor: pointer;" data-index="packageInfo">Package</th>
                    <th style="width:16%;cursor: pointer;" data-index="className">Class</th>
                    <th style="width:15%;cursor: pointer;" data-index="methodName">Method</th>
                    <th style="width:10%;cursor: pointer;" data-index="type">Type</th>
                    <th style="width:4%" data-index="nil"><th>
                </tr>
            </thead>
            <tbody>
                {{for results}}
                <tr data-toggle="tooltip" title='{{:~setStatusAndTimeAsToolTip(status, startTime, endTime)}}'>
                    <td><span class="label label-{{if status == "Passed" }}success{{else status == "Failed"}}danger{{else status == "Skipped"}}warning{{else}}info{{/if}}">{{:#index+~startIndex}}</span></td>
                    <td>{{:suite}}</td>
                    <td>{{:test}}</td>
                    <td>{{:packageInfo}}</td>
                    <td>{{:className}}</td>
                    <td>{{:methodName}}</td>
                    <td>{{:type}}</td>
                    <td>
                    {{if logs != null}}
                        <button type="button" data-index="{{:#parent.index}}" class="btn btn-default btn-xs btn-screenshot-config" data-toggle="tooltip" data-placement="top" title="Reporter Output"><span class="glyphicon glyphicon-picture"></span></button>
                    {{/if}}
                    {{if status == "Failed" }}
                        <button type="button" data-index="{{:#parent.index}}" class="btn btn-default btn-xs btn-stacktrace-config" data-toggle="tooltip" data-placement="top" title="Stacktrace"><span class="glyphicon glyphicon-warning-sign"></span></button>
                    {{/if}}
                    <td>
                </tr>
                {{/for}}
            </tbody>
        </table>
    </script>
<script id="gridImpl" type="text/x-jsrender">
                {{for results}}
                <div class="col-lg-4">
                    <div class="panel panel-{{if status == "Passed" }}success{{else status == "Failed"}}danger{{else status == "Skipped"}}warning{{else}}info{{/if}}">
                        <div class="panel-heading">
                            <h3 class="panel-title">{{:className}}.{{:methodName}}</h3>
                        </div>
                        <div class="panel-body">
                            {{if ~getLatestImage(logs) != null}}
                            <span class="thumbnail">
                                    <img src="../{{:~getLatestImage(logs)}}" onclick='displayImage("../{{:~getLatestImage(logs)}}", "");'>
                            </span>
                            {{/if}}
                            <ul data-toggle="tooltip" title='{{:~setStatusAndTimeAsToolTip(status, startTime, endTime)}}' class="list-group">
                                <li class="list-group-item">
                                    Suite: {{:suite}}
                                </li>
                                <li class="list-group-item">
                                    Test: <a href="javascript:;" data-index="{{:test}}" class="btn-config">{{:test}}</a>
                                </li>
                                <li class="list-group-item">
                                    Package: {{:packageInfo}}
                                </li>
                                <li class="list-group-item">
                                    Class: {{:className}}
                                </li>
                                <li class="list-group-item">
                                    Method: {{:methodName}}
                                </li>
                                <li class="list-group-item">
                                    Parameters: {{:parameters}}
                                </li>
                            </ul>
                            {{if logs != null}}
                            <div class="col-lg-6">
                                <button type="button" data-index="{{:#parent.index}}" class="btn btn-default btn-block btn-screenshot">Reporter Output</button>
                            </div>
                            {{/if}}
                            {{if status == "Failed" }}
                            <div class="col-lg-6">
                                <button type="button" data-index="{{:#parent.index}}" class="btn btn-default btn-block btn-stacktrace">Stacktrace</button>
                            </div>
                            {{/if}}
                        </div>
                    </div>
                </div>
                {{/for}}
    </script>

<script id="screenshotImpl" type="text/x-jsrender">
        <div class="row show">
        {{for logs}}
            {{if #index != 0 && (#index%3) == 0}}
                </div>
                <div class="row show">
            {{/if}}
            <div class="col-lg-4">
                <div class="thumbnail">
                    {{if image != null}}
                    <img src="../{{:image}}" alt="{{:message}}" onclick='displayImage("../{{:image}}", "");' style="border:1px solid #ecf0f1">
                    {{/if}}
                    <div class="caption">
                        <p>{{:message}}</p>
                        {{if source != null}}
                        <p>
                            <button type="button" class="btn btn-default btn-block btn-source" onclick='displaySource("../{{:source}}", "");'>Source</button>
                        </p>
                        {{/if}}
                    </div>
                </div>
            </div>
        {{/for}}
        </div>
</script>
<script id="stacktraceImpl" type="text/x-jsrender">
        <div class="row show">
            <p>{{:~getUpdatedStackTrace(stacktrace)}}</p>
        </div>
</script>
<script id="configImpl" type="text/x-jsrender">
        <table class="table table-striped table-hover" id="configTable">
            <thead>
                <tr>
                    <th>Parameter Name</th>
                    <th>Parameter Value</th>
                </tr>
            </thead>
            <tbody>
                {{for results}}
                <tr>
                    <td>{{:key}}</td>
                    <td>{{:value}}</td>
                </tr>
                {{/for}}
            </tbody>
        </table>
</script>
<script type="text/javascript">
  var reports =
{
  "reportSummary": {
    "testMethodsSummary": {
      "passed": 2,
      "failed": 2,
      "skipped": 4
    },
    "configurationMethodsSummary": {
      "passed": 7,
      "failed": 1,
      "skipped": 8
    }
  },
  "testMethods": [
    {
      "suite": "Test Suit",
      "test": "ChromeTest",
      "packageInfo": "com.mapsnq.assignment.ws",
      "className": "DirectionModule",
      "methodName": "DirectionFromAndToPlace",
      "status": "Passed",
      "startTime": "2019-02-17T12:03:21.274+05:30",
      "endTime": "2019-02-17T12:03:34.616+05:30",
      "description": " Test to check current and Destination is working"
    },
    {
      "suite": "Test Suit",
      "test": "ChromeTest",
      "packageInfo": "com.mapsnq.assignment.ws",
      "className": "DirectionModule",
      "methodName": "TestClearRouteLink",
      "status": "Passed",
      "startTime": "2019-02-17T12:03:56.695+05:30",
      "endTime": "2019-02-17T12:03:59.110+05:30",
      "description": " Test to check Reset button"
    },
    {
      "suite": "Test Suit",
      "test": "ChromeTest",
      "packageInfo": "com.mapsnq.assignment.ws",
      "className": "DirectionModule",
      "methodName": "TestToCheckOnlyByGivingFromDirection",
      "status": "Failed",
      "startTime": "2019-02-17T12:04:19.883+05:30",
      "endTime": "2019-02-17T12:04:21.058+05:30",
      "description": " Test to Alert for window based pop if only \u0027From Direction\u0027 is given",
      "exception": "class java.lang.AssertionError:expected [true] but found [false]",
      "stacktrace": "java.lang.AssertionError: expected [true] but found [false]\r\n\tat org.testng.Assert.fail(Assert.java:94)\r\n\tat org.testng.Assert.failNotEquals(Assert.java:513)\r\n\tat org.testng.Assert.assertTrue(Assert.java:42)\r\n\tat org.testng.Assert.assertTrue(Assert.java:52)\r\n\tat com.mapsnq.assignment.ws.DirectionModule.TestToCheckOnlyByGivingFromDirection(DirectionModule.java:93)\r\n\tat sun.reflect.NativeMethodAccessorImpl.invoke0(Native Method)\r\n\tat sun.reflect.NativeMethodAccessorImpl.invoke(NativeMethodAccessorImpl.java:62)\r\n\tat sun.reflect.DelegatingMethodAccessorImpl.invoke(DelegatingMethodAccessorImpl.java:43)\r\n\tat java.lang.reflect.Method.invoke(Method.java:498)\r\n\tat org.testng.internal.MethodInvocationHelper.invokeMethod(MethodInvocationHelper.java:104)\r\n\tat org.testng.internal.Invoker.invokeMethod(Invoker.java:645)\r\n\tat org.testng.internal.Invoker.invokeTestMethod(Invoker.java:851)\r\n\tat org.testng.internal.Invoker.invokeTestMethods(Invoker.java:1177)\r\n\tat org.testng.internal.TestMethodWorker.invokeTestMethods(TestMethodWorker.java:129)\r\n\tat org.testng.internal.TestMethodWorker.run(TestMethodWorker.java:112)\r\n\tat org.testng.TestRunner.privateRun(TestRunner.java:756)\r\n\tat org.testng.TestRunner.run(TestRunner.java:610)\r\n\tat org.testng.SuiteRunner.runTest(SuiteRunner.java:387)\r\n\tat org.testng.SuiteRunner.runSequentially(SuiteRunner.java:382)\r\n\tat org.testng.SuiteRunner.privateRun(SuiteRunner.java:340)\r\n\tat org.testng.SuiteRunner.run(SuiteRunner.java:289)\r\n\tat org.testng.SuiteRunnerWorker.runSuite(SuiteRunnerWorker.java:52)\r\n\tat org.testng.SuiteRunnerWorker.run(SuiteRunnerWorker.java:86)\r\n\tat org.testng.TestNG.runSuitesSequentially(TestNG.java:1293)\r\n\tat org.testng.TestNG.runSuitesLocally(TestNG.java:1218)\r\n\tat org.testng.TestNG.runSuites(TestNG.java:1133)\r\n\tat org.testng.TestNG.run(TestNG.java:1104)\r\n\tat org.apache.maven.surefire.testng.TestNGExecutor.run(TestNGExecutor.java:293)\r\n\tat org.apache.maven.surefire.testng.TestNGXmlTestSuite.execute(TestNGXmlTestSuite.java:84)\r\n\tat org.apache.maven.surefire.testng.TestNGProvider.invoke(TestNGProvider.java:91)\r\n\tat org.apache.maven.surefire.booter.ForkedBooter.invokeProviderInSameClassLoader(ForkedBooter.java:200)\r\n\tat org.apache.maven.surefire.booter.ForkedBooter.runSuitesInProcess(ForkedBooter.java:153)\r\n\tat org.apache.maven.surefire.booter.ForkedBooter.main(ForkedBooter.java:103)\r\n"
    },
    {
      "suite": "Test Suit",
      "test": "ChromeTest",
      "packageInfo": "com.mapsnq.assignment.ws",
      "className": "DirectionModule",
      "methodName": "TestToCheckOnlyByGivingToDirection",
      "status": "Failed",
      "startTime": "2019-02-17T12:04:42.314+05:30",
      "endTime": "2019-02-17T12:04:43.098+05:30",
      "description": " Test to Alert for window based pop if only \u0027to Direction\u0027 is given",
      "exception": "class java.lang.AssertionError:expected [true] but found [false]",
      "stacktrace": "java.lang.AssertionError: expected [true] but found [false]\r\n\tat org.testng.Assert.fail(Assert.java:94)\r\n\tat org.testng.Assert.failNotEquals(Assert.java:513)\r\n\tat org.testng.Assert.assertTrue(Assert.java:42)\r\n\tat org.testng.Assert.assertTrue(Assert.java:52)\r\n\tat com.mapsnq.assignment.ws.DirectionModule.TestToCheckOnlyByGivingToDirection(DirectionModule.java:83)\r\n\tat sun.reflect.NativeMethodAccessorImpl.invoke0(Native Method)\r\n\tat sun.reflect.NativeMethodAccessorImpl.invoke(NativeMethodAccessorImpl.java:62)\r\n\tat sun.reflect.DelegatingMethodAccessorImpl.invoke(DelegatingMethodAccessorImpl.java:43)\r\n\tat java.lang.reflect.Method.invoke(Method.java:498)\r\n\tat org.testng.internal.MethodInvocationHelper.invokeMethod(MethodInvocationHelper.java:104)\r\n\tat org.testng.internal.Invoker.invokeMethod(Invoker.java:645)\r\n\tat org.testng.internal.Invoker.invokeTestMethod(Invoker.java:851)\r\n\tat org.testng.internal.Invoker.invokeTestMethods(Invoker.java:1177)\r\n\tat org.testng.internal.TestMethodWorker.invokeTestMethods(TestMethodWorker.java:129)\r\n\tat org.testng.internal.TestMethodWorker.run(TestMethodWorker.java:112)\r\n\tat org.testng.TestRunner.privateRun(TestRunner.java:756)\r\n\tat org.testng.TestRunner.run(TestRunner.java:610)\r\n\tat org.testng.SuiteRunner.runTest(SuiteRunner.java:387)\r\n\tat org.testng.SuiteRunner.runSequentially(SuiteRunner.java:382)\r\n\tat org.testng.SuiteRunner.privateRun(SuiteRunner.java:340)\r\n\tat org.testng.SuiteRunner.run(SuiteRunner.java:289)\r\n\tat org.testng.SuiteRunnerWorker.runSuite(SuiteRunnerWorker.java:52)\r\n\tat org.testng.SuiteRunnerWorker.run(SuiteRunnerWorker.java:86)\r\n\tat org.testng.TestNG.runSuitesSequentially(TestNG.java:1293)\r\n\tat org.testng.TestNG.runSuitesLocally(TestNG.java:1218)\r\n\tat org.testng.TestNG.runSuites(TestNG.java:1133)\r\n\tat org.testng.TestNG.run(TestNG.java:1104)\r\n\tat org.apache.maven.surefire.testng.TestNGExecutor.run(TestNGExecutor.java:293)\r\n\tat org.apache.maven.surefire.testng.TestNGXmlTestSuite.execute(TestNGXmlTestSuite.java:84)\r\n\tat org.apache.maven.surefire.testng.TestNGProvider.invoke(TestNGProvider.java:91)\r\n\tat org.apache.maven.surefire.booter.ForkedBooter.invokeProviderInSameClassLoader(ForkedBooter.java:200)\r\n\tat org.apache.maven.surefire.booter.ForkedBooter.runSuitesInProcess(ForkedBooter.java:153)\r\n\tat org.apache.maven.surefire.booter.ForkedBooter.main(ForkedBooter.java:103)\r\n"
    },
    {
      "suite": "Test Suit",
      "test": "ChromeTest",
      "packageInfo": "com.mapsnq.assignment.ws",
      "className": "DirectionModule",
      "methodName": "TestToCheckSwapOriginAndDestination",
      "status": "Skipped",
      "startTime": "2019-02-17T12:04:43.163+05:30",
      "endTime": "2019-02-17T12:04:43.168+05:30",
      "description": " Test to Swap button Origin and Destination",
      "exception": "class org.openqa.selenium.UnhandledAlertException:unexpected alert open: {Alert text : Please enter route Start and Destination.}\n  (Session info: chrome\u003d72.0.3626.109)\n  (Driver info: chromedriver\u003d72.0.3626.7 (efcef9a3ecda02b2132af215116a03852d08b9cb),platform\u003dWindows NT 6.1.7601 SP1 x86_64) (WARNING: The server did not provide any stacktrace information)\nCommand duration or timeout: 25 milliseconds: null\nBuild info: version: \u00272.53.1\u0027, revision: \u0027a36b8b1cd5757287168e54b817830adce9b0158d\u0027, time: \u00272016-06-30 19:26:09\u0027\nSystem info: host: \u0027LT0072540\u0027, ip: \u0027192.168.2.5\u0027, os.name: \u0027Windows 7\u0027, os.arch: \u0027amd64\u0027, os.version: \u00276.1\u0027, java.version: \u00271.8.0_101\u0027\nDriver info: org.openqa.selenium.chrome.ChromeDriver\nCapabilities [{mobileEmulationEnabled\u003dfalse, timeouts\u003d{implicit\u003d0, pageLoad\u003d300000, script\u003d30000}, hasTouchScreen\u003dfalse, platform\u003dXP, acceptSslCerts\u003dfalse, goog:chromeOptions\u003d{debuggerAddress\u003dlocalhost:51854}, acceptInsecureCerts\u003dfalse, webStorageEnabled\u003dtrue, browserName\u003dchrome, takesScreenshot\u003dtrue, javascriptEnabled\u003dtrue, setWindowRect\u003dtrue, unexpectedAlertBehaviour\u003dignore, applicationCacheEnabled\u003dfalse, rotatable\u003dfalse, networkConnectionEnabled\u003dfalse, chrome\u003d{chromedriverVersion\u003d72.0.3626.7 (efcef9a3ecda02b2132af215116a03852d08b9cb), userDataDir\u003dC:\\Users\\PRAKAS~1.ADA\\AppData\\Local\\Temp\\scoped_dir14104_32617}, takesHeapSnapshot\u003dtrue, pageLoadStrategy\u003dnormal, databaseEnabled\u003dfalse, handlesAlerts\u003dtrue, version\u003d72.0.3626.109, browserConnectionEnabled\u003dfalse, proxy\u003d{}, nativeEvents\u003dtrue, locationContextEnabled\u003dtrue, cssSelectorsEnabled\u003dtrue}]\nSession ID: a9138fd83894f1e0ad16fd02cf9fbac8",
      "stacktrace": "org.openqa.selenium.UnhandledAlertException: unexpected alert open: {Alert text : Please enter route Start and Destination.}\n  (Session info: chrome\u003d72.0.3626.109)\n  (Driver info: chromedriver\u003d72.0.3626.7 (efcef9a3ecda02b2132af215116a03852d08b9cb),platform\u003dWindows NT 6.1.7601 SP1 x86_64) (WARNING: The server did not provide any stacktrace information)\nCommand duration or timeout: 25 milliseconds: null\nBuild info: version: \u00272.53.1\u0027, revision: \u0027a36b8b1cd5757287168e54b817830adce9b0158d\u0027, time: \u00272016-06-30 19:26:09\u0027\nSystem info: host: \u0027LT0072540\u0027, ip: \u0027192.168.2.5\u0027, os.name: \u0027Windows 7\u0027, os.arch: \u0027amd64\u0027, os.version: \u00276.1\u0027, java.version: \u00271.8.0_101\u0027\nDriver info: org.openqa.selenium.chrome.ChromeDriver\nCapabilities [{mobileEmulationEnabled\u003dfalse, timeouts\u003d{implicit\u003d0, pageLoad\u003d300000, script\u003d30000}, hasTouchScreen\u003dfalse, platform\u003dXP, acceptSslCerts\u003dfalse, goog:chromeOptions\u003d{debuggerAddress\u003dlocalhost:51854}, acceptInsecureCerts\u003dfalse, webStorageEnabled\u003dtrue, browserName\u003dchrome, takesScreenshot\u003dtrue, javascriptEnabled\u003dtrue, setWindowRect\u003dtrue, unexpectedAlertBehaviour\u003dignore, applicationCacheEnabled\u003dfalse, rotatable\u003dfalse, networkConnectionEnabled\u003dfalse, chrome\u003d{chromedriverVersion\u003d72.0.3626.7 (efcef9a3ecda02b2132af215116a03852d08b9cb), userDataDir\u003dC:\\Users\\PRAKAS~1.ADA\\AppData\\Local\\Temp\\scoped_dir14104_32617}, takesHeapSnapshot\u003dtrue, pageLoadStrategy\u003dnormal, databaseEnabled\u003dfalse, handlesAlerts\u003dtrue, version\u003d72.0.3626.109, browserConnectionEnabled\u003dfalse, proxy\u003d{}, nativeEvents\u003dtrue, locationContextEnabled\u003dtrue, cssSelectorsEnabled\u003dtrue}]\nSession ID: a9138fd83894f1e0ad16fd02cf9fbac8\r\n\tat sun.reflect.NativeConstructorAccessorImpl.newInstance0(Native Method)\r\n\tat sun.reflect.NativeConstructorAccessorImpl.newInstance(NativeConstructorAccessorImpl.java:62)\r\n\tat sun.reflect.DelegatingConstructorAccessorImpl.newInstance(DelegatingConstructorAccessorImpl.java:45)\r\n\tat java.lang.reflect.Constructor.newInstance(Constructor.java:423)\r\n\tat org.openqa.selenium.remote.ErrorHandler.createThrowable(ErrorHandler.java:206)\r\n\tat org.openqa.selenium.remote.ErrorHandler.throwIfResponseFailed(ErrorHandler.java:164)\r\n\tat org.openqa.selenium.remote.RemoteWebDriver.execute(RemoteWebDriver.java:678)\r\n\tat org.openqa.selenium.remote.RemoteWebDriver.execute(RemoteWebDriver.java:701)\r\n\tat org.openqa.selenium.remote.RemoteWebDriver.getScreenshotAs(RemoteWebDriver.java:335)\r\n\tat commapsnq.assignment.test.utility.ScreenShot.getScreenshot(ScreenShot.java:17)\r\n\tat commapsnq.assignment.test.utility.WebBaseTest2.tearDown(WebBaseTest2.java:110)\r\n\tat sun.reflect.NativeMethodAccessorImpl.invoke0(Native Method)\r\n\tat sun.reflect.NativeMethodAccessorImpl.invoke(NativeMethodAccessorImpl.java:62)\r\n\tat sun.reflect.DelegatingMethodAccessorImpl.invoke(DelegatingMethodAccessorImpl.java:43)\r\n\tat java.lang.reflect.Method.invoke(Method.java:498)\r\n\tat org.testng.internal.MethodInvocationHelper.invokeMethod(MethodInvocationHelper.java:104)\r\n\tat org.testng.internal.Invoker.invokeConfigurationMethod(Invoker.java:515)\r\n\tat org.testng.internal.Invoker.invokeConfigurations(Invoker.java:217)\r\n\tat org.testng.internal.Invoker.invokeMethod(Invoker.java:712)\r\n\tat org.testng.internal.Invoker.invokeTestMethod(Invoker.java:851)\r\n\tat org.testng.internal.Invoker.invokeTestMethods(Invoker.java:1177)\r\n\tat org.testng.internal.TestMethodWorker.invokeTestMethods(TestMethodWorker.java:129)\r\n\tat org.testng.internal.TestMethodWorker.run(TestMethodWorker.java:112)\r\n\tat org.testng.TestRunner.privateRun(TestRunner.java:756)\r\n\tat org.testng.TestRunner.run(TestRunner.java:610)\r\n\tat org.testng.SuiteRunner.runTest(SuiteRunner.java:387)\r\n\tat org.testng.SuiteRunner.runSequentially(SuiteRunner.java:382)\r\n\tat org.testng.SuiteRunner.privateRun(SuiteRunner.java:340)\r\n\tat org.testng.SuiteRunner.run(SuiteRunner.java:289)\r\n\tat org.testng.SuiteRunnerWorker.runSuite(SuiteRunnerWorker.java:52)\r\n\tat org.testng.SuiteRunnerWorker.run(SuiteRunnerWorker.java:86)\r\n\tat org.testng.TestNG.runSuitesSequentially(TestNG.java:1293)\r\n\tat org.testng.TestNG.runSuitesLocally(TestNG.java:1218)\r\n\tat org.testng.TestNG.runSuites(TestNG.java:1133)\r\n\tat org.testng.TestNG.run(TestNG.java:1104)\r\n\tat org.apache.maven.surefire.testng.TestNGExecutor.run(TestNGExecutor.java:293)\r\n\tat org.apache.maven.surefire.testng.TestNGXmlTestSuite.execute(TestNGXmlTestSuite.java:84)\r\n\tat org.apache.maven.surefire.testng.TestNGProvider.invoke(TestNGProvider.java:91)\r\n\tat org.apache.maven.surefire.booter.ForkedBooter.invokeProviderInSameClassLoader(ForkedBooter.java:200)\r\n\tat org.apache.maven.surefire.booter.ForkedBooter.runSuitesInProcess(ForkedBooter.java:153)\r\n\tat org.apache.maven.surefire.booter.ForkedBooter.main(ForkedBooter.java:103)\r\n"
    },
    {
      "suite": "Test Suit",
      "test": "ChromeTest",
      "packageInfo": "com.mapsnq.assignment.ws",
      "className": "DirectionModule",
      "methodName": "TestToClickOnlyDirectionButton",
      "status": "Skipped",
      "startTime": "2019-02-17T12:04:43.178+05:30",
      "endTime": "2019-02-17T12:04:43.183+05:30",
      "description": " Test to Alert for window based popu if only Get Direction button is clicked",
      "exception": "class org.openqa.selenium.UnhandledAlertException:unexpected alert open: {Alert text : Please enter route Start and Destination.}\n  (Session info: chrome\u003d72.0.3626.109)\n  (Driver info: chromedriver\u003d72.0.3626.7 (efcef9a3ecda02b2132af215116a03852d08b9cb),platform\u003dWindows NT 6.1.7601 SP1 x86_64) (WARNING: The server did not provide any stacktrace information)\nCommand duration or timeout: 25 milliseconds: null\nBuild info: version: \u00272.53.1\u0027, revision: \u0027a36b8b1cd5757287168e54b817830adce9b0158d\u0027, time: \u00272016-06-30 19:26:09\u0027\nSystem info: host: \u0027LT0072540\u0027, ip: \u0027192.168.2.5\u0027, os.name: \u0027Windows 7\u0027, os.arch: \u0027amd64\u0027, os.version: \u00276.1\u0027, java.version: \u00271.8.0_101\u0027\nDriver info: org.openqa.selenium.chrome.ChromeDriver\nCapabilities [{mobileEmulationEnabled\u003dfalse, timeouts\u003d{implicit\u003d0, pageLoad\u003d300000, script\u003d30000}, hasTouchScreen\u003dfalse, platform\u003dXP, acceptSslCerts\u003dfalse, goog:chromeOptions\u003d{debuggerAddress\u003dlocalhost:51854}, acceptInsecureCerts\u003dfalse, webStorageEnabled\u003dtrue, browserName\u003dchrome, takesScreenshot\u003dtrue, javascriptEnabled\u003dtrue, setWindowRect\u003dtrue, unexpectedAlertBehaviour\u003dignore, applicationCacheEnabled\u003dfalse, rotatable\u003dfalse, networkConnectionEnabled\u003dfalse, chrome\u003d{chromedriverVersion\u003d72.0.3626.7 (efcef9a3ecda02b2132af215116a03852d08b9cb), userDataDir\u003dC:\\Users\\PRAKAS~1.ADA\\AppData\\Local\\Temp\\scoped_dir14104_32617}, takesHeapSnapshot\u003dtrue, pageLoadStrategy\u003dnormal, databaseEnabled\u003dfalse, handlesAlerts\u003dtrue, version\u003d72.0.3626.109, browserConnectionEnabled\u003dfalse, proxy\u003d{}, nativeEvents\u003dtrue, locationContextEnabled\u003dtrue, cssSelectorsEnabled\u003dtrue}]\nSession ID: a9138fd83894f1e0ad16fd02cf9fbac8",
      "stacktrace": "org.openqa.selenium.UnhandledAlertException: unexpected alert open: {Alert text : Please enter route Start and Destination.}\n  (Session info: chrome\u003d72.0.3626.109)\n  (Driver info: chromedriver\u003d72.0.3626.7 (efcef9a3ecda02b2132af215116a03852d08b9cb),platform\u003dWindows NT 6.1.7601 SP1 x86_64) (WARNING: The server did not provide any stacktrace information)\nCommand duration or timeout: 25 milliseconds: null\nBuild info: version: \u00272.53.1\u0027, revision: \u0027a36b8b1cd5757287168e54b817830adce9b0158d\u0027, time: \u00272016-06-30 19:26:09\u0027\nSystem info: host: \u0027LT0072540\u0027, ip: \u0027192.168.2.5\u0027, os.name: \u0027Windows 7\u0027, os.arch: \u0027amd64\u0027, os.version: \u00276.1\u0027, java.version: \u00271.8.0_101\u0027\nDriver info: org.openqa.selenium.chrome.ChromeDriver\nCapabilities [{mobileEmulationEnabled\u003dfalse, timeouts\u003d{implicit\u003d0, pageLoad\u003d300000, script\u003d30000}, hasTouchScreen\u003dfalse, platform\u003dXP, acceptSslCerts\u003dfalse, goog:chromeOptions\u003d{debuggerAddress\u003dlocalhost:51854}, acceptInsecureCerts\u003dfalse, webStorageEnabled\u003dtrue, browserName\u003dchrome, takesScreenshot\u003dtrue, javascriptEnabled\u003dtrue, setWindowRect\u003dtrue, unexpectedAlertBehaviour\u003dignore, applicationCacheEnabled\u003dfalse, rotatable\u003dfalse, networkConnectionEnabled\u003dfalse, chrome\u003d{chromedriverVersion\u003d72.0.3626.7 (efcef9a3ecda02b2132af215116a03852d08b9cb), userDataDir\u003dC:\\Users\\PRAKAS~1.ADA\\AppData\\Local\\Temp\\scoped_dir14104_32617}, takesHeapSnapshot\u003dtrue, pageLoadStrategy\u003dnormal, databaseEnabled\u003dfalse, handlesAlerts\u003dtrue, version\u003d72.0.3626.109, browserConnectionEnabled\u003dfalse, proxy\u003d{}, nativeEvents\u003dtrue, locationContextEnabled\u003dtrue, cssSelectorsEnabled\u003dtrue}]\nSession ID: a9138fd83894f1e0ad16fd02cf9fbac8\r\n\tat sun.reflect.NativeConstructorAccessorImpl.newInstance0(Native Method)\r\n\tat sun.reflect.NativeConstructorAccessorImpl.newInstance(NativeConstructorAccessorImpl.java:62)\r\n\tat sun.reflect.DelegatingConstructorAccessorImpl.newInstance(DelegatingConstructorAccessorImpl.java:45)\r\n\tat java.lang.reflect.Constructor.newInstance(Constructor.java:423)\r\n\tat org.openqa.selenium.remote.ErrorHandler.createThrowable(ErrorHandler.java:206)\r\n\tat org.openqa.selenium.remote.ErrorHandler.throwIfResponseFailed(ErrorHandler.java:164)\r\n\tat org.openqa.selenium.remote.RemoteWebDriver.execute(RemoteWebDriver.java:678)\r\n\tat org.openqa.selenium.remote.RemoteWebDriver.execute(RemoteWebDriver.java:701)\r\n\tat org.openqa.selenium.remote.RemoteWebDriver.getScreenshotAs(RemoteWebDriver.java:335)\r\n\tat commapsnq.assignment.test.utility.ScreenShot.getScreenshot(ScreenShot.java:17)\r\n\tat commapsnq.assignment.test.utility.WebBaseTest2.tearDown(WebBaseTest2.java:110)\r\n\tat sun.reflect.NativeMethodAccessorImpl.invoke0(Native Method)\r\n\tat sun.reflect.NativeMethodAccessorImpl.invoke(NativeMethodAccessorImpl.java:62)\r\n\tat sun.reflect.DelegatingMethodAccessorImpl.invoke(DelegatingMethodAccessorImpl.java:43)\r\n\tat java.lang.reflect.Method.invoke(Method.java:498)\r\n\tat org.testng.internal.MethodInvocationHelper.invokeMethod(MethodInvocationHelper.java:104)\r\n\tat org.testng.internal.Invoker.invokeConfigurationMethod(Invoker.java:515)\r\n\tat org.testng.internal.Invoker.invokeConfigurations(Invoker.java:217)\r\n\tat org.testng.internal.Invoker.invokeMethod(Invoker.java:712)\r\n\tat org.testng.internal.Invoker.invokeTestMethod(Invoker.java:851)\r\n\tat org.testng.internal.Invoker.invokeTestMethods(Invoker.java:1177)\r\n\tat org.testng.internal.TestMethodWorker.invokeTestMethods(TestMethodWorker.java:129)\r\n\tat org.testng.internal.TestMethodWorker.run(TestMethodWorker.java:112)\r\n\tat org.testng.TestRunner.privateRun(TestRunner.java:756)\r\n\tat org.testng.TestRunner.run(TestRunner.java:610)\r\n\tat org.testng.SuiteRunner.runTest(SuiteRunner.java:387)\r\n\tat org.testng.SuiteRunner.runSequentially(SuiteRunner.java:382)\r\n\tat org.testng.SuiteRunner.privateRun(SuiteRunner.java:340)\r\n\tat org.testng.SuiteRunner.run(SuiteRunner.java:289)\r\n\tat org.testng.SuiteRunnerWorker.runSuite(SuiteRunnerWorker.java:52)\r\n\tat org.testng.SuiteRunnerWorker.run(SuiteRunnerWorker.java:86)\r\n\tat org.testng.TestNG.runSuitesSequentially(TestNG.java:1293)\r\n\tat org.testng.TestNG.runSuitesLocally(TestNG.java:1218)\r\n\tat org.testng.TestNG.runSuites(TestNG.java:1133)\r\n\tat org.testng.TestNG.run(TestNG.java:1104)\r\n\tat org.apache.maven.surefire.testng.TestNGExecutor.run(TestNGExecutor.java:293)\r\n\tat org.apache.maven.surefire.testng.TestNGXmlTestSuite.execute(TestNGXmlTestSuite.java:84)\r\n\tat org.apache.maven.surefire.testng.TestNGProvider.invoke(TestNGProvider.java:91)\r\n\tat org.apache.maven.surefire.booter.ForkedBooter.invokeProviderInSameClassLoader(ForkedBooter.java:200)\r\n\tat org.apache.maven.surefire.booter.ForkedBooter.runSuitesInProcess(ForkedBooter.java:153)\r\n\tat org.apache.maven.surefire.booter.ForkedBooter.main(ForkedBooter.java:103)\r\n"
    },
    {
      "suite": "Test Suit",
      "test": "ChromeTest",
      "packageInfo": "com.mapsnq.assignment.ws",
      "className": "DirectionModule",
      "methodName": "TestToFatestDirection",
      "status": "Skipped",
      "startTime": "2019-02-17T12:04:43.193+05:30",
      "endTime": "2019-02-17T12:04:43.196+05:30",
      "description": " Test to check fastest route between source and destination",
      "exception": "class org.openqa.selenium.UnhandledAlertException:unexpected alert open: {Alert text : Please enter route Start and Destination.}\n  (Session info: chrome\u003d72.0.3626.109)\n  (Driver info: chromedriver\u003d72.0.3626.7 (efcef9a3ecda02b2132af215116a03852d08b9cb),platform\u003dWindows NT 6.1.7601 SP1 x86_64) (WARNING: The server did not provide any stacktrace information)\nCommand duration or timeout: 25 milliseconds: null\nBuild info: version: \u00272.53.1\u0027, revision: \u0027a36b8b1cd5757287168e54b817830adce9b0158d\u0027, time: \u00272016-06-30 19:26:09\u0027\nSystem info: host: \u0027LT0072540\u0027, ip: \u0027192.168.2.5\u0027, os.name: \u0027Windows 7\u0027, os.arch: \u0027amd64\u0027, os.version: \u00276.1\u0027, java.version: \u00271.8.0_101\u0027\nDriver info: org.openqa.selenium.chrome.ChromeDriver\nCapabilities [{mobileEmulationEnabled\u003dfalse, timeouts\u003d{implicit\u003d0, pageLoad\u003d300000, script\u003d30000}, hasTouchScreen\u003dfalse, platform\u003dXP, acceptSslCerts\u003dfalse, goog:chromeOptions\u003d{debuggerAddress\u003dlocalhost:51854}, acceptInsecureCerts\u003dfalse, webStorageEnabled\u003dtrue, browserName\u003dchrome, takesScreenshot\u003dtrue, javascriptEnabled\u003dtrue, setWindowRect\u003dtrue, unexpectedAlertBehaviour\u003dignore, applicationCacheEnabled\u003dfalse, rotatable\u003dfalse, networkConnectionEnabled\u003dfalse, chrome\u003d{chromedriverVersion\u003d72.0.3626.7 (efcef9a3ecda02b2132af215116a03852d08b9cb), userDataDir\u003dC:\\Users\\PRAKAS~1.ADA\\AppData\\Local\\Temp\\scoped_dir14104_32617}, takesHeapSnapshot\u003dtrue, pageLoadStrategy\u003dnormal, databaseEnabled\u003dfalse, handlesAlerts\u003dtrue, version\u003d72.0.3626.109, browserConnectionEnabled\u003dfalse, proxy\u003d{}, nativeEvents\u003dtrue, locationContextEnabled\u003dtrue, cssSelectorsEnabled\u003dtrue}]\nSession ID: a9138fd83894f1e0ad16fd02cf9fbac8",
      "stacktrace": "org.openqa.selenium.UnhandledAlertException: unexpected alert open: {Alert text : Please enter route Start and Destination.}\n  (Session info: chrome\u003d72.0.3626.109)\n  (Driver info: chromedriver\u003d72.0.3626.7 (efcef9a3ecda02b2132af215116a03852d08b9cb),platform\u003dWindows NT 6.1.7601 SP1 x86_64) (WARNING: The server did not provide any stacktrace information)\nCommand duration or timeout: 25 milliseconds: null\nBuild info: version: \u00272.53.1\u0027, revision: \u0027a36b8b1cd5757287168e54b817830adce9b0158d\u0027, time: \u00272016-06-30 19:26:09\u0027\nSystem info: host: \u0027LT0072540\u0027, ip: \u0027192.168.2.5\u0027, os.name: \u0027Windows 7\u0027, os.arch: \u0027amd64\u0027, os.version: \u00276.1\u0027, java.version: \u00271.8.0_101\u0027\nDriver info: org.openqa.selenium.chrome.ChromeDriver\nCapabilities [{mobileEmulationEnabled\u003dfalse, timeouts\u003d{implicit\u003d0, pageLoad\u003d300000, script\u003d30000}, hasTouchScreen\u003dfalse, platform\u003dXP, acceptSslCerts\u003dfalse, goog:chromeOptions\u003d{debuggerAddress\u003dlocalhost:51854}, acceptInsecureCerts\u003dfalse, webStorageEnabled\u003dtrue, browserName\u003dchrome, takesScreenshot\u003dtrue, javascriptEnabled\u003dtrue, setWindowRect\u003dtrue, unexpectedAlertBehaviour\u003dignore, applicationCacheEnabled\u003dfalse, rotatable\u003dfalse, networkConnectionEnabled\u003dfalse, chrome\u003d{chromedriverVersion\u003d72.0.3626.7 (efcef9a3ecda02b2132af215116a03852d08b9cb), userDataDir\u003dC:\\Users\\PRAKAS~1.ADA\\AppData\\Local\\Temp\\scoped_dir14104_32617}, takesHeapSnapshot\u003dtrue, pageLoadStrategy\u003dnormal, databaseEnabled\u003dfalse, handlesAlerts\u003dtrue, version\u003d72.0.3626.109, browserConnectionEnabled\u003dfalse, proxy\u003d{}, nativeEvents\u003dtrue, locationContextEnabled\u003dtrue, cssSelectorsEnabled\u003dtrue}]\nSession ID: a9138fd83894f1e0ad16fd02cf9fbac8\r\n\tat sun.reflect.NativeConstructorAccessorImpl.newInstance0(Native Method)\r\n\tat sun.reflect.NativeConstructorAccessorImpl.newInstance(NativeConstructorAccessorImpl.java:62)\r\n\tat sun.reflect.DelegatingConstructorAccessorImpl.newInstance(DelegatingConstructorAccessorImpl.java:45)\r\n\tat java.lang.reflect.Constructor.newInstance(Constructor.java:423)\r\n\tat org.openqa.selenium.remote.ErrorHandler.createThrowable(ErrorHandler.java:206)\r\n\tat org.openqa.selenium.remote.ErrorHandler.throwIfResponseFailed(ErrorHandler.java:164)\r\n\tat org.openqa.selenium.remote.RemoteWebDriver.execute(RemoteWebDriver.java:678)\r\n\tat org.openqa.selenium.remote.RemoteWebDriver.execute(RemoteWebDriver.java:701)\r\n\tat org.openqa.selenium.remote.RemoteWebDriver.getScreenshotAs(RemoteWebDriver.java:335)\r\n\tat commapsnq.assignment.test.utility.ScreenShot.getScreenshot(ScreenShot.java:17)\r\n\tat commapsnq.assignment.test.utility.WebBaseTest2.tearDown(WebBaseTest2.java:110)\r\n\tat sun.reflect.NativeMethodAccessorImpl.invoke0(Native Method)\r\n\tat sun.reflect.NativeMethodAccessorImpl.invoke(NativeMethodAccessorImpl.java:62)\r\n\tat sun.reflect.DelegatingMethodAccessorImpl.invoke(DelegatingMethodAccessorImpl.java:43)\r\n\tat java.lang.reflect.Method.invoke(Method.java:498)\r\n\tat org.testng.internal.MethodInvocationHelper.invokeMethod(MethodInvocationHelper.java:104)\r\n\tat org.testng.internal.Invoker.invokeConfigurationMethod(Invoker.java:515)\r\n\tat org.testng.internal.Invoker.invokeConfigurations(Invoker.java:217)\r\n\tat org.testng.internal.Invoker.invokeMethod(Invoker.java:712)\r\n\tat org.testng.internal.Invoker.invokeTestMethod(Invoker.java:851)\r\n\tat org.testng.internal.Invoker.invokeTestMethods(Invoker.java:1177)\r\n\tat org.testng.internal.TestMethodWorker.invokeTestMethods(TestMethodWorker.java:129)\r\n\tat org.testng.internal.TestMethodWorker.run(TestMethodWorker.java:112)\r\n\tat org.testng.TestRunner.privateRun(TestRunner.java:756)\r\n\tat org.testng.TestRunner.run(TestRunner.java:610)\r\n\tat org.testng.SuiteRunner.runTest(SuiteRunner.java:387)\r\n\tat org.testng.SuiteRunner.runSequentially(SuiteRunner.java:382)\r\n\tat org.testng.SuiteRunner.privateRun(SuiteRunner.java:340)\r\n\tat org.testng.SuiteRunner.run(SuiteRunner.java:289)\r\n\tat org.testng.SuiteRunnerWorker.runSuite(SuiteRunnerWorker.java:52)\r\n\tat org.testng.SuiteRunnerWorker.run(SuiteRunnerWorker.java:86)\r\n\tat org.testng.TestNG.runSuitesSequentially(TestNG.java:1293)\r\n\tat org.testng.TestNG.runSuitesLocally(TestNG.java:1218)\r\n\tat org.testng.TestNG.runSuites(TestNG.java:1133)\r\n\tat org.testng.TestNG.run(TestNG.java:1104)\r\n\tat org.apache.maven.surefire.testng.TestNGExecutor.run(TestNGExecutor.java:293)\r\n\tat org.apache.maven.surefire.testng.TestNGXmlTestSuite.execute(TestNGXmlTestSuite.java:84)\r\n\tat org.apache.maven.surefire.testng.TestNGProvider.invoke(TestNGProvider.java:91)\r\n\tat org.apache.maven.surefire.booter.ForkedBooter.invokeProviderInSameClassLoader(ForkedBooter.java:200)\r\n\tat org.apache.maven.surefire.booter.ForkedBooter.runSuitesInProcess(ForkedBooter.java:153)\r\n\tat org.apache.maven.surefire.booter.ForkedBooter.main(ForkedBooter.java:103)\r\n"
    },
    {
      "suite": "Test Suit",
      "test": "ChromeTest",
      "packageInfo": "com.mapsnq.assignment.ws",
      "className": "DirectionModule",
      "methodName": "TestToTollAwareDirection",
      "status": "Skipped",
      "startTime": "2019-02-17T12:04:43.206+05:30",
      "endTime": "2019-02-17T12:04:43.208+05:30",
      "description": " Test to check Toll Aware route between source and destination",
      "exception": "class org.openqa.selenium.UnhandledAlertException:unexpected alert open: {Alert text : Please enter route Start and Destination.}\n  (Session info: chrome\u003d72.0.3626.109)\n  (Driver info: chromedriver\u003d72.0.3626.7 (efcef9a3ecda02b2132af215116a03852d08b9cb),platform\u003dWindows NT 6.1.7601 SP1 x86_64) (WARNING: The server did not provide any stacktrace information)\nCommand duration or timeout: 25 milliseconds: null\nBuild info: version: \u00272.53.1\u0027, revision: \u0027a36b8b1cd5757287168e54b817830adce9b0158d\u0027, time: \u00272016-06-30 19:26:09\u0027\nSystem info: host: \u0027LT0072540\u0027, ip: \u0027192.168.2.5\u0027, os.name: \u0027Windows 7\u0027, os.arch: \u0027amd64\u0027, os.version: \u00276.1\u0027, java.version: \u00271.8.0_101\u0027\nDriver info: org.openqa.selenium.chrome.ChromeDriver\nCapabilities [{mobileEmulationEnabled\u003dfalse, timeouts\u003d{implicit\u003d0, pageLoad\u003d300000, script\u003d30000}, hasTouchScreen\u003dfalse, platform\u003dXP, acceptSslCerts\u003dfalse, goog:chromeOptions\u003d{debuggerAddress\u003dlocalhost:51854}, acceptInsecureCerts\u003dfalse, webStorageEnabled\u003dtrue, browserName\u003dchrome, takesScreenshot\u003dtrue, javascriptEnabled\u003dtrue, setWindowRect\u003dtrue, unexpectedAlertBehaviour\u003dignore, applicationCacheEnabled\u003dfalse, rotatable\u003dfalse, networkConnectionEnabled\u003dfalse, chrome\u003d{chromedriverVersion\u003d72.0.3626.7 (efcef9a3ecda02b2132af215116a03852d08b9cb), userDataDir\u003dC:\\Users\\PRAKAS~1.ADA\\AppData\\Local\\Temp\\scoped_dir14104_32617}, takesHeapSnapshot\u003dtrue, pageLoadStrategy\u003dnormal, databaseEnabled\u003dfalse, handlesAlerts\u003dtrue, version\u003d72.0.3626.109, browserConnectionEnabled\u003dfalse, proxy\u003d{}, nativeEvents\u003dtrue, locationContextEnabled\u003dtrue, cssSelectorsEnabled\u003dtrue}]\nSession ID: a9138fd83894f1e0ad16fd02cf9fbac8",
      "stacktrace": "org.openqa.selenium.UnhandledAlertException: unexpected alert open: {Alert text : Please enter route Start and Destination.}\n  (Session info: chrome\u003d72.0.3626.109)\n  (Driver info: chromedriver\u003d72.0.3626.7 (efcef9a3ecda02b2132af215116a03852d08b9cb),platform\u003dWindows NT 6.1.7601 SP1 x86_64) (WARNING: The server did not provide any stacktrace information)\nCommand duration or timeout: 25 milliseconds: null\nBuild info: version: \u00272.53.1\u0027, revision: \u0027a36b8b1cd5757287168e54b817830adce9b0158d\u0027, time: \u00272016-06-30 19:26:09\u0027\nSystem info: host: \u0027LT0072540\u0027, ip: \u0027192.168.2.5\u0027, os.name: \u0027Windows 7\u0027, os.arch: \u0027amd64\u0027, os.version: \u00276.1\u0027, java.version: \u00271.8.0_101\u0027\nDriver info: org.openqa.selenium.chrome.ChromeDriver\nCapabilities [{mobileEmulationEnabled\u003dfalse, timeouts\u003d{implicit\u003d0, pageLoad\u003d300000, script\u003d30000}, hasTouchScreen\u003dfalse, platform\u003dXP, acceptSslCerts\u003dfalse, goog:chromeOptions\u003d{debuggerAddress\u003dlocalhost:51854}, acceptInsecureCerts\u003dfalse, webStorageEnabled\u003dtrue, browserName\u003dchrome, takesScreenshot\u003dtrue, javascriptEnabled\u003dtrue, setWindowRect\u003dtrue, unexpectedAlertBehaviour\u003dignore, applicationCacheEnabled\u003dfalse, rotatable\u003dfalse, networkConnectionEnabled\u003dfalse, chrome\u003d{chromedriverVersion\u003d72.0.3626.7 (efcef9a3ecda02b2132af215116a03852d08b9cb), userDataDir\u003dC:\\Users\\PRAKAS~1.ADA\\AppData\\Local\\Temp\\scoped_dir14104_32617}, takesHeapSnapshot\u003dtrue, pageLoadStrategy\u003dnormal, databaseEnabled\u003dfalse, handlesAlerts\u003dtrue, version\u003d72.0.3626.109, browserConnectionEnabled\u003dfalse, proxy\u003d{}, nativeEvents\u003dtrue, locationContextEnabled\u003dtrue, cssSelectorsEnabled\u003dtrue}]\nSession ID: a9138fd83894f1e0ad16fd02cf9fbac8\r\n\tat sun.reflect.NativeConstructorAccessorImpl.newInstance0(Native Method)\r\n\tat sun.reflect.NativeConstructorAccessorImpl.newInstance(NativeConstructorAccessorImpl.java:62)\r\n\tat sun.reflect.DelegatingConstructorAccessorImpl.newInstance(DelegatingConstructorAccessorImpl.java:45)\r\n\tat java.lang.reflect.Constructor.newInstance(Constructor.java:423)\r\n\tat org.openqa.selenium.remote.ErrorHandler.createThrowable(ErrorHandler.java:206)\r\n\tat org.openqa.selenium.remote.ErrorHandler.throwIfResponseFailed(ErrorHandler.java:164)\r\n\tat org.openqa.selenium.remote.RemoteWebDriver.execute(RemoteWebDriver.java:678)\r\n\tat org.openqa.selenium.remote.RemoteWebDriver.execute(RemoteWebDriver.java:701)\r\n\tat org.openqa.selenium.remote.RemoteWebDriver.getScreenshotAs(RemoteWebDriver.java:335)\r\n\tat commapsnq.assignment.test.utility.ScreenShot.getScreenshot(ScreenShot.java:17)\r\n\tat commapsnq.assignment.test.utility.WebBaseTest2.tearDown(WebBaseTest2.java:110)\r\n\tat sun.reflect.NativeMethodAccessorImpl.invoke0(Native Method)\r\n\tat sun.reflect.NativeMethodAccessorImpl.invoke(NativeMethodAccessorImpl.java:62)\r\n\tat sun.reflect.DelegatingMethodAccessorImpl.invoke(DelegatingMethodAccessorImpl.java:43)\r\n\tat java.lang.reflect.Method.invoke(Method.java:498)\r\n\tat org.testng.internal.MethodInvocationHelper.invokeMethod(MethodInvocationHelper.java:104)\r\n\tat org.testng.internal.Invoker.invokeConfigurationMethod(Invoker.java:515)\r\n\tat org.testng.internal.Invoker.invokeConfigurations(Invoker.java:217)\r\n\tat org.testng.internal.Invoker.invokeMethod(Invoker.java:712)\r\n\tat org.testng.internal.Invoker.invokeTestMethod(Invoker.java:851)\r\n\tat org.testng.internal.Invoker.invokeTestMethods(Invoker.java:1177)\r\n\tat org.testng.internal.TestMethodWorker.invokeTestMethods(TestMethodWorker.java:129)\r\n\tat org.testng.internal.TestMethodWorker.run(TestMethodWorker.java:112)\r\n\tat org.testng.TestRunner.privateRun(TestRunner.java:756)\r\n\tat org.testng.TestRunner.run(TestRunner.java:610)\r\n\tat org.testng.SuiteRunner.runTest(SuiteRunner.java:387)\r\n\tat org.testng.SuiteRunner.runSequentially(SuiteRunner.java:382)\r\n\tat org.testng.SuiteRunner.privateRun(SuiteRunner.java:340)\r\n\tat org.testng.SuiteRunner.run(SuiteRunner.java:289)\r\n\tat org.testng.SuiteRunnerWorker.runSuite(SuiteRunnerWorker.java:52)\r\n\tat org.testng.SuiteRunnerWorker.run(SuiteRunnerWorker.java:86)\r\n\tat org.testng.TestNG.runSuitesSequentially(TestNG.java:1293)\r\n\tat org.testng.TestNG.runSuitesLocally(TestNG.java:1218)\r\n\tat org.testng.TestNG.runSuites(TestNG.java:1133)\r\n\tat org.testng.TestNG.run(TestNG.java:1104)\r\n\tat org.apache.maven.surefire.testng.TestNGExecutor.run(TestNGExecutor.java:293)\r\n\tat org.apache.maven.surefire.testng.TestNGXmlTestSuite.execute(TestNGXmlTestSuite.java:84)\r\n\tat org.apache.maven.surefire.testng.TestNGProvider.invoke(TestNGProvider.java:91)\r\n\tat org.apache.maven.surefire.booter.ForkedBooter.invokeProviderInSameClassLoader(ForkedBooter.java:200)\r\n\tat org.apache.maven.surefire.booter.ForkedBooter.runSuitesInProcess(ForkedBooter.java:153)\r\n\tat org.apache.maven.surefire.booter.ForkedBooter.main(ForkedBooter.java:103)\r\n"
    }
  ],
  "configurationMethods": [
    {
      "type": "BeforeMethod",
      "suite": "Test Suit",
      "test": "ChromeTest",
      "packageInfo": "com.mapsnq.assignment.ws",
      "className": "DirectionModule",
      "methodName": "setUp",
      "status": "Passed",
      "startTime": "2019-02-17T12:03:00.406+05:30",
      "endTime": "2019-02-17T12:03:21.244+05:30",
      "description": ""
    },
    {
      "type": "AfterMethod",
      "suite": "Test Suit",
      "test": "ChromeTest",
      "packageInfo": "com.mapsnq.assignment.ws",
      "className": "DirectionModule",
      "methodName": "tearDown",
      "status": "Passed",
      "startTime": "2019-02-17T12:03:34.616+05:30",
      "endTime": "2019-02-17T12:03:36.413+05:30",
      "description": ""
    },
    {
      "type": "BeforeMethod",
      "suite": "Test Suit",
      "test": "ChromeTest",
      "packageInfo": "com.mapsnq.assignment.ws",
      "className": "DirectionModule",
      "methodName": "setUp",
      "status": "Passed",
      "startTime": "2019-02-17T12:03:36.428+05:30",
      "endTime": "2019-02-17T12:03:56.680+05:30",
      "description": ""
    },
    {
      "type": "AfterMethod",
      "suite": "Test Suit",
      "test": "ChromeTest",
      "packageInfo": "com.mapsnq.assignment.ws",
      "className": "DirectionModule",
      "methodName": "tearDown",
      "status": "Passed",
      "startTime": "2019-02-17T12:03:59.110+05:30",
      "endTime": "2019-02-17T12:04:00.357+05:30",
      "description": ""
    },
    {
      "type": "BeforeMethod",
      "suite": "Test Suit",
      "test": "ChromeTest",
      "packageInfo": "com.mapsnq.assignment.ws",
      "className": "DirectionModule",
      "methodName": "setUp",
      "status": "Passed",
      "startTime": "2019-02-17T12:04:00.357+05:30",
      "endTime": "2019-02-17T12:04:19.865+05:30",
      "description": ""
    },
    {
      "type": "AfterMethod",
      "suite": "Test Suit",
      "test": "ChromeTest",
      "packageInfo": "com.mapsnq.assignment.ws",
      "className": "DirectionModule",
      "methodName": "tearDown",
      "status": "Passed",
      "startTime": "2019-02-17T12:04:21.083+05:30",
      "endTime": "2019-02-17T12:04:23.150+05:30",
      "description": ""
    },
    {
      "type": "BeforeMethod",
      "suite": "Test Suit",
      "test": "ChromeTest",
      "packageInfo": "com.mapsnq.assignment.ws",
      "className": "DirectionModule",
      "methodName": "setUp",
      "status": "Passed",
      "startTime": "2019-02-17T12:04:23.181+05:30",
      "endTime": "2019-02-17T12:04:42.299+05:30",
      "description": ""
    },
    {
      "type": "AfterMethod",
      "suite": "Test Suit",
      "test": "ChromeTest",
      "packageInfo": "com.mapsnq.assignment.ws",
      "className": "DirectionModule",
      "methodName": "tearDown",
      "status": "Failed",
      "startTime": "2019-02-17T12:04:43.106+05:30",
      "endTime": "2019-02-17T12:04:43.106+05:30",
      "description": "",
      "exception": "class org.openqa.selenium.UnhandledAlertException:unexpected alert open: {Alert text : Please enter route Start and Destination.}\n  (Session info: chrome\u003d72.0.3626.109)\n  (Driver info: chromedriver\u003d72.0.3626.7 (efcef9a3ecda02b2132af215116a03852d08b9cb),platform\u003dWindows NT 6.1.7601 SP1 x86_64) (WARNING: The server did not provide any stacktrace information)\nCommand duration or timeout: 25 milliseconds: null\nBuild info: version: \u00272.53.1\u0027, revision: \u0027a36b8b1cd5757287168e54b817830adce9b0158d\u0027, time: \u00272016-06-30 19:26:09\u0027\nSystem info: host: \u0027LT0072540\u0027, ip: \u0027192.168.2.5\u0027, os.name: \u0027Windows 7\u0027, os.arch: \u0027amd64\u0027, os.version: \u00276.1\u0027, java.version: \u00271.8.0_101\u0027\nDriver info: org.openqa.selenium.chrome.ChromeDriver\nCapabilities [{mobileEmulationEnabled\u003dfalse, timeouts\u003d{implicit\u003d0, pageLoad\u003d300000, script\u003d30000}, hasTouchScreen\u003dfalse, platform\u003dXP, acceptSslCerts\u003dfalse, goog:chromeOptions\u003d{debuggerAddress\u003dlocalhost:51854}, acceptInsecureCerts\u003dfalse, webStorageEnabled\u003dtrue, browserName\u003dchrome, takesScreenshot\u003dtrue, javascriptEnabled\u003dtrue, setWindowRect\u003dtrue, unexpectedAlertBehaviour\u003dignore, applicationCacheEnabled\u003dfalse, rotatable\u003dfalse, networkConnectionEnabled\u003dfalse, chrome\u003d{chromedriverVersion\u003d72.0.3626.7 (efcef9a3ecda02b2132af215116a03852d08b9cb), userDataDir\u003dC:\\Users\\PRAKAS~1.ADA\\AppData\\Local\\Temp\\scoped_dir14104_32617}, takesHeapSnapshot\u003dtrue, pageLoadStrategy\u003dnormal, databaseEnabled\u003dfalse, handlesAlerts\u003dtrue, version\u003d72.0.3626.109, browserConnectionEnabled\u003dfalse, proxy\u003d{}, nativeEvents\u003dtrue, locationContextEnabled\u003dtrue, cssSelectorsEnabled\u003dtrue}]\nSession ID: a9138fd83894f1e0ad16fd02cf9fbac8",
      "stacktrace": "org.openqa.selenium.UnhandledAlertException: unexpected alert open: {Alert text : Please enter route Start and Destination.}\n  (Session info: chrome\u003d72.0.3626.109)\n  (Driver info: chromedriver\u003d72.0.3626.7 (efcef9a3ecda02b2132af215116a03852d08b9cb),platform\u003dWindows NT 6.1.7601 SP1 x86_64) (WARNING: The server did not provide any stacktrace information)\nCommand duration or timeout: 25 milliseconds: null\nBuild info: version: \u00272.53.1\u0027, revision: \u0027a36b8b1cd5757287168e54b817830adce9b0158d\u0027, time: \u00272016-06-30 19:26:09\u0027\nSystem info: host: \u0027LT0072540\u0027, ip: \u0027192.168.2.5\u0027, os.name: \u0027Windows 7\u0027, os.arch: \u0027amd64\u0027, os.version: \u00276.1\u0027, java.version: \u00271.8.0_101\u0027\nDriver info: org.openqa.selenium.chrome.ChromeDriver\nCapabilities [{mobileEmulationEnabled\u003dfalse, timeouts\u003d{implicit\u003d0, pageLoad\u003d300000, script\u003d30000}, hasTouchScreen\u003dfalse, platform\u003dXP, acceptSslCerts\u003dfalse, goog:chromeOptions\u003d{debuggerAddress\u003dlocalhost:51854}, acceptInsecureCerts\u003dfalse, webStorageEnabled\u003dtrue, browserName\u003dchrome, takesScreenshot\u003dtrue, javascriptEnabled\u003dtrue, setWindowRect\u003dtrue, unexpectedAlertBehaviour\u003dignore, applicationCacheEnabled\u003dfalse, rotatable\u003dfalse, networkConnectionEnabled\u003dfalse, chrome\u003d{chromedriverVersion\u003d72.0.3626.7 (efcef9a3ecda02b2132af215116a03852d08b9cb), userDataDir\u003dC:\\Users\\PRAKAS~1.ADA\\AppData\\Local\\Temp\\scoped_dir14104_32617}, takesHeapSnapshot\u003dtrue, pageLoadStrategy\u003dnormal, databaseEnabled\u003dfalse, handlesAlerts\u003dtrue, version\u003d72.0.3626.109, browserConnectionEnabled\u003dfalse, proxy\u003d{}, nativeEvents\u003dtrue, locationContextEnabled\u003dtrue, cssSelectorsEnabled\u003dtrue}]\nSession ID: a9138fd83894f1e0ad16fd02cf9fbac8\r\n\tat sun.reflect.NativeConstructorAccessorImpl.newInstance0(Native Method)\r\n\tat sun.reflect.NativeConstructorAccessorImpl.newInstance(NativeConstructorAccessorImpl.java:62)\r\n\tat sun.reflect.DelegatingConstructorAccessorImpl.newInstance(DelegatingConstructorAccessorImpl.java:45)\r\n\tat java.lang.reflect.Constructor.newInstance(Constructor.java:423)\r\n\tat org.openqa.selenium.remote.ErrorHandler.createThrowable(ErrorHandler.java:206)\r\n\tat org.openqa.selenium.remote.ErrorHandler.throwIfResponseFailed(ErrorHandler.java:164)\r\n\tat org.openqa.selenium.remote.RemoteWebDriver.execute(RemoteWebDriver.java:678)\r\n\tat org.openqa.selenium.remote.RemoteWebDriver.execute(RemoteWebDriver.java:701)\r\n\tat org.openqa.selenium.remote.RemoteWebDriver.getScreenshotAs(RemoteWebDriver.java:335)\r\n\tat commapsnq.assignment.test.utility.ScreenShot.getScreenshot(ScreenShot.java:17)\r\n\tat commapsnq.assignment.test.utility.WebBaseTest2.tearDown(WebBaseTest2.java:110)\r\n\tat sun.reflect.NativeMethodAccessorImpl.invoke0(Native Method)\r\n\tat sun.reflect.NativeMethodAccessorImpl.invoke(NativeMethodAccessorImpl.java:62)\r\n\tat sun.reflect.DelegatingMethodAccessorImpl.invoke(DelegatingMethodAccessorImpl.java:43)\r\n\tat java.lang.reflect.Method.invoke(Method.java:498)\r\n\tat org.testng.internal.MethodInvocationHelper.invokeMethod(MethodInvocationHelper.java:104)\r\n\tat org.testng.internal.Invoker.invokeConfigurationMethod(Invoker.java:515)\r\n\tat org.testng.internal.Invoker.invokeConfigurations(Invoker.java:217)\r\n\tat org.testng.internal.Invoker.invokeMethod(Invoker.java:712)\r\n\tat org.testng.internal.Invoker.invokeTestMethod(Invoker.java:851)\r\n\tat org.testng.internal.Invoker.invokeTestMethods(Invoker.java:1177)\r\n\tat org.testng.internal.TestMethodWorker.invokeTestMethods(TestMethodWorker.java:129)\r\n\tat org.testng.internal.TestMethodWorker.run(TestMethodWorker.java:112)\r\n\tat org.testng.TestRunner.privateRun(TestRunner.java:756)\r\n\tat org.testng.TestRunner.run(TestRunner.java:610)\r\n\tat org.testng.SuiteRunner.runTest(SuiteRunner.java:387)\r\n\tat org.testng.SuiteRunner.runSequentially(SuiteRunner.java:382)\r\n\tat org.testng.SuiteRunner.privateRun(SuiteRunner.java:340)\r\n\tat org.testng.SuiteRunner.run(SuiteRunner.java:289)\r\n\tat org.testng.SuiteRunnerWorker.runSuite(SuiteRunnerWorker.java:52)\r\n\tat org.testng.SuiteRunnerWorker.run(SuiteRunnerWorker.java:86)\r\n\tat org.testng.TestNG.runSuitesSequentially(TestNG.java:1293)\r\n\tat org.testng.TestNG.runSuitesLocally(TestNG.java:1218)\r\n\tat org.testng.TestNG.runSuites(TestNG.java:1133)\r\n\tat org.testng.TestNG.run(TestNG.java:1104)\r\n\tat org.apache.maven.surefire.testng.TestNGExecutor.run(TestNGExecutor.java:293)\r\n\tat org.apache.maven.surefire.testng.TestNGXmlTestSuite.execute(TestNGXmlTestSuite.java:84)\r\n\tat org.apache.maven.surefire.testng.TestNGProvider.invoke(TestNGProvider.java:91)\r\n\tat org.apache.maven.surefire.booter.ForkedBooter.invokeProviderInSameClassLoader(ForkedBooter.java:200)\r\n\tat org.apache.maven.surefire.booter.ForkedBooter.runSuitesInProcess(ForkedBooter.java:153)\r\n\tat org.apache.maven.surefire.booter.ForkedBooter.main(ForkedBooter.java:103)\r\n"
    },
    {
      "type": "BeforeMethod",
      "suite": "Test Suit",
      "test": "ChromeTest",
      "packageInfo": "com.mapsnq.assignment.ws",
      "className": "DirectionModule",
      "methodName": "setUp",
      "status": "Skipped",
      "startTime": "2019-02-17T12:04:43.161+05:30",
      "endTime": "2019-02-17T12:04:43.161+05:30",
      "description": ""
    },
    {
      "type": "AfterMethod",
      "suite": "Test Suit",
      "test": "ChromeTest",
      "packageInfo": "com.mapsnq.assignment.ws",
      "className": "DirectionModule",
      "methodName": "tearDown",
      "status": "Skipped",
      "startTime": "2019-02-17T12:04:43.171+05:30",
      "endTime": "2019-02-17T12:04:43.171+05:30",
      "description": ""
    },
    {
      "type": "BeforeMethod",
      "suite": "Test Suit",
      "test": "ChromeTest",
      "packageInfo": "com.mapsnq.assignment.ws",
      "className": "DirectionModule",
      "methodName": "setUp",
      "status": "Skipped",
      "startTime": "2019-02-17T12:04:43.176+05:30",
      "endTime": "2019-02-17T12:04:43.176+05:30",
      "description": ""
    },
    {
      "type": "AfterMethod",
      "suite": "Test Suit",
      "test": "ChromeTest",
      "packageInfo": "com.mapsnq.assignment.ws",
      "className": "DirectionModule",
      "methodName": "tearDown",
      "status": "Skipped",
      "startTime": "2019-02-17T12:04:43.186+05:30",
      "endTime": "2019-02-17T12:04:43.186+05:30",
      "description": ""
    },
    {
      "type": "BeforeMethod",
      "suite": "Test Suit",
      "test": "ChromeTest",
      "packageInfo": "com.mapsnq.assignment.ws",
      "className": "DirectionModule",
      "methodName": "setUp",
      "status": "Skipped",
      "startTime": "2019-02-17T12:04:43.188+05:30",
      "endTime": "2019-02-17T12:04:43.188+05:30",
      "description": ""
    },
    {
      "type": "AfterMethod",
      "suite": "Test Suit",
      "test": "ChromeTest",
      "packageInfo": "com.mapsnq.assignment.ws",
      "className": "DirectionModule",
      "methodName": "tearDown",
      "status": "Skipped",
      "startTime": "2019-02-17T12:04:43.198+05:30",
      "endTime": "2019-02-17T12:04:43.198+05:30",
      "description": ""
    },
    {
      "type": "BeforeMethod",
      "suite": "Test Suit",
      "test": "ChromeTest",
      "packageInfo": "com.mapsnq.assignment.ws",
      "className": "DirectionModule",
      "methodName": "setUp",
      "status": "Skipped",
      "startTime": "2019-02-17T12:04:43.203+05:30",
      "endTime": "2019-02-17T12:04:43.203+05:30",
      "description": ""
    },
    {
      "type": "AfterMethod",
      "suite": "Test Suit",
      "test": "ChromeTest",
      "packageInfo": "com.mapsnq.assignment.ws",
      "className": "DirectionModule",
      "methodName": "tearDown",
      "status": "Skipped",
      "startTime": "2019-02-17T12:04:43.211+05:30",
      "endTime": "2019-02-17T12:04:43.211+05:30",
      "description": ""
    }
  ],
  "configSummary": {
    "currentDate": "2019-02-17T12:03:00.328+05:30"
  },
  "localConfigSummary": [
    {
      "currentDate": "2019-02-17T12:03:00.344+05:30",
      "suite": "Test Suit",
      "test": "ChromeTest"
    }
  ],
  "reporterMetadata": {
    "currentDate": {
      "displayLabel": "Current Date"
    }
  }
}
  ;
</script>
<script src="../js/main.js"></script>
    </body>
</html>
