{
  "reportSummary": {
    "testMethodsSummary": {
      "passed": 2,
      "failed": 2,
      "skipped": 4
    },
    "configurationMethodsSummary": {
      "passed": 7,
      "failed": 1,
      "skipped": 8
    }
  },
  "testMethods": [
    {
      "suite": "Test Suit",
      "test": "ChromeTest",
      "packageInfo": "com.mapsnq.assignment.ws",
      "className": "DirectionModule",
      "methodName": "DirectionFromAndToPlace",
      "status": "Passed",
      "startTime": "2019-02-17T12:03:21.274+05:30",
      "endTime": "2019-02-17T12:03:34.616+05:30",
      "description": " Test to check current and Destination is working"
    },
    {
      "suite": "Test Suit",
      "test": "ChromeTest",
      "packageInfo": "com.mapsnq.assignment.ws",
      "className": "DirectionModule",
      "methodName": "TestClearRouteLink",
      "status": "Passed",
      "startTime": "2019-02-17T12:03:56.695+05:30",
      "endTime": "2019-02-17T12:03:59.110+05:30",
      "description": " Test to check Reset button"
    },
    {
      "suite": "Test Suit",
      "test": "ChromeTest",
      "packageInfo": "com.mapsnq.assignment.ws",
      "className": "DirectionModule",
      "methodName": "TestToCheckOnlyByGivingFromDirection",
      "status": "Failed",
      "startTime": "2019-02-17T12:04:19.883+05:30",
      "endTime": "2019-02-17T12:04:21.058+05:30",
      "description": " Test to Alert for window based pop if only \u0027From Direction\u0027 is given",
      "exception": "class java.lang.AssertionError:expected [true] but found [false]",
      "stacktrace": "java.lang.AssertionError: expected [true] but found [false]\r\n\tat org.testng.Assert.fail(Assert.java:94)\r\n\tat org.testng.Assert.failNotEquals(Assert.java:513)\r\n\tat org.testng.Assert.assertTrue(Assert.java:42)\r\n\tat org.testng.Assert.assertTrue(Assert.java:52)\r\n\tat com.mapsnq.assignment.ws.DirectionModule.TestToCheckOnlyByGivingFromDirection(DirectionModule.java:93)\r\n\tat sun.reflect.NativeMethodAccessorImpl.invoke0(Native Method)\r\n\tat sun.reflect.NativeMethodAccessorImpl.invoke(NativeMethodAccessorImpl.java:62)\r\n\tat sun.reflect.DelegatingMethodAccessorImpl.invoke(DelegatingMethodAccessorImpl.java:43)\r\n\tat java.lang.reflect.Method.invoke(Method.java:498)\r\n\tat org.testng.internal.MethodInvocationHelper.invokeMethod(MethodInvocationHelper.java:104)\r\n\tat org.testng.internal.Invoker.invokeMethod(Invoker.java:645)\r\n\tat org.testng.internal.Invoker.invokeTestMethod(Invoker.java:851)\r\n\tat org.testng.internal.Invoker.invokeTestMethods(Invoker.java:1177)\r\n\tat org.testng.internal.TestMethodWorker.invokeTestMethods(TestMethodWorker.java:129)\r\n\tat org.testng.internal.TestMethodWorker.run(TestMethodWorker.java:112)\r\n\tat org.testng.TestRunner.privateRun(TestRunner.java:756)\r\n\tat org.testng.TestRunner.run(TestRunner.java:610)\r\n\tat org.testng.SuiteRunner.runTest(SuiteRunner.java:387)\r\n\tat org.testng.SuiteRunner.runSequentially(SuiteRunner.java:382)\r\n\tat org.testng.SuiteRunner.privateRun(SuiteRunner.java:340)\r\n\tat org.testng.SuiteRunner.run(SuiteRunner.java:289)\r\n\tat org.testng.SuiteRunnerWorker.runSuite(SuiteRunnerWorker.java:52)\r\n\tat org.testng.SuiteRunnerWorker.run(SuiteRunnerWorker.java:86)\r\n\tat org.testng.TestNG.runSuitesSequentially(TestNG.java:1293)\r\n\tat org.testng.TestNG.runSuitesLocally(TestNG.java:1218)\r\n\tat org.testng.TestNG.runSuites(TestNG.java:1133)\r\n\tat org.testng.TestNG.run(TestNG.java:1104)\r\n\tat org.apache.maven.surefire.testng.TestNGExecutor.run(TestNGExecutor.java:293)\r\n\tat org.apache.maven.surefire.testng.TestNGXmlTestSuite.execute(TestNGXmlTestSuite.java:84)\r\n\tat org.apache.maven.surefire.testng.TestNGProvider.invoke(TestNGProvider.java:91)\r\n\tat org.apache.maven.surefire.booter.ForkedBooter.invokeProviderInSameClassLoader(ForkedBooter.java:200)\r\n\tat org.apache.maven.surefire.booter.ForkedBooter.runSuitesInProcess(ForkedBooter.java:153)\r\n\tat org.apache.maven.surefire.booter.ForkedBooter.main(ForkedBooter.java:103)\r\n"
    },
    {
      "suite": "Test Suit",
      "test": "ChromeTest",
      "packageInfo": "com.mapsnq.assignment.ws",
      "className": "DirectionModule",
      "methodName": "TestToCheckOnlyByGivingToDirection",
      "status": "Failed",
      "startTime": "2019-02-17T12:04:42.314+05:30",
      "endTime": "2019-02-17T12:04:43.098+05:30",
      "description": " Test to Alert for window based pop if only \u0027to Direction\u0027 is given",
      "exception": "class java.lang.AssertionError:expected [true] but found [false]",
      "stacktrace": "java.lang.AssertionError: expected [true] but found [false]\r\n\tat org.testng.Assert.fail(Assert.java:94)\r\n\tat org.testng.Assert.failNotEquals(Assert.java:513)\r\n\tat org.testng.Assert.assertTrue(Assert.java:42)\r\n\tat org.testng.Assert.assertTrue(Assert.java:52)\r\n\tat com.mapsnq.assignment.ws.DirectionModule.TestToCheckOnlyByGivingToDirection(DirectionModule.java:83)\r\n\tat sun.reflect.NativeMethodAccessorImpl.invoke0(Native Method)\r\n\tat sun.reflect.NativeMethodAccessorImpl.invoke(NativeMethodAccessorImpl.java:62)\r\n\tat sun.reflect.DelegatingMethodAccessorImpl.invoke(DelegatingMethodAccessorImpl.java:43)\r\n\tat java.lang.reflect.Method.invoke(Method.java:498)\r\n\tat org.testng.internal.MethodInvocationHelper.invokeMethod(MethodInvocationHelper.java:104)\r\n\tat org.testng.internal.Invoker.invokeMethod(Invoker.java:645)\r\n\tat org.testng.internal.Invoker.invokeTestMethod(Invoker.java:851)\r\n\tat org.testng.internal.Invoker.invokeTestMethods(Invoker.java:1177)\r\n\tat org.testng.internal.TestMethodWorker.invokeTestMethods(TestMethodWorker.java:129)\r\n\tat org.testng.internal.TestMethodWorker.run(TestMethodWorker.java:112)\r\n\tat org.testng.TestRunner.privateRun(TestRunner.java:756)\r\n\tat org.testng.TestRunner.run(TestRunner.java:610)\r\n\tat org.testng.SuiteRunner.runTest(SuiteRunner.java:387)\r\n\tat org.testng.SuiteRunner.runSequentially(SuiteRunner.java:382)\r\n\tat org.testng.SuiteRunner.privateRun(SuiteRunner.java:340)\r\n\tat org.testng.SuiteRunner.run(SuiteRunner.java:289)\r\n\tat org.testng.SuiteRunnerWorker.runSuite(SuiteRunnerWorker.java:52)\r\n\tat org.testng.SuiteRunnerWorker.run(SuiteRunnerWorker.java:86)\r\n\tat org.testng.TestNG.runSuitesSequentially(TestNG.java:1293)\r\n\tat org.testng.TestNG.runSuitesLocally(TestNG.java:1218)\r\n\tat org.testng.TestNG.runSuites(TestNG.java:1133)\r\n\tat org.testng.TestNG.run(TestNG.java:1104)\r\n\tat org.apache.maven.surefire.testng.TestNGExecutor.run(TestNGExecutor.java:293)\r\n\tat org.apache.maven.surefire.testng.TestNGXmlTestSuite.execute(TestNGXmlTestSuite.java:84)\r\n\tat org.apache.maven.surefire.testng.TestNGProvider.invoke(TestNGProvider.java:91)\r\n\tat org.apache.maven.surefire.booter.ForkedBooter.invokeProviderInSameClassLoader(ForkedBooter.java:200)\r\n\tat org.apache.maven.surefire.booter.ForkedBooter.runSuitesInProcess(ForkedBooter.java:153)\r\n\tat org.apache.maven.surefire.booter.ForkedBooter.main(ForkedBooter.java:103)\r\n"
    },
    {
      "suite": "Test Suit",
      "test": "ChromeTest",
      "packageInfo": "com.mapsnq.assignment.ws",
      "className": "DirectionModule",
      "methodName": "TestToCheckSwapOriginAndDestination",
      "status": "Skipped",
      "startTime": "2019-02-17T12:04:43.163+05:30",
      "endTime": "2019-02-17T12:04:43.168+05:30",
      "description": " Test to Swap button Origin and Destination",
      "exception": "class org.openqa.selenium.UnhandledAlertException:unexpected alert open: {Alert text : Please enter route Start and Destination.}\n  (Session info: chrome\u003d72.0.3626.109)\n  (Driver info: chromedriver\u003d72.0.3626.7 (efcef9a3ecda02b2132af215116a03852d08b9cb),platform\u003dWindows NT 6.1.7601 SP1 x86_64) (WARNING: The server did not provide any stacktrace information)\nCommand duration or timeout: 25 milliseconds: null\nBuild info: version: \u00272.53.1\u0027, revision: \u0027a36b8b1cd5757287168e54b817830adce9b0158d\u0027, time: \u00272016-06-30 19:26:09\u0027\nSystem info: host: \u0027LT0072540\u0027, ip: \u0027192.168.2.5\u0027, os.name: \u0027Windows 7\u0027, os.arch: \u0027amd64\u0027, os.version: \u00276.1\u0027, java.version: \u00271.8.0_101\u0027\nDriver info: org.openqa.selenium.chrome.ChromeDriver\nCapabilities [{mobileEmulationEnabled\u003dfalse, timeouts\u003d{implicit\u003d0, pageLoad\u003d300000, script\u003d30000}, hasTouchScreen\u003dfalse, platform\u003dXP, acceptSslCerts\u003dfalse, goog:chromeOptions\u003d{debuggerAddress\u003dlocalhost:51854}, acceptInsecureCerts\u003dfalse, webStorageEnabled\u003dtrue, browserName\u003dchrome, takesScreenshot\u003dtrue, javascriptEnabled\u003dtrue, setWindowRect\u003dtrue, unexpectedAlertBehaviour\u003dignore, applicationCacheEnabled\u003dfalse, rotatable\u003dfalse, networkConnectionEnabled\u003dfalse, chrome\u003d{chromedriverVersion\u003d72.0.3626.7 (efcef9a3ecda02b2132af215116a03852d08b9cb), userDataDir\u003dC:\\Users\\PRAKAS~1.ADA\\AppData\\Local\\Temp\\scoped_dir14104_32617}, takesHeapSnapshot\u003dtrue, pageLoadStrategy\u003dnormal, databaseEnabled\u003dfalse, handlesAlerts\u003dtrue, version\u003d72.0.3626.109, browserConnectionEnabled\u003dfalse, proxy\u003d{}, nativeEvents\u003dtrue, locationContextEnabled\u003dtrue, cssSelectorsEnabled\u003dtrue}]\nSession ID: a9138fd83894f1e0ad16fd02cf9fbac8",
      "stacktrace": "org.openqa.selenium.UnhandledAlertException: unexpected alert open: {Alert text : Please enter route Start and Destination.}\n  (Session info: chrome\u003d72.0.3626.109)\n  (Driver info: chromedriver\u003d72.0.3626.7 (efcef9a3ecda02b2132af215116a03852d08b9cb),platform\u003dWindows NT 6.1.7601 SP1 x86_64) (WARNING: The server did not provide any stacktrace information)\nCommand duration or timeout: 25 milliseconds: null\nBuild info: version: \u00272.53.1\u0027, revision: \u0027a36b8b1cd5757287168e54b817830adce9b0158d\u0027, time: \u00272016-06-30 19:26:09\u0027\nSystem info: host: \u0027LT0072540\u0027, ip: \u0027192.168.2.5\u0027, os.name: \u0027Windows 7\u0027, os.arch: \u0027amd64\u0027, os.version: \u00276.1\u0027, java.version: \u00271.8.0_101\u0027\nDriver info: org.openqa.selenium.chrome.ChromeDriver\nCapabilities [{mobileEmulationEnabled\u003dfalse, timeouts\u003d{implicit\u003d0, pageLoad\u003d300000, script\u003d30000}, hasTouchScreen\u003dfalse, platform\u003dXP, acceptSslCerts\u003dfalse, goog:chromeOptions\u003d{debuggerAddress\u003dlocalhost:51854}, acceptInsecureCerts\u003dfalse, webStorageEnabled\u003dtrue, browserName\u003dchrome, takesScreenshot\u003dtrue, javascriptEnabled\u003dtrue, setWindowRect\u003dtrue, unexpectedAlertBehaviour\u003dignore, applicationCacheEnabled\u003dfalse, rotatable\u003dfalse, networkConnectionEnabled\u003dfalse, chrome\u003d{chromedriverVersion\u003d72.0.3626.7 (efcef9a3ecda02b2132af215116a03852d08b9cb), userDataDir\u003dC:\\Users\\PRAKAS~1.ADA\\AppData\\Local\\Temp\\scoped_dir14104_32617}, takesHeapSnapshot\u003dtrue, pageLoadStrategy\u003dnormal, databaseEnabled\u003dfalse, handlesAlerts\u003dtrue, version\u003d72.0.3626.109, browserConnectionEnabled\u003dfalse, proxy\u003d{}, nativeEvents\u003dtrue, locationContextEnabled\u003dtrue, cssSelectorsEnabled\u003dtrue}]\nSession ID: a9138fd83894f1e0ad16fd02cf9fbac8\r\n\tat sun.reflect.NativeConstructorAccessorImpl.newInstance0(Native Method)\r\n\tat sun.reflect.NativeConstructorAccessorImpl.newInstance(NativeConstructorAccessorImpl.java:62)\r\n\tat sun.reflect.DelegatingConstructorAccessorImpl.newInstance(DelegatingConstructorAccessorImpl.java:45)\r\n\tat java.lang.reflect.Constructor.newInstance(Constructor.java:423)\r\n\tat org.openqa.selenium.remote.ErrorHandler.createThrowable(ErrorHandler.java:206)\r\n\tat org.openqa.selenium.remote.ErrorHandler.throwIfResponseFailed(ErrorHandler.java:164)\r\n\tat org.openqa.selenium.remote.RemoteWebDriver.execute(RemoteWebDriver.java:678)\r\n\tat org.openqa.selenium.remote.RemoteWebDriver.execute(RemoteWebDriver.java:701)\r\n\tat org.openqa.selenium.remote.RemoteWebDriver.getScreenshotAs(RemoteWebDriver.java:335)\r\n\tat commapsnq.assignment.test.utility.ScreenShot.getScreenshot(ScreenShot.java:17)\r\n\tat commapsnq.assignment.test.utility.WebBaseTest2.tearDown(WebBaseTest2.java:110)\r\n\tat sun.reflect.NativeMethodAccessorImpl.invoke0(Native Method)\r\n\tat sun.reflect.NativeMethodAccessorImpl.invoke(NativeMethodAccessorImpl.java:62)\r\n\tat sun.reflect.DelegatingMethodAccessorImpl.invoke(DelegatingMethodAccessorImpl.java:43)\r\n\tat java.lang.reflect.Method.invoke(Method.java:498)\r\n\tat org.testng.internal.MethodInvocationHelper.invokeMethod(MethodInvocationHelper.java:104)\r\n\tat org.testng.internal.Invoker.invokeConfigurationMethod(Invoker.java:515)\r\n\tat org.testng.internal.Invoker.invokeConfigurations(Invoker.java:217)\r\n\tat org.testng.internal.Invoker.invokeMethod(Invoker.java:712)\r\n\tat org.testng.internal.Invoker.invokeTestMethod(Invoker.java:851)\r\n\tat org.testng.internal.Invoker.invokeTestMethods(Invoker.java:1177)\r\n\tat org.testng.internal.TestMethodWorker.invokeTestMethods(TestMethodWorker.java:129)\r\n\tat org.testng.internal.TestMethodWorker.run(TestMethodWorker.java:112)\r\n\tat org.testng.TestRunner.privateRun(TestRunner.java:756)\r\n\tat org.testng.TestRunner.run(TestRunner.java:610)\r\n\tat org.testng.SuiteRunner.runTest(SuiteRunner.java:387)\r\n\tat org.testng.SuiteRunner.runSequentially(SuiteRunner.java:382)\r\n\tat org.testng.SuiteRunner.privateRun(SuiteRunner.java:340)\r\n\tat org.testng.SuiteRunner.run(SuiteRunner.java:289)\r\n\tat org.testng.SuiteRunnerWorker.runSuite(SuiteRunnerWorker.java:52)\r\n\tat org.testng.SuiteRunnerWorker.run(SuiteRunnerWorker.java:86)\r\n\tat org.testng.TestNG.runSuitesSequentially(TestNG.java:1293)\r\n\tat org.testng.TestNG.runSuitesLocally(TestNG.java:1218)\r\n\tat org.testng.TestNG.runSuites(TestNG.java:1133)\r\n\tat org.testng.TestNG.run(TestNG.java:1104)\r\n\tat org.apache.maven.surefire.testng.TestNGExecutor.run(TestNGExecutor.java:293)\r\n\tat org.apache.maven.surefire.testng.TestNGXmlTestSuite.execute(TestNGXmlTestSuite.java:84)\r\n\tat org.apache.maven.surefire.testng.TestNGProvider.invoke(TestNGProvider.java:91)\r\n\tat org.apache.maven.surefire.booter.ForkedBooter.invokeProviderInSameClassLoader(ForkedBooter.java:200)\r\n\tat org.apache.maven.surefire.booter.ForkedBooter.runSuitesInProcess(ForkedBooter.java:153)\r\n\tat org.apache.maven.surefire.booter.ForkedBooter.main(ForkedBooter.java:103)\r\n"
    },
    {
      "suite": "Test Suit",
      "test": "ChromeTest",
      "packageInfo": "com.mapsnq.assignment.ws",
      "className": "DirectionModule",
      "methodName": "TestToClickOnlyDirectionButton",
      "status": "Skipped",
      "startTime": "2019-02-17T12:04:43.178+05:30",
      "endTime": "2019-02-17T12:04:43.183+05:30",
      "description": " Test to Alert for window based popu if only Get Direction button is clicked",
      "exception": "class org.openqa.selenium.UnhandledAlertException:unexpected alert open: {Alert text : Please enter route Start and Destination.}\n  (Session info: chrome\u003d72.0.3626.109)\n  (Driver info: chromedriver\u003d72.0.3626.7 (efcef9a3ecda02b2132af215116a03852d08b9cb),platform\u003dWindows NT 6.1.7601 SP1 x86_64) (WARNING: The server did not provide any stacktrace information)\nCommand duration or timeout: 25 milliseconds: null\nBuild info: version: \u00272.53.1\u0027, revision: \u0027a36b8b1cd5757287168e54b817830adce9b0158d\u0027, time: \u00272016-06-30 19:26:09\u0027\nSystem info: host: \u0027LT0072540\u0027, ip: \u0027192.168.2.5\u0027, os.name: \u0027Windows 7\u0027, os.arch: \u0027amd64\u0027, os.version: \u00276.1\u0027, java.version: \u00271.8.0_101\u0027\nDriver info: org.openqa.selenium.chrome.ChromeDriver\nCapabilities [{mobileEmulationEnabled\u003dfalse, timeouts\u003d{implicit\u003d0, pageLoad\u003d300000, script\u003d30000}, hasTouchScreen\u003dfalse, platform\u003dXP, acceptSslCerts\u003dfalse, goog:chromeOptions\u003d{debuggerAddress\u003dlocalhost:51854}, acceptInsecureCerts\u003dfalse, webStorageEnabled\u003dtrue, browserName\u003dchrome, takesScreenshot\u003dtrue, javascriptEnabled\u003dtrue, setWindowRect\u003dtrue, unexpectedAlertBehaviour\u003dignore, applicationCacheEnabled\u003dfalse, rotatable\u003dfalse, networkConnectionEnabled\u003dfalse, chrome\u003d{chromedriverVersion\u003d72.0.3626.7 (efcef9a3ecda02b2132af215116a03852d08b9cb), userDataDir\u003dC:\\Users\\PRAKAS~1.ADA\\AppData\\Local\\Temp\\scoped_dir14104_32617}, takesHeapSnapshot\u003dtrue, pageLoadStrategy\u003dnormal, databaseEnabled\u003dfalse, handlesAlerts\u003dtrue, version\u003d72.0.3626.109, browserConnectionEnabled\u003dfalse, proxy\u003d{}, nativeEvents\u003dtrue, locationContextEnabled\u003dtrue, cssSelectorsEnabled\u003dtrue}]\nSession ID: a9138fd83894f1e0ad16fd02cf9fbac8",
      "stacktrace": "org.openqa.selenium.UnhandledAlertException: unexpected alert open: {Alert text : Please enter route Start and Destination.}\n  (Session info: chrome\u003d72.0.3626.109)\n  (Driver info: chromedriver\u003d72.0.3626.7 (efcef9a3ecda02b2132af215116a03852d08b9cb),platform\u003dWindows NT 6.1.7601 SP1 x86_64) (WARNING: The server did not provide any stacktrace information)\nCommand duration or timeout: 25 milliseconds: null\nBuild info: version: \u00272.53.1\u0027, revision: \u0027a36b8b1cd5757287168e54b817830adce9b0158d\u0027, time: \u00272016-06-30 19:26:09\u0027\nSystem info: host: \u0027LT0072540\u0027, ip: \u0027192.168.2.5\u0027, os.name: \u0027Windows 7\u0027, os.arch: \u0027amd64\u0027, os.version: \u00276.1\u0027, java.version: \u00271.8.0_101\u0027\nDriver info: org.openqa.selenium.chrome.ChromeDriver\nCapabilities [{mobileEmulationEnabled\u003dfalse, timeouts\u003d{implicit\u003d0, pageLoad\u003d300000, script\u003d30000}, hasTouchScreen\u003dfalse, platform\u003dXP, acceptSslCerts\u003dfalse, goog:chromeOptions\u003d{debuggerAddress\u003dlocalhost:51854}, acceptInsecureCerts\u003dfalse, webStorageEnabled\u003dtrue, browserName\u003dchrome, takesScreenshot\u003dtrue, javascriptEnabled\u003dtrue, setWindowRect\u003dtrue, unexpectedAlertBehaviour\u003dignore, applicationCacheEnabled\u003dfalse, rotatable\u003dfalse, networkConnectionEnabled\u003dfalse, chrome\u003d{chromedriverVersion\u003d72.0.3626.7 (efcef9a3ecda02b2132af215116a03852d08b9cb), userDataDir\u003dC:\\Users\\PRAKAS~1.ADA\\AppData\\Local\\Temp\\scoped_dir14104_32617}, takesHeapSnapshot\u003dtrue, pageLoadStrategy\u003dnormal, databaseEnabled\u003dfalse, handlesAlerts\u003dtrue, version\u003d72.0.3626.109, browserConnectionEnabled\u003dfalse, proxy\u003d{}, nativeEvents\u003dtrue, locationContextEnabled\u003dtrue, cssSelectorsEnabled\u003dtrue}]\nSession ID: a9138fd83894f1e0ad16fd02cf9fbac8\r\n\tat sun.reflect.NativeConstructorAccessorImpl.newInstance0(Native Method)\r\n\tat sun.reflect.NativeConstructorAccessorImpl.newInstance(NativeConstructorAccessorImpl.java:62)\r\n\tat sun.reflect.DelegatingConstructorAccessorImpl.newInstance(DelegatingConstructorAccessorImpl.java:45)\r\n\tat java.lang.reflect.Constructor.newInstance(Constructor.java:423)\r\n\tat org.openqa.selenium.remote.ErrorHandler.createThrowable(ErrorHandler.java:206)\r\n\tat org.openqa.selenium.remote.ErrorHandler.throwIfResponseFailed(ErrorHandler.java:164)\r\n\tat org.openqa.selenium.remote.RemoteWebDriver.execute(RemoteWebDriver.java:678)\r\n\tat org.openqa.selenium.remote.RemoteWebDriver.execute(RemoteWebDriver.java:701)\r\n\tat org.openqa.selenium.remote.RemoteWebDriver.getScreenshotAs(RemoteWebDriver.java:335)\r\n\tat commapsnq.assignment.test.utility.ScreenShot.getScreenshot(ScreenShot.java:17)\r\n\tat commapsnq.assignment.test.utility.WebBaseTest2.tearDown(WebBaseTest2.java:110)\r\n\tat sun.reflect.NativeMethodAccessorImpl.invoke0(Native Method)\r\n\tat sun.reflect.NativeMethodAccessorImpl.invoke(NativeMethodAccessorImpl.java:62)\r\n\tat sun.reflect.DelegatingMethodAccessorImpl.invoke(DelegatingMethodAccessorImpl.java:43)\r\n\tat java.lang.reflect.Method.invoke(Method.java:498)\r\n\tat org.testng.internal.MethodInvocationHelper.invokeMethod(MethodInvocationHelper.java:104)\r\n\tat org.testng.internal.Invoker.invokeConfigurationMethod(Invoker.java:515)\r\n\tat org.testng.internal.Invoker.invokeConfigurations(Invoker.java:217)\r\n\tat org.testng.internal.Invoker.invokeMethod(Invoker.java:712)\r\n\tat org.testng.internal.Invoker.invokeTestMethod(Invoker.java:851)\r\n\tat org.testng.internal.Invoker.invokeTestMethods(Invoker.java:1177)\r\n\tat org.testng.internal.TestMethodWorker.invokeTestMethods(TestMethodWorker.java:129)\r\n\tat org.testng.internal.TestMethodWorker.run(TestMethodWorker.java:112)\r\n\tat org.testng.TestRunner.privateRun(TestRunner.java:756)\r\n\tat org.testng.TestRunner.run(TestRunner.java:610)\r\n\tat org.testng.SuiteRunner.runTest(SuiteRunner.java:387)\r\n\tat org.testng.SuiteRunner.runSequentially(SuiteRunner.java:382)\r\n\tat org.testng.SuiteRunner.privateRun(SuiteRunner.java:340)\r\n\tat org.testng.SuiteRunner.run(SuiteRunner.java:289)\r\n\tat org.testng.SuiteRunnerWorker.runSuite(SuiteRunnerWorker.java:52)\r\n\tat org.testng.SuiteRunnerWorker.run(SuiteRunnerWorker.java:86)\r\n\tat org.testng.TestNG.runSuitesSequentially(TestNG.java:1293)\r\n\tat org.testng.TestNG.runSuitesLocally(TestNG.java:1218)\r\n\tat org.testng.TestNG.runSuites(TestNG.java:1133)\r\n\tat org.testng.TestNG.run(TestNG.java:1104)\r\n\tat org.apache.maven.surefire.testng.TestNGExecutor.run(TestNGExecutor.java:293)\r\n\tat org.apache.maven.surefire.testng.TestNGXmlTestSuite.execute(TestNGXmlTestSuite.java:84)\r\n\tat org.apache.maven.surefire.testng.TestNGProvider.invoke(TestNGProvider.java:91)\r\n\tat org.apache.maven.surefire.booter.ForkedBooter.invokeProviderInSameClassLoader(ForkedBooter.java:200)\r\n\tat org.apache.maven.surefire.booter.ForkedBooter.runSuitesInProcess(ForkedBooter.java:153)\r\n\tat org.apache.maven.surefire.booter.ForkedBooter.main(ForkedBooter.java:103)\r\n"
    },
    {
      "suite": "Test Suit",
      "test": "ChromeTest",
      "packageInfo": "com.mapsnq.assignment.ws",
      "className": "DirectionModule",
      "methodName": "TestToFatestDirection",
      "status": "Skipped",
      "startTime": "2019-02-17T12:04:43.193+05:30",
      "endTime": "2019-02-17T12:04:43.196+05:30",
      "description": " Test to check fastest route between source and destination",
      "exception": "class org.openqa.selenium.UnhandledAlertException:unexpected alert open: {Alert text : Please enter route Start and Destination.}\n  (Session info: chrome\u003d72.0.3626.109)\n  (Driver info: chromedriver\u003d72.0.3626.7 (efcef9a3ecda02b2132af215116a03852d08b9cb),platform\u003dWindows NT 6.1.7601 SP1 x86_64) (WARNING: The server did not provide any stacktrace information)\nCommand duration or timeout: 25 milliseconds: null\nBuild info: version: \u00272.53.1\u0027, revision: \u0027a36b8b1cd5757287168e54b817830adce9b0158d\u0027, time: \u00272016-06-30 19:26:09\u0027\nSystem info: host: \u0027LT0072540\u0027, ip: \u0027192.168.2.5\u0027, os.name: \u0027Windows 7\u0027, os.arch: \u0027amd64\u0027, os.version: \u00276.1\u0027, java.version: \u00271.8.0_101\u0027\nDriver info: org.openqa.selenium.chrome.ChromeDriver\nCapabilities [{mobileEmulationEnabled\u003dfalse, timeouts\u003d{implicit\u003d0, pageLoad\u003d300000, script\u003d30000}, hasTouchScreen\u003dfalse, platform\u003dXP, acceptSslCerts\u003dfalse, goog:chromeOptions\u003d{debuggerAddress\u003dlocalhost:51854}, acceptInsecureCerts\u003dfalse, webStorageEnabled\u003dtrue, browserName\u003dchrome, takesScreenshot\u003dtrue, javascriptEnabled\u003dtrue, setWindowRect\u003dtrue, unexpectedAlertBehaviour\u003dignore, applicationCacheEnabled\u003dfalse, rotatable\u003dfalse, networkConnectionEnabled\u003dfalse, chrome\u003d{chromedriverVersion\u003d72.0.3626.7 (efcef9a3ecda02b2132af215116a03852d08b9cb), userDataDir\u003dC:\\Users\\PRAKAS~1.ADA\\AppData\\Local\\Temp\\scoped_dir14104_32617}, takesHeapSnapshot\u003dtrue, pageLoadStrategy\u003dnormal, databaseEnabled\u003dfalse, handlesAlerts\u003dtrue, version\u003d72.0.3626.109, browserConnectionEnabled\u003dfalse, proxy\u003d{}, nativeEvents\u003dtrue, locationContextEnabled\u003dtrue, cssSelectorsEnabled\u003dtrue}]\nSession ID: a9138fd83894f1e0ad16fd02cf9fbac8",
      "stacktrace": "org.openqa.selenium.UnhandledAlertException: unexpected alert open: {Alert text : Please enter route Start and Destination.}\n  (Session info: chrome\u003d72.0.3626.109)\n  (Driver info: chromedriver\u003d72.0.3626.7 (efcef9a3ecda02b2132af215116a03852d08b9cb),platform\u003dWindows NT 6.1.7601 SP1 x86_64) (WARNING: The server did not provide any stacktrace information)\nCommand duration or timeout: 25 milliseconds: null\nBuild info: version: \u00272.53.1\u0027, revision: \u0027a36b8b1cd5757287168e54b817830adce9b0158d\u0027, time: \u00272016-06-30 19:26:09\u0027\nSystem info: host: \u0027LT0072540\u0027, ip: \u0027192.168.2.5\u0027, os.name: \u0027Windows 7\u0027, os.arch: \u0027amd64\u0027, os.version: \u00276.1\u0027, java.version: \u00271.8.0_101\u0027\nDriver info: org.openqa.selenium.chrome.ChromeDriver\nCapabilities [{mobileEmulationEnabled\u003dfalse, timeouts\u003d{implicit\u003d0, pageLoad\u003d300000, script\u003d30000}, hasTouchScreen\u003dfalse, platform\u003dXP, acceptSslCerts\u003dfalse, goog:chromeOptions\u003d{debuggerAddress\u003dlocalhost:51854}, acceptInsecureCerts\u003dfalse, webStorageEnabled\u003dtrue, browserName\u003dchrome, takesScreenshot\u003dtrue, javascriptEnabled\u003dtrue, setWindowRect\u003dtrue, unexpectedAlertBehaviour\u003dignore, applicationCacheEnabled\u003dfalse, rotatable\u003dfalse, networkConnectionEnabled\u003dfalse, chrome\u003d{chromedriverVersion\u003d72.0.3626.7 (efcef9a3ecda02b2132af215116a03852d08b9cb), userDataDir\u003dC:\\Users\\PRAKAS~1.ADA\\AppData\\Local\\Temp\\scoped_dir14104_32617}, takesHeapSnapshot\u003dtrue, pageLoadStrategy\u003dnormal, databaseEnabled\u003dfalse, handlesAlerts\u003dtrue, version\u003d72.0.3626.109, browserConnectionEnabled\u003dfalse, proxy\u003d{}, nativeEvents\u003dtrue, locationContextEnabled\u003dtrue, cssSelectorsEnabled\u003dtrue}]\nSession ID: a9138fd83894f1e0ad16fd02cf9fbac8\r\n\tat sun.reflect.NativeConstructorAccessorImpl.newInstance0(Native Method)\r\n\tat sun.reflect.NativeConstructorAccessorImpl.newInstance(NativeConstructorAccessorImpl.java:62)\r\n\tat sun.reflect.DelegatingConstructorAccessorImpl.newInstance(DelegatingConstructorAccessorImpl.java:45)\r\n\tat java.lang.reflect.Constructor.newInstance(Constructor.java:423)\r\n\tat org.openqa.selenium.remote.ErrorHandler.createThrowable(ErrorHandler.java:206)\r\n\tat org.openqa.selenium.remote.ErrorHandler.throwIfResponseFailed(ErrorHandler.java:164)\r\n\tat org.openqa.selenium.remote.RemoteWebDriver.execute(RemoteWebDriver.java:678)\r\n\tat org.openqa.selenium.remote.RemoteWebDriver.execute(RemoteWebDriver.java:701)\r\n\tat org.openqa.selenium.remote.RemoteWebDriver.getScreenshotAs(RemoteWebDriver.java:335)\r\n\tat commapsnq.assignment.test.utility.ScreenShot.getScreenshot(ScreenShot.java:17)\r\n\tat commapsnq.assignment.test.utility.WebBaseTest2.tearDown(WebBaseTest2.java:110)\r\n\tat sun.reflect.NativeMethodAccessorImpl.invoke0(Native Method)\r\n\tat sun.reflect.NativeMethodAccessorImpl.invoke(NativeMethodAccessorImpl.java:62)\r\n\tat sun.reflect.DelegatingMethodAccessorImpl.invoke(DelegatingMethodAccessorImpl.java:43)\r\n\tat java.lang.reflect.Method.invoke(Method.java:498)\r\n\tat org.testng.internal.MethodInvocationHelper.invokeMethod(MethodInvocationHelper.java:104)\r\n\tat org.testng.internal.Invoker.invokeConfigurationMethod(Invoker.java:515)\r\n\tat org.testng.internal.Invoker.invokeConfigurations(Invoker.java:217)\r\n\tat org.testng.internal.Invoker.invokeMethod(Invoker.java:712)\r\n\tat org.testng.internal.Invoker.invokeTestMethod(Invoker.java:851)\r\n\tat org.testng.internal.Invoker.invokeTestMethods(Invoker.java:1177)\r\n\tat org.testng.internal.TestMethodWorker.invokeTestMethods(TestMethodWorker.java:129)\r\n\tat org.testng.internal.TestMethodWorker.run(TestMethodWorker.java:112)\r\n\tat org.testng.TestRunner.privateRun(TestRunner.java:756)\r\n\tat org.testng.TestRunner.run(TestRunner.java:610)\r\n\tat org.testng.SuiteRunner.runTest(SuiteRunner.java:387)\r\n\tat org.testng.SuiteRunner.runSequentially(SuiteRunner.java:382)\r\n\tat org.testng.SuiteRunner.privateRun(SuiteRunner.java:340)\r\n\tat org.testng.SuiteRunner.run(SuiteRunner.java:289)\r\n\tat org.testng.SuiteRunnerWorker.runSuite(SuiteRunnerWorker.java:52)\r\n\tat org.testng.SuiteRunnerWorker.run(SuiteRunnerWorker.java:86)\r\n\tat org.testng.TestNG.runSuitesSequentially(TestNG.java:1293)\r\n\tat org.testng.TestNG.runSuitesLocally(TestNG.java:1218)\r\n\tat org.testng.TestNG.runSuites(TestNG.java:1133)\r\n\tat org.testng.TestNG.run(TestNG.java:1104)\r\n\tat org.apache.maven.surefire.testng.TestNGExecutor.run(TestNGExecutor.java:293)\r\n\tat org.apache.maven.surefire.testng.TestNGXmlTestSuite.execute(TestNGXmlTestSuite.java:84)\r\n\tat org.apache.maven.surefire.testng.TestNGProvider.invoke(TestNGProvider.java:91)\r\n\tat org.apache.maven.surefire.booter.ForkedBooter.invokeProviderInSameClassLoader(ForkedBooter.java:200)\r\n\tat org.apache.maven.surefire.booter.ForkedBooter.runSuitesInProcess(ForkedBooter.java:153)\r\n\tat org.apache.maven.surefire.booter.ForkedBooter.main(ForkedBooter.java:103)\r\n"
    },
    {
      "suite": "Test Suit",
      "test": "ChromeTest",
      "packageInfo": "com.mapsnq.assignment.ws",
      "className": "DirectionModule",
      "methodName": "TestToTollAwareDirection",
      "status": "Skipped",
      "startTime": "2019-02-17T12:04:43.206+05:30",
      "endTime": "2019-02-17T12:04:43.208+05:30",
      "description": " Test to check Toll Aware route between source and destination",
      "exception": "class org.openqa.selenium.UnhandledAlertException:unexpected alert open: {Alert text : Please enter route Start and Destination.}\n  (Session info: chrome\u003d72.0.3626.109)\n  (Driver info: chromedriver\u003d72.0.3626.7 (efcef9a3ecda02b2132af215116a03852d08b9cb),platform\u003dWindows NT 6.1.7601 SP1 x86_64) (WARNING: The server did not provide any stacktrace information)\nCommand duration or timeout: 25 milliseconds: null\nBuild info: version: \u00272.53.1\u0027, revision: \u0027a36b8b1cd5757287168e54b817830adce9b0158d\u0027, time: \u00272016-06-30 19:26:09\u0027\nSystem info: host: \u0027LT0072540\u0027, ip: \u0027192.168.2.5\u0027, os.name: \u0027Windows 7\u0027, os.arch: \u0027amd64\u0027, os.version: \u00276.1\u0027, java.version: \u00271.8.0_101\u0027\nDriver info: org.openqa.selenium.chrome.ChromeDriver\nCapabilities [{mobileEmulationEnabled\u003dfalse, timeouts\u003d{implicit\u003d0, pageLoad\u003d300000, script\u003d30000}, hasTouchScreen\u003dfalse, platform\u003dXP, acceptSslCerts\u003dfalse, goog:chromeOptions\u003d{debuggerAddress\u003dlocalhost:51854}, acceptInsecureCerts\u003dfalse, webStorageEnabled\u003dtrue, browserName\u003dchrome, takesScreenshot\u003dtrue, javascriptEnabled\u003dtrue, setWindowRect\u003dtrue, unexpectedAlertBehaviour\u003dignore, applicationCacheEnabled\u003dfalse, rotatable\u003dfalse, networkConnectionEnabled\u003dfalse, chrome\u003d{chromedriverVersion\u003d72.0.3626.7 (efcef9a3ecda02b2132af215116a03852d08b9cb), userDataDir\u003dC:\\Users\\PRAKAS~1.ADA\\AppData\\Local\\Temp\\scoped_dir14104_32617}, takesHeapSnapshot\u003dtrue, pageLoadStrategy\u003dnormal, databaseEnabled\u003dfalse, handlesAlerts\u003dtrue, version\u003d72.0.3626.109, browserConnectionEnabled\u003dfalse, proxy\u003d{}, nativeEvents\u003dtrue, locationContextEnabled\u003dtrue, cssSelectorsEnabled\u003dtrue}]\nSession ID: a9138fd83894f1e0ad16fd02cf9fbac8",
      "stacktrace": "org.openqa.selenium.UnhandledAlertException: unexpected alert open: {Alert text : Please enter route Start and Destination.}\n  (Session info: chrome\u003d72.0.3626.109)\n  (Driver info: chromedriver\u003d72.0.3626.7 (efcef9a3ecda02b2132af215116a03852d08b9cb),platform\u003dWindows NT 6.1.7601 SP1 x86_64) (WARNING: The server did not provide any stacktrace information)\nCommand duration or timeout: 25 milliseconds: null\nBuild info: version: \u00272.53.1\u0027, revision: \u0027a36b8b1cd5757287168e54b817830adce9b0158d\u0027, time: \u00272016-06-30 19:26:09\u0027\nSystem info: host: \u0027LT0072540\u0027, ip: \u0027192.168.2.5\u0027, os.name: \u0027Windows 7\u0027, os.arch: \u0027amd64\u0027, os.version: \u00276.1\u0027, java.version: \u00271.8.0_101\u0027\nDriver info: org.openqa.selenium.chrome.ChromeDriver\nCapabilities [{mobileEmulationEnabled\u003dfalse, timeouts\u003d{implicit\u003d0, pageLoad\u003d300000, script\u003d30000}, hasTouchScreen\u003dfalse, platform\u003dXP, acceptSslCerts\u003dfalse, goog:chromeOptions\u003d{debuggerAddress\u003dlocalhost:51854}, acceptInsecureCerts\u003dfalse, webStorageEnabled\u003dtrue, browserName\u003dchrome, takesScreenshot\u003dtrue, javascriptEnabled\u003dtrue, setWindowRect\u003dtrue, unexpectedAlertBehaviour\u003dignore, applicationCacheEnabled\u003dfalse, rotatable\u003dfalse, networkConnectionEnabled\u003dfalse, chrome\u003d{chromedriverVersion\u003d72.0.3626.7 (efcef9a3ecda02b2132af215116a03852d08b9cb), userDataDir\u003dC:\\Users\\PRAKAS~1.ADA\\AppData\\Local\\Temp\\scoped_dir14104_32617}, takesHeapSnapshot\u003dtrue, pageLoadStrategy\u003dnormal, databaseEnabled\u003dfalse, handlesAlerts\u003dtrue, version\u003d72.0.3626.109, browserConnectionEnabled\u003dfalse, proxy\u003d{}, nativeEvents\u003dtrue, locationContextEnabled\u003dtrue, cssSelectorsEnabled\u003dtrue}]\nSession ID: a9138fd83894f1e0ad16fd02cf9fbac8\r\n\tat sun.reflect.NativeConstructorAccessorImpl.newInstance0(Native Method)\r\n\tat sun.reflect.NativeConstructorAccessorImpl.newInstance(NativeConstructorAccessorImpl.java:62)\r\n\tat sun.reflect.DelegatingConstructorAccessorImpl.newInstance(DelegatingConstructorAccessorImpl.java:45)\r\n\tat java.lang.reflect.Constructor.newInstance(Constructor.java:423)\r\n\tat org.openqa.selenium.remote.ErrorHandler.createThrowable(ErrorHandler.java:206)\r\n\tat org.openqa.selenium.remote.ErrorHandler.throwIfResponseFailed(ErrorHandler.java:164)\r\n\tat org.openqa.selenium.remote.RemoteWebDriver.execute(RemoteWebDriver.java:678)\r\n\tat org.openqa.selenium.remote.RemoteWebDriver.execute(RemoteWebDriver.java:701)\r\n\tat org.openqa.selenium.remote.RemoteWebDriver.getScreenshotAs(RemoteWebDriver.java:335)\r\n\tat commapsnq.assignment.test.utility.ScreenShot.getScreenshot(ScreenShot.java:17)\r\n\tat commapsnq.assignment.test.utility.WebBaseTest2.tearDown(WebBaseTest2.java:110)\r\n\tat sun.reflect.NativeMethodAccessorImpl.invoke0(Native Method)\r\n\tat sun.reflect.NativeMethodAccessorImpl.invoke(NativeMethodAccessorImpl.java:62)\r\n\tat sun.reflect.DelegatingMethodAccessorImpl.invoke(DelegatingMethodAccessorImpl.java:43)\r\n\tat java.lang.reflect.Method.invoke(Method.java:498)\r\n\tat org.testng.internal.MethodInvocationHelper.invokeMethod(MethodInvocationHelper.java:104)\r\n\tat org.testng.internal.Invoker.invokeConfigurationMethod(Invoker.java:515)\r\n\tat org.testng.internal.Invoker.invokeConfigurations(Invoker.java:217)\r\n\tat org.testng.internal.Invoker.invokeMethod(Invoker.java:712)\r\n\tat org.testng.internal.Invoker.invokeTestMethod(Invoker.java:851)\r\n\tat org.testng.internal.Invoker.invokeTestMethods(Invoker.java:1177)\r\n\tat org.testng.internal.TestMethodWorker.invokeTestMethods(TestMethodWorker.java:129)\r\n\tat org.testng.internal.TestMethodWorker.run(TestMethodWorker.java:112)\r\n\tat org.testng.TestRunner.privateRun(TestRunner.java:756)\r\n\tat org.testng.TestRunner.run(TestRunner.java:610)\r\n\tat org.testng.SuiteRunner.runTest(SuiteRunner.java:387)\r\n\tat org.testng.SuiteRunner.runSequentially(SuiteRunner.java:382)\r\n\tat org.testng.SuiteRunner.privateRun(SuiteRunner.java:340)\r\n\tat org.testng.SuiteRunner.run(SuiteRunner.java:289)\r\n\tat org.testng.SuiteRunnerWorker.runSuite(SuiteRunnerWorker.java:52)\r\n\tat org.testng.SuiteRunnerWorker.run(SuiteRunnerWorker.java:86)\r\n\tat org.testng.TestNG.runSuitesSequentially(TestNG.java:1293)\r\n\tat org.testng.TestNG.runSuitesLocally(TestNG.java:1218)\r\n\tat org.testng.TestNG.runSuites(TestNG.java:1133)\r\n\tat org.testng.TestNG.run(TestNG.java:1104)\r\n\tat org.apache.maven.surefire.testng.TestNGExecutor.run(TestNGExecutor.java:293)\r\n\tat org.apache.maven.surefire.testng.TestNGXmlTestSuite.execute(TestNGXmlTestSuite.java:84)\r\n\tat org.apache.maven.surefire.testng.TestNGProvider.invoke(TestNGProvider.java:91)\r\n\tat org.apache.maven.surefire.booter.ForkedBooter.invokeProviderInSameClassLoader(ForkedBooter.java:200)\r\n\tat org.apache.maven.surefire.booter.ForkedBooter.runSuitesInProcess(ForkedBooter.java:153)\r\n\tat org.apache.maven.surefire.booter.ForkedBooter.main(ForkedBooter.java:103)\r\n"
    }
  ],
  "configurationMethods": [
    {
      "type": "BeforeMethod",
      "suite": "Test Suit",
      "test": "ChromeTest",
      "packageInfo": "com.mapsnq.assignment.ws",
      "className": "DirectionModule",
      "methodName": "setUp",
      "status": "Passed",
      "startTime": "2019-02-17T12:03:00.406+05:30",
      "endTime": "2019-02-17T12:03:21.244+05:30",
      "description": ""
    },
    {
      "type": "AfterMethod",
      "suite": "Test Suit",
      "test": "ChromeTest",
      "packageInfo": "com.mapsnq.assignment.ws",
      "className": "DirectionModule",
      "methodName": "tearDown",
      "status": "Passed",
      "startTime": "2019-02-17T12:03:34.616+05:30",
      "endTime": "2019-02-17T12:03:36.413+05:30",
      "description": ""
    },
    {
      "type": "BeforeMethod",
      "suite": "Test Suit",
      "test": "ChromeTest",
      "packageInfo": "com.mapsnq.assignment.ws",
      "className": "DirectionModule",
      "methodName": "setUp",
      "status": "Passed",
      "startTime": "2019-02-17T12:03:36.428+05:30",
      "endTime": "2019-02-17T12:03:56.680+05:30",
      "description": ""
    },
    {
      "type": "AfterMethod",
      "suite": "Test Suit",
      "test": "ChromeTest",
      "packageInfo": "com.mapsnq.assignment.ws",
      "className": "DirectionModule",
      "methodName": "tearDown",
      "status": "Passed",
      "startTime": "2019-02-17T12:03:59.110+05:30",
      "endTime": "2019-02-17T12:04:00.357+05:30",
      "description": ""
    },
    {
      "type": "BeforeMethod",
      "suite": "Test Suit",
      "test": "ChromeTest",
      "packageInfo": "com.mapsnq.assignment.ws",
      "className": "DirectionModule",
      "methodName": "setUp",
      "status": "Passed",
      "startTime": "2019-02-17T12:04:00.357+05:30",
      "endTime": "2019-02-17T12:04:19.865+05:30",
      "description": ""
    },
    {
      "type": "AfterMethod",
      "suite": "Test Suit",
      "test": "ChromeTest",
      "packageInfo": "com.mapsnq.assignment.ws",
      "className": "DirectionModule",
      "methodName": "tearDown",
      "status": "Passed",
      "startTime": "2019-02-17T12:04:21.083+05:30",
      "endTime": "2019-02-17T12:04:23.150+05:30",
      "description": ""
    },
    {
      "type": "BeforeMethod",
      "suite": "Test Suit",
      "test": "ChromeTest",
      "packageInfo": "com.mapsnq.assignment.ws",
      "className": "DirectionModule",
      "methodName": "setUp",
      "status": "Passed",
      "startTime": "2019-02-17T12:04:23.181+05:30",
      "endTime": "2019-02-17T12:04:42.299+05:30",
      "description": ""
    },
    {
      "type": "AfterMethod",
      "suite": "Test Suit",
      "test": "ChromeTest",
      "packageInfo": "com.mapsnq.assignment.ws",
      "className": "DirectionModule",
      "methodName": "tearDown",
      "status": "Failed",
      "startTime": "2019-02-17T12:04:43.106+05:30",
      "endTime": "2019-02-17T12:04:43.106+05:30",
      "description": "",
      "exception": "class org.openqa.selenium.UnhandledAlertException:unexpected alert open: {Alert text : Please enter route Start and Destination.}\n  (Session info: chrome\u003d72.0.3626.109)\n  (Driver info: chromedriver\u003d72.0.3626.7 (efcef9a3ecda02b2132af215116a03852d08b9cb),platform\u003dWindows NT 6.1.7601 SP1 x86_64) (WARNING: The server did not provide any stacktrace information)\nCommand duration or timeout: 25 milliseconds: null\nBuild info: version: \u00272.53.1\u0027, revision: \u0027a36b8b1cd5757287168e54b817830adce9b0158d\u0027, time: \u00272016-06-30 19:26:09\u0027\nSystem info: host: \u0027LT0072540\u0027, ip: \u0027192.168.2.5\u0027, os.name: \u0027Windows 7\u0027, os.arch: \u0027amd64\u0027, os.version: \u00276.1\u0027, java.version: \u00271.8.0_101\u0027\nDriver info: org.openqa.selenium.chrome.ChromeDriver\nCapabilities [{mobileEmulationEnabled\u003dfalse, timeouts\u003d{implicit\u003d0, pageLoad\u003d300000, script\u003d30000}, hasTouchScreen\u003dfalse, platform\u003dXP, acceptSslCerts\u003dfalse, goog:chromeOptions\u003d{debuggerAddress\u003dlocalhost:51854}, acceptInsecureCerts\u003dfalse, webStorageEnabled\u003dtrue, browserName\u003dchrome, takesScreenshot\u003dtrue, javascriptEnabled\u003dtrue, setWindowRect\u003dtrue, unexpectedAlertBehaviour\u003dignore, applicationCacheEnabled\u003dfalse, rotatable\u003dfalse, networkConnectionEnabled\u003dfalse, chrome\u003d{chromedriverVersion\u003d72.0.3626.7 (efcef9a3ecda02b2132af215116a03852d08b9cb), userDataDir\u003dC:\\Users\\PRAKAS~1.ADA\\AppData\\Local\\Temp\\scoped_dir14104_32617}, takesHeapSnapshot\u003dtrue, pageLoadStrategy\u003dnormal, databaseEnabled\u003dfalse, handlesAlerts\u003dtrue, version\u003d72.0.3626.109, browserConnectionEnabled\u003dfalse, proxy\u003d{}, nativeEvents\u003dtrue, locationContextEnabled\u003dtrue, cssSelectorsEnabled\u003dtrue}]\nSession ID: a9138fd83894f1e0ad16fd02cf9fbac8",
      "stacktrace": "org.openqa.selenium.UnhandledAlertException: unexpected alert open: {Alert text : Please enter route Start and Destination.}\n  (Session info: chrome\u003d72.0.3626.109)\n  (Driver info: chromedriver\u003d72.0.3626.7 (efcef9a3ecda02b2132af215116a03852d08b9cb),platform\u003dWindows NT 6.1.7601 SP1 x86_64) (WARNING: The server did not provide any stacktrace information)\nCommand duration or timeout: 25 milliseconds: null\nBuild info: version: \u00272.53.1\u0027, revision: \u0027a36b8b1cd5757287168e54b817830adce9b0158d\u0027, time: \u00272016-06-30 19:26:09\u0027\nSystem info: host: \u0027LT0072540\u0027, ip: \u0027192.168.2.5\u0027, os.name: \u0027Windows 7\u0027, os.arch: \u0027amd64\u0027, os.version: \u00276.1\u0027, java.version: \u00271.8.0_101\u0027\nDriver info: org.openqa.selenium.chrome.ChromeDriver\nCapabilities [{mobileEmulationEnabled\u003dfalse, timeouts\u003d{implicit\u003d0, pageLoad\u003d300000, script\u003d30000}, hasTouchScreen\u003dfalse, platform\u003dXP, acceptSslCerts\u003dfalse, goog:chromeOptions\u003d{debuggerAddress\u003dlocalhost:51854}, acceptInsecureCerts\u003dfalse, webStorageEnabled\u003dtrue, browserName\u003dchrome, takesScreenshot\u003dtrue, javascriptEnabled\u003dtrue, setWindowRect\u003dtrue, unexpectedAlertBehaviour\u003dignore, applicationCacheEnabled\u003dfalse, rotatable\u003dfalse, networkConnectionEnabled\u003dfalse, chrome\u003d{chromedriverVersion\u003d72.0.3626.7 (efcef9a3ecda02b2132af215116a03852d08b9cb), userDataDir\u003dC:\\Users\\PRAKAS~1.ADA\\AppData\\Local\\Temp\\scoped_dir14104_32617}, takesHeapSnapshot\u003dtrue, pageLoadStrategy\u003dnormal, databaseEnabled\u003dfalse, handlesAlerts\u003dtrue, version\u003d72.0.3626.109, browserConnectionEnabled\u003dfalse, proxy\u003d{}, nativeEvents\u003dtrue, locationContextEnabled\u003dtrue, cssSelectorsEnabled\u003dtrue}]\nSession ID: a9138fd83894f1e0ad16fd02cf9fbac8\r\n\tat sun.reflect.NativeConstructorAccessorImpl.newInstance0(Native Method)\r\n\tat sun.reflect.NativeConstructorAccessorImpl.newInstance(NativeConstructorAccessorImpl.java:62)\r\n\tat sun.reflect.DelegatingConstructorAccessorImpl.newInstance(DelegatingConstructorAccessorImpl.java:45)\r\n\tat java.lang.reflect.Constructor.newInstance(Constructor.java:423)\r\n\tat org.openqa.selenium.remote.ErrorHandler.createThrowable(ErrorHandler.java:206)\r\n\tat org.openqa.selenium.remote.ErrorHandler.throwIfResponseFailed(ErrorHandler.java:164)\r\n\tat org.openqa.selenium.remote.RemoteWebDriver.execute(RemoteWebDriver.java:678)\r\n\tat org.openqa.selenium.remote.RemoteWebDriver.execute(RemoteWebDriver.java:701)\r\n\tat org.openqa.selenium.remote.RemoteWebDriver.getScreenshotAs(RemoteWebDriver.java:335)\r\n\tat commapsnq.assignment.test.utility.ScreenShot.getScreenshot(ScreenShot.java:17)\r\n\tat commapsnq.assignment.test.utility.WebBaseTest2.tearDown(WebBaseTest2.java:110)\r\n\tat sun.reflect.NativeMethodAccessorImpl.invoke0(Native Method)\r\n\tat sun.reflect.NativeMethodAccessorImpl.invoke(NativeMethodAccessorImpl.java:62)\r\n\tat sun.reflect.DelegatingMethodAccessorImpl.invoke(DelegatingMethodAccessorImpl.java:43)\r\n\tat java.lang.reflect.Method.invoke(Method.java:498)\r\n\tat org.testng.internal.MethodInvocationHelper.invokeMethod(MethodInvocationHelper.java:104)\r\n\tat org.testng.internal.Invoker.invokeConfigurationMethod(Invoker.java:515)\r\n\tat org.testng.internal.Invoker.invokeConfigurations(Invoker.java:217)\r\n\tat org.testng.internal.Invoker.invokeMethod(Invoker.java:712)\r\n\tat org.testng.internal.Invoker.invokeTestMethod(Invoker.java:851)\r\n\tat org.testng.internal.Invoker.invokeTestMethods(Invoker.java:1177)\r\n\tat org.testng.internal.TestMethodWorker.invokeTestMethods(TestMethodWorker.java:129)\r\n\tat org.testng.internal.TestMethodWorker.run(TestMethodWorker.java:112)\r\n\tat org.testng.TestRunner.privateRun(TestRunner.java:756)\r\n\tat org.testng.TestRunner.run(TestRunner.java:610)\r\n\tat org.testng.SuiteRunner.runTest(SuiteRunner.java:387)\r\n\tat org.testng.SuiteRunner.runSequentially(SuiteRunner.java:382)\r\n\tat org.testng.SuiteRunner.privateRun(SuiteRunner.java:340)\r\n\tat org.testng.SuiteRunner.run(SuiteRunner.java:289)\r\n\tat org.testng.SuiteRunnerWorker.runSuite(SuiteRunnerWorker.java:52)\r\n\tat org.testng.SuiteRunnerWorker.run(SuiteRunnerWorker.java:86)\r\n\tat org.testng.TestNG.runSuitesSequentially(TestNG.java:1293)\r\n\tat org.testng.TestNG.runSuitesLocally(TestNG.java:1218)\r\n\tat org.testng.TestNG.runSuites(TestNG.java:1133)\r\n\tat org.testng.TestNG.run(TestNG.java:1104)\r\n\tat org.apache.maven.surefire.testng.TestNGExecutor.run(TestNGExecutor.java:293)\r\n\tat org.apache.maven.surefire.testng.TestNGXmlTestSuite.execute(TestNGXmlTestSuite.java:84)\r\n\tat org.apache.maven.surefire.testng.TestNGProvider.invoke(TestNGProvider.java:91)\r\n\tat org.apache.maven.surefire.booter.ForkedBooter.invokeProviderInSameClassLoader(ForkedBooter.java:200)\r\n\tat org.apache.maven.surefire.booter.ForkedBooter.runSuitesInProcess(ForkedBooter.java:153)\r\n\tat org.apache.maven.surefire.booter.ForkedBooter.main(ForkedBooter.java:103)\r\n"
    },
    {
      "type": "BeforeMethod",
      "suite": "Test Suit",
      "test": "ChromeTest",
      "packageInfo": "com.mapsnq.assignment.ws",
      "className": "DirectionModule",
      "methodName": "setUp",
      "status": "Skipped",
      "startTime": "2019-02-17T12:04:43.161+05:30",
      "endTime": "2019-02-17T12:04:43.161+05:30",
      "description": ""
    },
    {
      "type": "AfterMethod",
      "suite": "Test Suit",
      "test": "ChromeTest",
      "packageInfo": "com.mapsnq.assignment.ws",
      "className": "DirectionModule",
      "methodName": "tearDown",
      "status": "Skipped",
      "startTime": "2019-02-17T12:04:43.171+05:30",
      "endTime": "2019-02-17T12:04:43.171+05:30",
      "description": ""
    },
    {
      "type": "BeforeMethod",
      "suite": "Test Suit",
      "test": "ChromeTest",
      "packageInfo": "com.mapsnq.assignment.ws",
      "className": "DirectionModule",
      "methodName": "setUp",
      "status": "Skipped",
      "startTime": "2019-02-17T12:04:43.176+05:30",
      "endTime": "2019-02-17T12:04:43.176+05:30",
      "description": ""
    },
    {
      "type": "AfterMethod",
      "suite": "Test Suit",
      "test": "ChromeTest",
      "packageInfo": "com.mapsnq.assignment.ws",
      "className": "DirectionModule",
      "methodName": "tearDown",
      "status": "Skipped",
      "startTime": "2019-02-17T12:04:43.186+05:30",
      "endTime": "2019-02-17T12:04:43.186+05:30",
      "description": ""
    },
    {
      "type": "BeforeMethod",
      "suite": "Test Suit",
      "test": "ChromeTest",
      "packageInfo": "com.mapsnq.assignment.ws",
      "className": "DirectionModule",
      "methodName": "setUp",
      "status": "Skipped",
      "startTime": "2019-02-17T12:04:43.188+05:30",
      "endTime": "2019-02-17T12:04:43.188+05:30",
      "description": ""
    },
    {
      "type": "AfterMethod",
      "suite": "Test Suit",
      "test": "ChromeTest",
      "packageInfo": "com.mapsnq.assignment.ws",
      "className": "DirectionModule",
      "methodName": "tearDown",
      "status": "Skipped",
      "startTime": "2019-02-17T12:04:43.198+05:30",
      "endTime": "2019-02-17T12:04:43.198+05:30",
      "description": ""
    },
    {
      "type": "BeforeMethod",
      "suite": "Test Suit",
      "test": "ChromeTest",
      "packageInfo": "com.mapsnq.assignment.ws",
      "className": "DirectionModule",
      "methodName": "setUp",
      "status": "Skipped",
      "startTime": "2019-02-17T12:04:43.203+05:30",
      "endTime": "2019-02-17T12:04:43.203+05:30",
      "description": ""
    },
    {
      "type": "AfterMethod",
      "suite": "Test Suit",
      "test": "ChromeTest",
      "packageInfo": "com.mapsnq.assignment.ws",
      "className": "DirectionModule",
      "methodName": "tearDown",
      "status": "Skipped",
      "startTime": "2019-02-17T12:04:43.211+05:30",
      "endTime": "2019-02-17T12:04:43.211+05:30",
      "description": ""
    }
  ],
  "configSummary": {
    "currentDate": "2019-02-17T12:03:00.328+05:30"
  },
  "localConfigSummary": [
    {
      "currentDate": "2019-02-17T12:03:00.344+05:30",
      "suite": "Test Suit",
      "test": "ChromeTest"
    }
  ],
  "reporterMetadata": {
    "currentDate": {
      "displayLabel": "Current Date"
    }
  }
}
