<?xml version="1.0" encoding="UTF-8"?>
<!-- Generated by org.testng.reporters.JUnitXMLReporter -->
<testsuite hostname="monalisha" ignored="1" name="FirefoxTest" tests="27" failures="9" timestamp="19 Feb 2019 05:28:13 GMT" time="12.925" errors="0">
  <testcase name="@BeforeMethod setUp" time="5.011" classname="commapsnq.assignment.test.utility.WebBaseTest2">
    <failure type="org.openqa.selenium.NoSuchWindowException" message="no such window: target window already closed
from unknown error: web view not found
  (Session info: chrome=72.0.3626.109)
  (Driver info: chromedriver=72.0.3626.69 (3c16f8a135abc0d4da2dff33804db79b849a7c38),platform=Windows NT 6.2.9200 x86_64) (WARNING: The server did not provide any stacktrace information)
Command duration or timeout: 8 milliseconds
Build info: version: &amp;apos;2.53.1&amp;apos;, revision: &amp;apos;a36b8b1cd5757287168e54b817830adce9b0158d&amp;apos;, time: &amp;apos;2016-06-30 19:26:09&amp;apos;
System info: host: &amp;apos;monalisha&amp;apos;, ip: &amp;apos;192.168.2.3&amp;apos;, os.name: &amp;apos;Windows 8&amp;apos;, os.arch: &amp;apos;amd64&amp;apos;, os.version: &amp;apos;6.2&amp;apos;, java.version: &amp;apos;1.8.0_191&amp;apos;
Driver info: org.openqa.selenium.chrome.ChromeDriver
Capabilities [{mobileEmulationEnabled=false, timeouts={implicit=0, pageLoad=300000, script=30000}, hasTouchScreen=false, platform=WIN8, acceptSslCerts=false, goog:chromeOptions={debuggerAddress=localhost:58511}, acceptInsecureCerts=false, webStorageEnabled=true, browserName=chrome, takesScreenshot=true, javascriptEnabled=true, setWindowRect=true, unexpectedAlertBehaviour=ignore, applicationCacheEnabled=false, rotatable=false, networkConnectionEnabled=false, chrome={chromedriverVersion=72.0.3626.69 (3c16f8a135abc0d4da2dff33804db79b849a7c38), userDataDir=C:\Users\mamoni\AppData\Local\Temp\scoped_dir6328_6664}, takesHeapSnapshot=true, pageLoadStrategy=normal, databaseEnabled=false, handlesAlerts=true, version=72.0.3626.109, browserConnectionEnabled=false, proxy={}, nativeEvents=true, locationContextEnabled=true, cssSelectorsEnabled=true}]
Session ID: e092f4c62e2f82628baf379895547012">
      <![CDATA[org.openqa.selenium.NoSuchWindowException: no such window: target window already closed
from unknown error: web view not found
  (Session info: chrome=72.0.3626.109)
  (Driver info: chromedriver=72.0.3626.69 (3c16f8a135abc0d4da2dff33804db79b849a7c38),platform=Windows NT 6.2.9200 x86_64) (WARNING: The server did not provide any stacktrace information)
Command duration or timeout: 8 milliseconds
Build info: version: '2.53.1', revision: 'a36b8b1cd5757287168e54b817830adce9b0158d', time: '2016-06-30 19:26:09'
System info: host: 'monalisha', ip: '192.168.2.3', os.name: 'Windows 8', os.arch: 'amd64', os.version: '6.2', java.version: '1.8.0_191'
Driver info: org.openqa.selenium.chrome.ChromeDriver
Capabilities [{mobileEmulationEnabled=false, timeouts={implicit=0, pageLoad=300000, script=30000}, hasTouchScreen=false, platform=WIN8, acceptSslCerts=false, goog:chromeOptions={debuggerAddress=localhost:58511}, acceptInsecureCerts=false, webStorageEnabled=true, browserName=chrome, takesScreenshot=true, javascriptEnabled=true, setWindowRect=true, unexpectedAlertBehaviour=ignore, applicationCacheEnabled=false, rotatable=false, networkConnectionEnabled=false, chrome={chromedriverVersion=72.0.3626.69 (3c16f8a135abc0d4da2dff33804db79b849a7c38), userDataDir=C:\Users\mamoni\AppData\Local\Temp\scoped_dir6328_6664}, takesHeapSnapshot=true, pageLoadStrategy=normal, databaseEnabled=false, handlesAlerts=true, version=72.0.3626.109, browserConnectionEnabled=false, proxy={}, nativeEvents=true, locationContextEnabled=true, cssSelectorsEnabled=true}]
Session ID: e092f4c62e2f82628baf379895547012
at org.openqa.selenium.remote.ErrorHandler.createThrowable(ErrorHandler.java:206)
at org.openqa.selenium.remote.ErrorHandler.throwIfResponseFailed(ErrorHandler.java:158)
at org.openqa.selenium.remote.RemoteWebDriver.execute(RemoteWebDriver.java:678)
at org.openqa.selenium.remote.RemoteWebDriver.get(RemoteWebDriver.java:316)
at commapsnq.assignment.test.utility.WebBaseTest2.setUp(WebBaseTest2.java:74)
... Removed 32 stack frames]]>
    </failure>
  </testcase> <!-- @BeforeMethod setUp -->
  <testcase name="@BeforeMethod setUp" time="0.0" classname="commapsnq.assignment.test.utility.WebBaseTest2">
    <skipped/>
  </testcase> <!-- @BeforeMethod setUp -->
  <testcase name="@AfterMethod tearDown" time="0.0" classname="commapsnq.assignment.test.utility.WebBaseTest2">
    <skipped/>
  </testcase> <!-- @AfterMethod tearDown -->
  <testcase name="@BeforeMethod setUp" time="0.0" classname="commapsnq.assignment.test.utility.WebBaseTest2">
    <skipped/>
  </testcase> <!-- @BeforeMethod setUp -->
  <testcase name="@BeforeMethod setUp" time="0.0" classname="commapsnq.assignment.test.utility.WebBaseTest2">
    <skipped/>
  </testcase> <!-- @BeforeMethod setUp -->
  <testcase name="@AfterMethod tearDown" time="0.0" classname="commapsnq.assignment.test.utility.WebBaseTest2">
    <skipped/>
  </testcase> <!-- @AfterMethod tearDown -->
  <testcase name="@BeforeMethod setUp" time="0.0" classname="commapsnq.assignment.test.utility.WebBaseTest2">
    <skipped/>
  </testcase> <!-- @BeforeMethod setUp -->
  <testcase name="@BeforeMethod setUp" time="0.0" classname="commapsnq.assignment.test.utility.WebBaseTest2">
    <skipped/>
  </testcase> <!-- @BeforeMethod setUp -->
  <testcase name="@AfterMethod tearDown" time="0.0" classname="commapsnq.assignment.test.utility.WebBaseTest2">
    <skipped/>
  </testcase> <!-- @AfterMethod tearDown -->
  <testcase name="@BeforeMethod setUp" time="0.0" classname="commapsnq.assignment.test.utility.WebBaseTest2">
    <skipped/>
  </testcase> <!-- @BeforeMethod setUp -->
  <testcase name="@BeforeMethod setUp" time="0.0" classname="commapsnq.assignment.test.utility.WebBaseTest2">
    <skipped/>
  </testcase> <!-- @BeforeMethod setUp -->
  <testcase name="@AfterMethod tearDown" time="0.0" classname="commapsnq.assignment.test.utility.WebBaseTest2">
    <skipped/>
  </testcase> <!-- @AfterMethod tearDown -->
  <testcase name="@BeforeMethod setUp" time="0.0" classname="commapsnq.assignment.test.utility.WebBaseTest2">
    <skipped/>
  </testcase> <!-- @BeforeMethod setUp -->
  <testcase name="@BeforeMethod setUp" time="0.0" classname="commapsnq.assignment.test.utility.WebBaseTest2">
    <skipped/>
  </testcase> <!-- @BeforeMethod setUp -->
  <testcase name="@AfterMethod tearDown" time="0.0" classname="commapsnq.assignment.test.utility.WebBaseTest2">
    <skipped/>
  </testcase> <!-- @AfterMethod tearDown -->
  <testcase name="@BeforeMethod setUp" time="0.0" classname="commapsnq.assignment.test.utility.WebBaseTest2">
    <skipped/>
  </testcase> <!-- @BeforeMethod setUp -->
  <testcase name="@BeforeMethod setUp" time="0.0" classname="commapsnq.assignment.test.utility.WebBaseTest2">
    <skipped/>
  </testcase> <!-- @BeforeMethod setUp -->
  <testcase name="@AfterMethod tearDown" time="0.0" classname="commapsnq.assignment.test.utility.WebBaseTest2">
    <skipped/>
  </testcase> <!-- @AfterMethod tearDown -->
  <testcase name="@BeforeMethod setUp" time="0.0" classname="commapsnq.assignment.test.utility.WebBaseTest2">
    <skipped/>
  </testcase> <!-- @BeforeMethod setUp -->
  <testcase name="@BeforeMethod setUp" time="0.0" classname="commapsnq.assignment.test.utility.WebBaseTest2">
    <skipped/>
  </testcase> <!-- @BeforeMethod setUp -->
  <testcase name="@AfterMethod tearDown" time="0.0" classname="commapsnq.assignment.test.utility.WebBaseTest2">
    <skipped/>
  </testcase> <!-- @AfterMethod tearDown -->
  <testcase name="@BeforeMethod setUp" time="0.0" classname="commapsnq.assignment.test.utility.WebBaseTest2">
    <skipped/>
  </testcase> <!-- @BeforeMethod setUp -->
  <testcase name="@BeforeMethod setUp" time="0.0" classname="commapsnq.assignment.test.utility.WebBaseTest2">
    <skipped/>
  </testcase> <!-- @BeforeMethod setUp -->
  <testcase name="@AfterMethod tearDown" time="0.0" classname="commapsnq.assignment.test.utility.WebBaseTest2">
    <skipped/>
  </testcase> <!-- @AfterMethod tearDown -->
  <testcase name="@BeforeMethod setUp" time="0.0" classname="commapsnq.assignment.test.utility.WebBaseTest2">
    <skipped/>
  </testcase> <!-- @BeforeMethod setUp -->
  <testcase name="@BeforeMethod setUp" time="0.0" classname="commapsnq.assignment.test.utility.WebBaseTest2">
    <skipped/>
  </testcase> <!-- @BeforeMethod setUp -->
  <testcase name="@AfterMethod tearDown" time="0.0" classname="commapsnq.assignment.test.utility.WebBaseTest2">
    <skipped/>
  </testcase> <!-- @AfterMethod tearDown -->
  <testcase name="SearchLocationWithAutosuggestion" time="0.0" classname="com.mapsnq.assignment.SearchModule">
    <skipped/>
  </testcase> <!-- SearchLocationWithAutosuggestion -->
  <testcase name="SearchLocationWithAutosuggestion" time="5.033" classname="com.mapsnq.assignment.SearchModule">
    <failure type="java.lang.NullPointerException">
      <![CDATA[java.lang.NullPointerException
at com.paypal.selion.internal.utils.TestNGUtils.getInvokedMethodInformation(TestNGUtils.java:54)
at com.paypal.selion.internal.platform.grid.SeleniumGridListener.beforeInvocation(SeleniumGridListener.java:129)
... Removed 23 stack frames]]>
    </failure>
  </testcase> <!-- SearchLocationWithAutosuggestion -->
  <testcase name="SearchLocationWithEmptyData" time="0.0" classname="com.mapsnq.assignment.SearchModule">
    <skipped/>
  </testcase> <!-- SearchLocationWithEmptyData -->
  <testcase name="SearchLocationWithValidData" time="0.0" classname="com.mapsnq.assignment.SearchModule">
    <skipped/>
  </testcase> <!-- SearchLocationWithValidData -->
  <testcase name="SearchLocationWithValidData" time="0.009" classname="com.mapsnq.assignment.SearchModule">
    <failure type="java.lang.NullPointerException">
      <![CDATA[java.lang.NullPointerException
at com.paypal.selion.internal.utils.TestNGUtils.getInvokedMethodInformation(TestNGUtils.java:54)
at com.paypal.selion.internal.platform.grid.SeleniumGridListener.beforeInvocation(SeleniumGridListener.java:129)
... Removed 23 stack frames]]>
    </failure>
  </testcase> <!-- SearchLocationWithValidData -->
  <testcase name="SearchSuggestionWithMinimumLenght" time="0.0" classname="com.mapsnq.assignment.SearchModule">
    <skipped/>
  </testcase> <!-- SearchSuggestionWithMinimumLenght -->
  <testcase name="DirectionFromAndToPlace" time="0.0" classname="com.mapsnq.assignment.DirectionModule">
    <skipped/>
  </testcase> <!-- DirectionFromAndToPlace -->
  <testcase name="DirectionFromAndToPlace" time="0.011" classname="com.mapsnq.assignment.DirectionModule">
    <failure type="java.lang.NullPointerException">
      <![CDATA[java.lang.NullPointerException
at com.paypal.selion.internal.utils.TestNGUtils.getInvokedMethodInformation(TestNGUtils.java:54)
at com.paypal.selion.internal.platform.grid.SeleniumGridListener.beforeInvocation(SeleniumGridListener.java:129)
... Removed 23 stack frames]]>
    </failure>
  </testcase> <!-- DirectionFromAndToPlace -->
  <testcase name="TestClearRouteLink" time="0.0" classname="com.mapsnq.assignment.DirectionModule">
    <skipped/>
  </testcase> <!-- TestClearRouteLink -->
  <testcase name="TestToCheckOnlyByGivingFromDirection" time="0.0" classname="com.mapsnq.assignment.DirectionModule">
    <skipped/>
  </testcase> <!-- TestToCheckOnlyByGivingFromDirection -->
  <testcase name="TestToCheckOnlyByGivingFromDirection" time="0.011" classname="com.mapsnq.assignment.DirectionModule">
    <failure type="java.lang.NullPointerException">
      <![CDATA[java.lang.NullPointerException
at com.paypal.selion.internal.utils.TestNGUtils.getInvokedMethodInformation(TestNGUtils.java:54)
at com.paypal.selion.internal.platform.grid.SeleniumGridListener.beforeInvocation(SeleniumGridListener.java:129)
... Removed 23 stack frames]]>
    </failure>
  </testcase> <!-- TestToCheckOnlyByGivingFromDirection -->
  <testcase name="TestToCheckOnlyByGivingToDirection" time="0.0" classname="com.mapsnq.assignment.DirectionModule">
    <skipped/>
  </testcase> <!-- TestToCheckOnlyByGivingToDirection -->
  <testcase name="TestToCheckSwapOriginAndDestination" time="0.0" classname="com.mapsnq.assignment.DirectionModule">
    <skipped/>
  </testcase> <!-- TestToCheckSwapOriginAndDestination -->
  <testcase name="TestToCheckSwapOriginAndDestination" time="0.011" classname="com.mapsnq.assignment.DirectionModule">
    <failure type="java.lang.NullPointerException">
      <![CDATA[java.lang.NullPointerException
at com.paypal.selion.internal.utils.TestNGUtils.getInvokedMethodInformation(TestNGUtils.java:54)
at com.paypal.selion.internal.platform.grid.SeleniumGridListener.beforeInvocation(SeleniumGridListener.java:129)
... Removed 23 stack frames]]>
    </failure>
  </testcase> <!-- TestToCheckSwapOriginAndDestination -->
  <testcase name="TestToClickOnlyDirectionButton" time="0.0" classname="com.mapsnq.assignment.DirectionModule">
    <skipped/>
  </testcase> <!-- TestToClickOnlyDirectionButton -->
  <testcase name="TestToFatestDirection" time="0.0" classname="com.mapsnq.assignment.DirectionModule">
    <skipped/>
  </testcase> <!-- TestToFatestDirection -->
  <testcase name="TestToFatestDirection" time="0.012" classname="com.mapsnq.assignment.DirectionModule">
    <failure type="java.lang.NullPointerException">
      <![CDATA[java.lang.NullPointerException
at com.paypal.selion.internal.utils.TestNGUtils.getInvokedMethodInformation(TestNGUtils.java:54)
at com.paypal.selion.internal.platform.grid.SeleniumGridListener.beforeInvocation(SeleniumGridListener.java:129)
... Removed 23 stack frames]]>
    </failure>
  </testcase> <!-- TestToFatestDirection -->
  <testcase name="TestToShotestDirection" time="0.0" classname="com.mapsnq.assignment.DirectionModule">
    <skipped/>
  </testcase> <!-- TestToShotestDirection -->
  <testcase name="TestToUserNativgateToLiveIncidentPage" time="0.0" classname="com.mapsnq.assignment.LiveTrafficeModule">
    <skipped/>
  </testcase> <!-- TestToUserNativgateToLiveIncidentPage -->
  <testcase name="TestToUserNativgateToLiveIncidentPage" time="0.008" classname="com.mapsnq.assignment.LiveTrafficeModule">
    <failure type="java.lang.NullPointerException">
      <![CDATA[java.lang.NullPointerException
at com.paypal.selion.internal.utils.TestNGUtils.getInvokedMethodInformation(TestNGUtils.java:54)
at com.paypal.selion.internal.platform.grid.SeleniumGridListener.beforeInvocation(SeleniumGridListener.java:129)
... Removed 23 stack frames]]>
    </failure>
  </testcase> <!-- TestToUserNativgateToLiveIncidentPage -->
  <testcase name="TestToUserSeeListOfLiveIncidentPage" time="0.0" classname="com.mapsnq.assignment.LiveTrafficeModule">
    <skipped/>
  </testcase> <!-- TestToUserSeeListOfLiveIncidentPage -->
  <testcase name="TestToCheckListOfLiveCamerasPage" time="0.0" classname="com.mapsnq.assignment.LiveTrafficeModule">
    <skipped/>
  </testcase> <!-- TestToCheckListOfLiveCamerasPage -->
  <testcase name="TestToCheckListOfLiveCamerasPage" time="0.011" classname="com.mapsnq.assignment.LiveTrafficeModule">
    <failure type="java.lang.NullPointerException">
      <![CDATA[java.lang.NullPointerException
at com.paypal.selion.internal.utils.TestNGUtils.getInvokedMethodInformation(TestNGUtils.java:54)
at com.paypal.selion.internal.platform.grid.SeleniumGridListener.beforeInvocation(SeleniumGridListener.java:129)
... Removed 23 stack frames]]>
    </failure>
  </testcase> <!-- TestToCheckListOfLiveCamerasPage -->
  <testcase name="TestToCheckListOfLiveTollPage" time="0.0" classname="com.mapsnq.assignment.LiveTrafficeModule">
    <skipped/>
  </testcase> <!-- TestToCheckListOfLiveTollPage -->
  <testcase name="TestToCheckUserNavigateToLiveTollPage" time="0.0" classname="com.mapsnq.assignment.LiveTrafficeModule">
    <skipped/>
  </testcase> <!-- TestToCheckUserNavigateToLiveTollPage -->
  <testcase name="TestToCheckUserNavigateToLiveTollPage" time="0.018" classname="com.mapsnq.assignment.LiveTrafficeModule">
    <failure type="java.lang.NullPointerException">
      <![CDATA[java.lang.NullPointerException
at com.paypal.selion.internal.utils.TestNGUtils.getInvokedMethodInformation(TestNGUtils.java:54)
at com.paypal.selion.internal.platform.grid.SeleniumGridListener.beforeInvocation(SeleniumGridListener.java:129)
... Removed 23 stack frames]]>
    </failure>
  </testcase> <!-- TestToCheckUserNavigateToLiveTollPage -->
  <testcase name="TestToUserSeeLiveCamerasPage" time="0.0" classname="com.mapsnq.assignment.LiveTrafficeModule">
    <skipped/>
  </testcase> <!-- TestToUserSeeLiveCamerasPage -->
  <testcase name="SearchLocationWithInvalidData" time="0.0" classname="com.mapsnq.assignment.SearchModule">
    <ignored/>
  </testcase> <!-- SearchLocationWithInvalidData -->
</testsuite> <!-- FirefoxTest -->
