<?xml version="1.0" encoding="UTF-8"?>
<!-- Generated by org.testng.reporters.JUnitReportReporter -->
<testsuite skipped="15" hostname="monalisha" name="com.mapsnq.assignment.DirectionModule" tests="26" failures="0" timestamp="18 Feb 2019 09:29:39 GMT" time="423.446" errors="11">
  <testcase name="TestToCheckOnlyByGivingFromDirection" time="182.187" classname="com.mapsnq.assignment.DirectionModule">
    <skipped/>
  </testcase> <!-- TestToCheckOnlyByGivingFromDirection -->
  <testcase name="TestToShotestDirection" time="0.000" classname="com.mapsnq.assignment.DirectionModule">
    <skipped/>
  </testcase> <!-- TestToShotestDirection -->
  <testcase name="TestToCheckSwapOriginAndDestination" time="0.000" classname="com.mapsnq.assignment.DirectionModule">
    <skipped/>
  </testcase> <!-- TestToCheckSwapOriginAndDestination -->
  <testcase name="DirectionFromAndToPlace" time="20.069" classname="com.mapsnq.assignment.DirectionModule">
    <error type="org.openqa.selenium.ElementNotVisibleException" message="element not interactable
  (Session info: chrome=72.0.3626.109)
  (Driver info: chromedriver=72.0.3626.69 (3c16f8a135abc0d4da2dff33804db79b849a7c38),platform=Windows NT 6.2.9200 x86_64) (WARNING: The server did not provide any stacktrace information)
Command duration or timeout: 10.31 seconds
Build info: version: &#039;2.53.1&#039;, revision: &#039;a36b8b1cd5757287168e54b817830adce9b0158d&#039;, time: &#039;2016-06-30 19:26:09&#039;
System info: host: &#039;monalisha&#039;, ip: &#039;192.168.2.4&#039;, os.name: &#039;Windows 8&#039;, os.arch: &#039;amd64&#039;, os.version: &#039;6.2&#039;, java.version: &#039;1.8.0_191&#039;
Driver info: org.openqa.selenium.chrome.ChromeDriver
Capabilities [{mobileEmulationEnabled=false, timeouts={implicit=0, pageLoad=300000, script=30000}, hasTouchScreen=false, platform=WIN8, acceptSslCerts=false, goog:chromeOptions={debuggerAddress=localhost:53792}, acceptInsecureCerts=false, webStorageEnabled=true, browserName=chrome, takesScreenshot=true, javascriptEnabled=true, setWindowRect=true, unexpectedAlertBehaviour=ignore, applicationCacheEnabled=false, rotatable=false, networkConnectionEnabled=false, chrome={chromedriverVersion=72.0.3626.69 (3c16f8a135abc0d4da2dff33804db79b849a7c38), userDataDir=C:\Users\mamoni\AppData\Local\Temp\scoped_dir4404_26560}, takesHeapSnapshot=true, pageLoadStrategy=normal, databaseEnabled=false, handlesAlerts=true, version=72.0.3626.109, browserConnectionEnabled=false, proxy={}, nativeEvents=true, locationContextEnabled=true, cssSelectorsEnabled=true}]
Session ID: 82d6e6571a31f9df725836088c489493">
      <![CDATA[org.openqa.selenium.ElementNotVisibleException: element not interactable
  (Session info: chrome=72.0.3626.109)
  (Driver info: chromedriver=72.0.3626.69 (3c16f8a135abc0d4da2dff33804db79b849a7c38),platform=Windows NT 6.2.9200 x86_64) (WARNING: The server did not provide any stacktrace information)
Command duration or timeout: 10.31 seconds
Build info: version: '2.53.1', revision: 'a36b8b1cd5757287168e54b817830adce9b0158d', time: '2016-06-30 19:26:09'
System info: host: 'monalisha', ip: '192.168.2.4', os.name: 'Windows 8', os.arch: 'amd64', os.version: '6.2', java.version: '1.8.0_191'
Driver info: org.openqa.selenium.chrome.ChromeDriver
Capabilities [{mobileEmulationEnabled=false, timeouts={implicit=0, pageLoad=300000, script=30000}, hasTouchScreen=false, platform=WIN8, acceptSslCerts=false, goog:chromeOptions={debuggerAddress=localhost:53792}, acceptInsecureCerts=false, webStorageEnabled=true, browserName=chrome, takesScreenshot=true, javascriptEnabled=true, setWindowRect=true, unexpectedAlertBehaviour=ignore, applicationCacheEnabled=false, rotatable=false, networkConnectionEnabled=false, chrome={chromedriverVersion=72.0.3626.69 (3c16f8a135abc0d4da2dff33804db79b849a7c38), userDataDir=C:\Users\mamoni\AppData\Local\Temp\scoped_dir4404_26560}, takesHeapSnapshot=true, pageLoadStrategy=normal, databaseEnabled=false, handlesAlerts=true, version=72.0.3626.109, browserConnectionEnabled=false, proxy={}, nativeEvents=true, locationContextEnabled=true, cssSelectorsEnabled=true}]
Session ID: 82d6e6571a31f9df725836088c489493
at sun.reflect.NativeConstructorAccessorImpl.newInstance0(Native Method)
at sun.reflect.NativeConstructorAccessorImpl.newInstance(Unknown Source)
at sun.reflect.DelegatingConstructorAccessorImpl.newInstance(Unknown Source)
at java.lang.reflect.Constructor.newInstance(Unknown Source)
at org.openqa.selenium.remote.ErrorHandler.createThrowable(ErrorHandler.java:206)
at org.openqa.selenium.remote.ErrorHandler.throwIfResponseFailed(ErrorHandler.java:158)
at org.openqa.selenium.remote.RemoteWebDriver.execute(RemoteWebDriver.java:678)
at org.openqa.selenium.remote.RemoteWebElement.execute(RemoteWebElement.java:327)
at org.openqa.selenium.remote.RemoteWebElement.clear(RemoteWebElement.java:140)
at sun.reflect.NativeMethodAccessorImpl.invoke0(Native Method)
at sun.reflect.NativeMethodAccessorImpl.invoke(Unknown Source)
at sun.reflect.DelegatingMethodAccessorImpl.invoke(Unknown Source)
at java.lang.reflect.Method.invoke(Unknown Source)
at org.openqa.selenium.support.pagefactory.internal.LocatingElementHandler.invoke(LocatingElementHandler.java:51)
at com.sun.proxy.$Proxy8.clear(Unknown Source)
at com.mapsqn.assignment.webpage.Object.DirectionModulePage.navigateToDirection(DirectionModulePage.java:61)
at com.mapsnq.assignment.DirectionModule.DirectionFromAndToPlace(DirectionModule.java:24)
at sun.reflect.NativeMethodAccessorImpl.invoke0(Native Method)
at sun.reflect.NativeMethodAccessorImpl.invoke(Unknown Source)
at sun.reflect.DelegatingMethodAccessorImpl.invoke(Unknown Source)
at java.lang.reflect.Method.invoke(Unknown Source)
at org.testng.internal.MethodInvocationHelper.invokeMethod(MethodInvocationHelper.java:124)
at org.testng.internal.Invoker.invokeMethod(Invoker.java:580)
at org.testng.internal.Invoker.invokeTestMethod(Invoker.java:716)
at org.testng.internal.Invoker.invokeTestMethods(Invoker.java:988)
at org.testng.internal.TestMethodWorker.invokeTestMethods(TestMethodWorker.java:125)
at org.testng.internal.TestMethodWorker.run(TestMethodWorker.java:109)
at java.util.concurrent.ThreadPoolExecutor.runWorker(Unknown Source)
at java.util.concurrent.ThreadPoolExecutor$Worker.run(Unknown Source)
at java.lang.Thread.run(Unknown Source)
]]>
    </error>
  </testcase> <!-- DirectionFromAndToPlace -->
  <testcase name="TestToCheckOnlyByGivingToDirection" time="0.000" classname="com.mapsnq.assignment.DirectionModule">
    <skipped/>
  </testcase> <!-- TestToCheckOnlyByGivingToDirection -->
  <testcase name="setUp" time="108.512" classname="com.mapsnq.assignment.DirectionModule">
    <error type="org.openqa.selenium.WebDriverException" message="Failed to connect to binary FirefoxBinary(C:\Program Files (x86)\Mozilla Firefox\firefox.exe) on port 7055; process output follows: 
ionsURL&quot;:null,&quot;optionsType&quot;:null,&quot;optionsBrowserStyle&quot;:true,&quot;aboutURL&quot;:null,&quot;defaultLocale&quot;:{&quot;name&quot;:&quot;Web Compat&quot;,&quot;description&quot;:&quot;Urgent post-release fixes for web compatibility.&quot;,&quot;creator&quot;:null,&quot;developers&quot;:null,&quot;translators&quot;:null,&quot;contributors&quot;:null},&quot;visible&quot;:true,&quot;active&quot;:true,&quot;userDisabled&quot;:false,&quot;appDisabled&quot;:false,&quot;installDate&quot;:1549934285277,&quot;updateDate&quot;:1549934285277,&quot;applyBackgroundUpdates&quot;:1,&quot;path&quot;:&quot;C:\\Program Files (x86)\\Mozilla Firefox\\browser\\features\\webcompat@mozilla.org.xpi&quot;,&quot;skinnable&quot;:false,&quot;sourceURI&quot;:null,&quot;releaseNotesURI&quot;:null,&quot;softDisabled&quot;:false,&quot;foreignInstall&quot;:false,&quot;strictCompatibility&quot;:true,&quot;locales&quot;:[],&quot;targetApplications&quot;:[{&quot;id&quot;:&quot;toolkit@mozilla.org&quot;,&quot;minVersion&quot;:&quot;59.0b5&quot;,&quot;maxVersion&quot;:null}],&quot;targetPlatforms&quot;:[],&quot;seen&quot;:true,&quot;dependencies&quot;:[],&quot;userPermissions&quot;:{&quot;permissions&quot;:[&quot;webRequest&quot;,&quot;webRequestBlocking&quot;],&quot;origins&quot;:[&quot;&lt;all_urls&gt;&quot;]},&quot;icons&quot;:{},&quot;iconURL&quot;:null,&quot;blocklistState&quot;:0,&quot;blocklistURL&quot;:null,&quot;startupData&quot;:null,&quot;hidden&quot;:true,&quot;installTelemetryInfo&quot;:null,&quot;location&quot;:&quot;app-system-defaults&quot;}
1550482133902	addons.xpi-utils	DEBUG	Updating add-on states
1550482133904	addons.xpi	DEBUG	Calling bootstrap method startup on formautofill@mozilla.org version 1.0
1550482133907	addons.xpi	DEBUG	Calling bootstrap method startup on screenshots@mozilla.org version 35.0.0
1550482133908	addons.xpi	DEBUG	Calling bootstrap method startup on webcompat@mozilla.org version 3.0.0
1550482133910	addons.manager	DEBUG	Registering shutdown blocker for XPIProvider
1550482133910	addons.manager	DEBUG	Provider finished startup: XPIProvider
1550482133910	addons.manager	DEBUG	Starting provider: LightweightThemeManager
1550482133911	addons.manager	DEBUG	Registering shutdown blocker for LightweightThemeManager
1550482133911	addons.manager	DEBUG	Provider finished startup: LightweightThemeManager
1550482133912	addons.manager	DEBUG	Starting provider: GMPProvider
1550482133914	addons.manager	DEBUG	Registering shutdown blocker for GMPProvider
1550482133914	addons.manager	DEBUG	Provider finished startup: GMPProvider
1550482133914	addons.manager	DEBUG	Starting provider: PluginProvider
1550482133914	addons.manager	DEBUG	Registering shutdown blocker for PluginProvider
1550482133915	addons.manager	DEBUG	Provider finished startup: PluginProvider
1550482133920	addons.manager	DEBUG	Completed startup sequence
1550482136944	addons.xpi-utils	DEBUG	XPI Database saved, setting schema version preference to 28
1550482142881	addons.repository	DEBUG	No addons.json found.
1550482150120	addons.manager	DEBUG	Registering upgrade listener for formautofill@mozilla.org
[Child 6604, Chrome_ChildThread] WARNING: pipe error: 109: file z:/build/build/src/ipc/chromium/src/chrome/common/ipc_channel_win.cc, line 332
[Parent 2212, Gecko_IOThread] WARNING: file z:/build/build/src/ipc/chromium/src/base/process_util_win.cc, line 166
1550482156942	addons.xpi	DEBUG	Ignoring file: name is not a valid add-on ID: C:\Users\mamoni\AppData\Local\Temp\anonymous3621268536750953412webdriver-profile\extensions\webdriver-staging
1550482156942	addons.xpi	DEBUG	Existing add-on formautofill@mozilla.org in app-system-defaults
1550482156943	addons.xpi	DEBUG	Existing add-on screenshots@mozilla.org in app-system-defaults
1550482156943	addons.xpi	DEBUG	Existing add-on webcompat-reporter@mozilla.org in app-system-defaults
1550482156944	addons.xpi	DEBUG	Existing add-on webcompat@mozilla.org in app-system-defaults
1550482156945	addons.xpi	DEBUG	scanForChanges changed: false, state: {}
JavaScript error: resource://gre/modules/addons/XPIProvider.jsm, line 2625: TypeError: addon is null
1550482164097	addons.productaddons	INFO	sending request to: https://aus5.mozilla.org/update/3/GMP/65.0.1/20190211233335/WINNT_x86-msvc-x64/en-US/release/Windows_NT%206.2.0.0.9200%20(x64)/default/default/update.xml
1550482165523	addons.productaddons	INFO	Completed downloading document
1550482168322	addons.productaddons	INFO	downloadXHR File download. status=200
1550482168324	addons.productaddons	INFO	Downloaded file will be saved to C:\Users\mamoni\AppData\Local\Temp\tmpaddon

Build info: version: &#039;2.53.1&#039;, revision: &#039;a36b8b1cd5757287168e54b817830adce9b0158d&#039;, time: &#039;2016-06-30 19:26:09&#039;
System info: host: &#039;monalisha&#039;, ip: &#039;192.168.2.4&#039;, os.name: &#039;Windows 8&#039;, os.arch: &#039;amd64&#039;, os.version: &#039;6.2&#039;, java.version: &#039;1.8.0_191&#039;
Driver info: driver.version: FirefoxDriver">
      <![CDATA[org.openqa.selenium.WebDriverException: Failed to connect to binary FirefoxBinary(C:\Program Files (x86)\Mozilla Firefox\firefox.exe) on port 7055; process output follows: 
ionsURL":null,"optionsType":null,"optionsBrowserStyle":true,"aboutURL":null,"defaultLocale":{"name":"Web Compat","description":"Urgent post-release fixes for web compatibility.","creator":null,"developers":null,"translators":null,"contributors":null},"visible":true,"active":true,"userDisabled":false,"appDisabled":false,"installDate":1549934285277,"updateDate":1549934285277,"applyBackgroundUpdates":1,"path":"C:\\Program Files (x86)\\Mozilla Firefox\\browser\\features\\webcompat@mozilla.org.xpi","skinnable":false,"sourceURI":null,"releaseNotesURI":null,"softDisabled":false,"foreignInstall":false,"strictCompatibility":true,"locales":[],"targetApplications":[{"id":"toolkit@mozilla.org","minVersion":"59.0b5","maxVersion":null}],"targetPlatforms":[],"seen":true,"dependencies":[],"userPermissions":{"permissions":["webRequest","webRequestBlocking"],"origins":["<all_urls>"]},"icons":{},"iconURL":null,"blocklistState":0,"blocklistURL":null,"startupData":null,"hidden":true,"installTelemetryInfo":null,"location":"app-system-defaults"}
1550482133902addons.xpi-utilsDEBUGUpdating add-on states
1550482133904addons.xpiDEBUGCalling bootstrap method startup on formautofill@mozilla.org version 1.0
1550482133907addons.xpiDEBUGCalling bootstrap method startup on screenshots@mozilla.org version 35.0.0
1550482133908addons.xpiDEBUGCalling bootstrap method startup on webcompat@mozilla.org version 3.0.0
1550482133910addons.managerDEBUGRegistering shutdown blocker for XPIProvider
1550482133910addons.managerDEBUGProvider finished startup: XPIProvider
1550482133910addons.managerDEBUGStarting provider: LightweightThemeManager
1550482133911addons.managerDEBUGRegistering shutdown blocker for LightweightThemeManager
1550482133911addons.managerDEBUGProvider finished startup: LightweightThemeManager
1550482133912addons.managerDEBUGStarting provider: GMPProvider
1550482133914addons.managerDEBUGRegistering shutdown blocker for GMPProvider
1550482133914addons.managerDEBUGProvider finished startup: GMPProvider
1550482133914addons.managerDEBUGStarting provider: PluginProvider
1550482133914addons.managerDEBUGRegistering shutdown blocker for PluginProvider
1550482133915addons.managerDEBUGProvider finished startup: PluginProvider
1550482133920addons.managerDEBUGCompleted startup sequence
1550482136944addons.xpi-utilsDEBUGXPI Database saved, setting schema version preference to 28
1550482142881addons.repositoryDEBUGNo addons.json found.
1550482150120addons.managerDEBUGRegistering upgrade listener for formautofill@mozilla.org
[Child 6604, Chrome_ChildThread] WARNING: pipe error: 109: file z:/build/build/src/ipc/chromium/src/chrome/common/ipc_channel_win.cc, line 332
[Parent 2212, Gecko_IOThread] WARNING: file z:/build/build/src/ipc/chromium/src/base/process_util_win.cc, line 166
1550482156942addons.xpiDEBUGIgnoring file: name is not a valid add-on ID: C:\Users\mamoni\AppData\Local\Temp\anonymous3621268536750953412webdriver-profile\extensions\webdriver-staging
1550482156942addons.xpiDEBUGExisting add-on formautofill@mozilla.org in app-system-defaults
1550482156943addons.xpiDEBUGExisting add-on screenshots@mozilla.org in app-system-defaults
1550482156943addons.xpiDEBUGExisting add-on webcompat-reporter@mozilla.org in app-system-defaults
1550482156944addons.xpiDEBUGExisting add-on webcompat@mozilla.org in app-system-defaults
1550482156945addons.xpiDEBUGscanForChanges changed: false, state: {}
JavaScript error: resource://gre/modules/addons/XPIProvider.jsm, line 2625: TypeError: addon is null
1550482164097addons.productaddonsINFOsending request to: https://aus5.mozilla.org/update/3/GMP/65.0.1/20190211233335/WINNT_x86-msvc-x64/en-US/release/Windows_NT%206.2.0.0.9200%20(x64)/default/default/update.xml
1550482165523addons.productaddonsINFOCompleted downloading document
1550482168322addons.productaddonsINFOdownloadXHR File download. status=200
1550482168324addons.productaddonsINFODownloaded file will be saved to C:\Users\mamoni\AppData\Local\Temp\tmpaddon

Build info: version: '2.53.1', revision: 'a36b8b1cd5757287168e54b817830adce9b0158d', time: '2016-06-30 19:26:09'
System info: host: 'monalisha', ip: '192.168.2.4', os.name: 'Windows 8', os.arch: 'amd64', os.version: '6.2', java.version: '1.8.0_191'
Driver info: driver.version: FirefoxDriver
at org.openqa.selenium.firefox.internal.NewProfileExtensionConnection.start(NewProfileExtensionConnection.java:125)
at org.openqa.selenium.firefox.FirefoxDriver.startClient(FirefoxDriver.java:271)
at org.openqa.selenium.remote.RemoteWebDriver.<init>(RemoteWebDriver.java:119)
at org.openqa.selenium.firefox.FirefoxDriver.<init>(FirefoxDriver.java:216)
at org.openqa.selenium.firefox.FirefoxDriver.<init>(FirefoxDriver.java:211)
at org.openqa.selenium.firefox.FirefoxDriver.<init>(FirefoxDriver.java:207)
at org.openqa.selenium.firefox.FirefoxDriver.<init>(FirefoxDriver.java:120)
at commapsnq.assignment.test.utility.WebBaseTest2.setUp(WebBaseTest2.java:76)
at sun.reflect.NativeMethodAccessorImpl.invoke0(Native Method)
at sun.reflect.NativeMethodAccessorImpl.invoke(Unknown Source)
at sun.reflect.DelegatingMethodAccessorImpl.invoke(Unknown Source)
at java.lang.reflect.Method.invoke(Unknown Source)
at org.testng.internal.MethodInvocationHelper.invokeMethod(MethodInvocationHelper.java:124)
at org.testng.internal.MethodInvocationHelper.invokeMethodConsideringTimeout(MethodInvocationHelper.java:59)
at org.testng.internal.Invoker.invokeConfigurationMethod(Invoker.java:455)
at org.testng.internal.Invoker.invokeConfigurations(Invoker.java:222)
at org.testng.internal.Invoker.invokeMethod(Invoker.java:520)
at org.testng.internal.Invoker.invokeTestMethod(Invoker.java:716)
at org.testng.internal.Invoker.invokeTestMethods(Invoker.java:988)
at org.testng.internal.TestMethodWorker.invokeTestMethods(TestMethodWorker.java:125)
at org.testng.internal.TestMethodWorker.run(TestMethodWorker.java:109)
at java.util.concurrent.ThreadPoolExecutor.runWorker(Unknown Source)
at java.util.concurrent.ThreadPoolExecutor$Worker.run(Unknown Source)
at java.lang.Thread.run(Unknown Source)
Caused by: org.openqa.selenium.firefox.NotConnectedException: Unable to connect to host 127.0.0.1 on port 7055 after 45000 ms. Firefox console output:
ionsURL":null,"optionsType":null,"optionsBrowserStyle":true,"aboutURL":null,"defaultLocale":{"name":"Web Compat","description":"Urgent post-release fixes for web compatibility.","creator":null,"developers":null,"translators":null,"contributors":null},"visible":true,"active":true,"userDisabled":false,"appDisabled":false,"installDate":1549934285277,"updateDate":1549934285277,"applyBackgroundUpdates":1,"path":"C:\\Program Files (x86)\\Mozilla Firefox\\browser\\features\\webcompat@mozilla.org.xpi","skinnable":false,"sourceURI":null,"releaseNotesURI":null,"softDisabled":false,"foreignInstall":false,"strictCompatibility":true,"locales":[],"targetApplications":[{"id":"toolkit@mozilla.org","minVersion":"59.0b5","maxVersion":null}],"targetPlatforms":[],"seen":true,"dependencies":[],"userPermissions":{"permissions":["webRequest","webRequestBlocking"],"origins":["<all_urls>"]},"icons":{},"iconURL":null,"blocklistState":0,"blocklistURL":null,"startupData":null,"hidden":true,"installTelemetryInfo":null,"location":"app-system-defaults"}
1550482133902addons.xpi-utilsDEBUGUpdating add-on states
1550482133904addons.xpiDEBUGCalling bootstrap method startup on formautofill@mozilla.org version 1.0
1550482133907addons.xpiDEBUGCalling bootstrap method startup on screenshots@mozilla.org version 35.0.0
1550482133908addons.xpiDEBUGCalling bootstrap method startup on webcompat@mozilla.org version 3.0.0
1550482133910addons.managerDEBUGRegistering shutdown blocker for XPIProvider
1550482133910addons.managerDEBUGProvider finished startup: XPIProvider
1550482133910addons.managerDEBUGStarting provider: LightweightThemeManager
1550482133911addons.managerDEBUGRegistering shutdown blocker for LightweightThemeManager
1550482133911addons.managerDEBUGProvider finished startup: LightweightThemeManager
1550482133912addons.managerDEBUGStarting provider: GMPProvider
1550482133914addons.managerDEBUGRegistering shutdown blocker for GMPProvider
1550482133914addons.managerDEBUGProvider finished startup: GMPProvider
1550482133914addons.managerDEBUGStarting provider: PluginProvider
1550482133914addons.managerDEBUGRegistering shutdown blocker for PluginProvider
1550482133915addons.managerDEBUGProvider finished startup: PluginProvider
1550482133920addons.managerDEBUGCompleted startup sequence
1550482136944addons.xpi-utilsDEBUGXPI Database saved, setting schema version preference to 28
1550482142881addons.repositoryDEBUGNo addons.json found.
1550482150120addons.managerDEBUGRegistering upgrade listener for formautofill@mozilla.org
[Child 6604, Chrome_ChildThread] WARNING: pipe error: 109: file z:/build/build/src/ipc/chromium/src/chrome/common/ipc_channel_win.cc, line 332
[Parent 2212, Gecko_IOThread] WARNING: file z:/build/build/src/ipc/chromium/src/base/process_util_win.cc, line 166
1550482156942addons.xpiDEBUGIgnoring file: name is not a valid add-on ID: C:\Users\mamoni\AppData\Local\Temp\anonymous3621268536750953412webdriver-profile\extensions\webdriver-staging
1550482156942addons.xpiDEBUGExisting add-on formautofill@mozilla.org in app-system-defaults
1550482156943addons.xpiDEBUGExisting add-on screenshots@mozilla.org in app-system-defaults
1550482156943addons.xpiDEBUGExisting add-on webcompat-reporter@mozilla.org in app-system-defaults
1550482156944addons.xpiDEBUGExisting add-on webcompat@mozilla.org in app-system-defaults
1550482156945addons.xpiDEBUGscanForChanges changed: false, state: {}
JavaScript error: resource://gre/modules/addons/XPIProvider.jsm, line 2625: TypeError: addon is null
1550482164097addons.productaddonsINFOsending request to: https://aus5.mozilla.org/update/3/GMP/65.0.1/20190211233335/WINNT_x86-msvc-x64/en-US/release/Windows_NT%206.2.0.0.9200%20(x64)/default/default/update.xml
1550482165523addons.productaddonsINFOCompleted downloading document
1550482168322addons.productaddonsINFOdownloadXHR File download. status=200
1550482168324addons.productaddonsINFODownloaded file will be saved to C:\Users\mamoni\AppData\Local\Temp\tmpaddon

at org.openqa.selenium.firefox.internal.NewProfileExtensionConnection.start(NewProfileExtensionConnection.java:113)
... 23 more
]]>
    </error>
  </testcase> <!-- setUp -->
  <testcase name="TestToCheckSwapOriginAndDestination" time="0.015" classname="com.mapsnq.assignment.DirectionModule">
    <error type="java.lang.NullPointerException">
      <![CDATA[java.lang.NullPointerException
at com.paypal.selion.internal.utils.TestNGUtils.getInvokedMethodInformation(TestNGUtils.java:54)
at com.paypal.selion.internal.platform.grid.SeleniumGridListener.beforeInvocation(SeleniumGridListener.java:129)
at org.testng.internal.invokers.InvokedMethodListenerInvoker$InvokeBeforeInvocationWithoutContextStrategy.callMethod(InvokedMethodListenerInvoker.java:84)
at org.testng.internal.invokers.InvokedMethodListenerInvoker.invokeListener(InvokedMethodListenerInvoker.java:62)
at org.testng.internal.Invoker.runInvokedMethodListeners(Invoker.java:490)
at org.testng.internal.Invoker.invokeMethod(Invoker.java:530)
at org.testng.internal.Invoker.invokeTestMethod(Invoker.java:716)
at org.testng.internal.Invoker.invokeTestMethods(Invoker.java:988)
at org.testng.internal.TestMethodWorker.invokeTestMethods(TestMethodWorker.java:125)
at org.testng.internal.TestMethodWorker.run(TestMethodWorker.java:109)
at java.util.concurrent.ThreadPoolExecutor.runWorker(Unknown Source)
at java.util.concurrent.ThreadPoolExecutor$Worker.run(Unknown Source)
at java.lang.Thread.run(Unknown Source)
]]>
    </error>
  </testcase> <!-- TestToCheckSwapOriginAndDestination -->
  <testcase name="TestToCheckOnlyByGivingFromDirection" time="0.000" classname="com.mapsnq.assignment.DirectionModule">
    <error type="java.lang.NullPointerException">
      <![CDATA[java.lang.NullPointerException
at com.paypal.selion.internal.utils.TestNGUtils.getInvokedMethodInformation(TestNGUtils.java:54)
at com.paypal.selion.internal.platform.grid.SeleniumGridListener.beforeInvocation(SeleniumGridListener.java:129)
at org.testng.internal.invokers.InvokedMethodListenerInvoker$InvokeBeforeInvocationWithoutContextStrategy.callMethod(InvokedMethodListenerInvoker.java:84)
at org.testng.internal.invokers.InvokedMethodListenerInvoker.invokeListener(InvokedMethodListenerInvoker.java:62)
at org.testng.internal.Invoker.runInvokedMethodListeners(Invoker.java:490)
at org.testng.internal.Invoker.invokeMethod(Invoker.java:530)
at org.testng.internal.Invoker.invokeTestMethod(Invoker.java:716)
at org.testng.internal.Invoker.invokeTestMethods(Invoker.java:988)
at org.testng.internal.TestMethodWorker.invokeTestMethods(TestMethodWorker.java:125)
at org.testng.internal.TestMethodWorker.run(TestMethodWorker.java:109)
at java.util.concurrent.ThreadPoolExecutor.runWorker(Unknown Source)
at java.util.concurrent.ThreadPoolExecutor$Worker.run(Unknown Source)
at java.lang.Thread.run(Unknown Source)
]]>
    </error>
  </testcase> <!-- TestToCheckOnlyByGivingFromDirection -->
  <testcase name="DirectionFromAndToPlace" time="0.000" classname="com.mapsnq.assignment.DirectionModule">
    <skipped/>
  </testcase> <!-- DirectionFromAndToPlace -->
  <testcase name="TestToShotestDirection" time="0.016" classname="com.mapsnq.assignment.DirectionModule">
    <error type="java.lang.NullPointerException">
      <![CDATA[java.lang.NullPointerException
at com.paypal.selion.internal.utils.TestNGUtils.getInvokedMethodInformation(TestNGUtils.java:54)
at com.paypal.selion.internal.platform.grid.SeleniumGridListener.beforeInvocation(SeleniumGridListener.java:129)
at org.testng.internal.invokers.InvokedMethodListenerInvoker$InvokeBeforeInvocationWithoutContextStrategy.callMethod(InvokedMethodListenerInvoker.java:84)
at org.testng.internal.invokers.InvokedMethodListenerInvoker.invokeListener(InvokedMethodListenerInvoker.java:62)
at org.testng.internal.Invoker.runInvokedMethodListeners(Invoker.java:490)
at org.testng.internal.Invoker.invokeMethod(Invoker.java:530)
at org.testng.internal.Invoker.invokeTestMethod(Invoker.java:716)
at org.testng.internal.Invoker.invokeTestMethods(Invoker.java:988)
at org.testng.internal.TestMethodWorker.invokeTestMethods(TestMethodWorker.java:125)
at org.testng.internal.TestMethodWorker.run(TestMethodWorker.java:109)
at java.util.concurrent.ThreadPoolExecutor.runWorker(Unknown Source)
at java.util.concurrent.ThreadPoolExecutor$Worker.run(Unknown Source)
at java.lang.Thread.run(Unknown Source)
]]>
    </error>
  </testcase> <!-- TestToShotestDirection -->
  <testcase name="TestToShotestDirection" time="0.000" classname="com.mapsnq.assignment.DirectionModule">
    <skipped/>
  </testcase> <!-- TestToShotestDirection -->
  <testcase name="TestToCheckOnlyByGivingToDirection" time="0.000" classname="com.mapsnq.assignment.DirectionModule">
    <error type="java.lang.NullPointerException">
      <![CDATA[java.lang.NullPointerException
at com.paypal.selion.internal.utils.TestNGUtils.getInvokedMethodInformation(TestNGUtils.java:54)
at com.paypal.selion.internal.platform.grid.SeleniumGridListener.beforeInvocation(SeleniumGridListener.java:129)
at org.testng.internal.invokers.InvokedMethodListenerInvoker$InvokeBeforeInvocationWithoutContextStrategy.callMethod(InvokedMethodListenerInvoker.java:84)
at org.testng.internal.invokers.InvokedMethodListenerInvoker.invokeListener(InvokedMethodListenerInvoker.java:62)
at org.testng.internal.Invoker.runInvokedMethodListeners(Invoker.java:490)
at org.testng.internal.Invoker.invokeMethod(Invoker.java:530)
at org.testng.internal.Invoker.invokeTestMethod(Invoker.java:716)
at org.testng.internal.Invoker.invokeTestMethods(Invoker.java:988)
at org.testng.internal.TestMethodWorker.invokeTestMethods(TestMethodWorker.java:125)
at org.testng.internal.TestMethodWorker.run(TestMethodWorker.java:109)
at java.util.concurrent.ThreadPoolExecutor.runWorker(Unknown Source)
at java.util.concurrent.ThreadPoolExecutor$Worker.run(Unknown Source)
at java.lang.Thread.run(Unknown Source)
]]>
    </error>
  </testcase> <!-- TestToCheckOnlyByGivingToDirection -->
  <testcase name="TestToClickOnlyDirectionButton" time="0.000" classname="com.mapsnq.assignment.DirectionModule">
    <skipped/>
  </testcase> <!-- TestToClickOnlyDirectionButton -->
  <testcase name="TestToFatestDirection" time="0.000" classname="com.mapsnq.assignment.DirectionModule">
    <error type="java.lang.NullPointerException">
      <![CDATA[java.lang.NullPointerException
at com.paypal.selion.internal.utils.TestNGUtils.getInvokedMethodInformation(TestNGUtils.java:54)
at com.paypal.selion.internal.platform.grid.SeleniumGridListener.beforeInvocation(SeleniumGridListener.java:129)
at org.testng.internal.invokers.InvokedMethodListenerInvoker$InvokeBeforeInvocationWithoutContextStrategy.callMethod(InvokedMethodListenerInvoker.java:84)
at org.testng.internal.invokers.InvokedMethodListenerInvoker.invokeListener(InvokedMethodListenerInvoker.java:62)
at org.testng.internal.Invoker.runInvokedMethodListeners(Invoker.java:490)
at org.testng.internal.Invoker.invokeMethod(Invoker.java:530)
at org.testng.internal.Invoker.invokeTestMethod(Invoker.java:716)
at org.testng.internal.Invoker.invokeTestMethods(Invoker.java:988)
at org.testng.internal.TestMethodWorker.invokeTestMethods(TestMethodWorker.java:125)
at org.testng.internal.TestMethodWorker.run(TestMethodWorker.java:109)
at java.util.concurrent.ThreadPoolExecutor.runWorker(Unknown Source)
at java.util.concurrent.ThreadPoolExecutor$Worker.run(Unknown Source)
at java.lang.Thread.run(Unknown Source)
]]>
    </error>
  </testcase> <!-- TestToFatestDirection -->
  <testcase name="TestClearRouteLink" time="0.000" classname="com.mapsnq.assignment.DirectionModule">
    <skipped/>
  </testcase> <!-- TestClearRouteLink -->
  <testcase name="TestClearRouteLink" time="0.016" classname="com.mapsnq.assignment.DirectionModule">
    <error type="java.lang.NullPointerException">
      <![CDATA[java.lang.NullPointerException
at com.paypal.selion.internal.utils.TestNGUtils.getInvokedMethodInformation(TestNGUtils.java:54)
at com.paypal.selion.internal.platform.grid.SeleniumGridListener.beforeInvocation(SeleniumGridListener.java:129)
at org.testng.internal.invokers.InvokedMethodListenerInvoker$InvokeBeforeInvocationWithoutContextStrategy.callMethod(InvokedMethodListenerInvoker.java:84)
at org.testng.internal.invokers.InvokedMethodListenerInvoker.invokeListener(InvokedMethodListenerInvoker.java:62)
at org.testng.internal.Invoker.runInvokedMethodListeners(Invoker.java:490)
at org.testng.internal.Invoker.invokeMethod(Invoker.java:530)
at org.testng.internal.Invoker.invokeTestMethod(Invoker.java:716)
at org.testng.internal.Invoker.invokeTestMethods(Invoker.java:988)
at org.testng.internal.TestMethodWorker.invokeTestMethods(TestMethodWorker.java:125)
at org.testng.internal.TestMethodWorker.run(TestMethodWorker.java:109)
at java.util.concurrent.ThreadPoolExecutor.runWorker(Unknown Source)
at java.util.concurrent.ThreadPoolExecutor$Worker.run(Unknown Source)
at java.lang.Thread.run(Unknown Source)
]]>
    </error>
  </testcase> <!-- TestClearRouteLink -->
  <testcase name="TestToCheckOnlyByGivingToDirection" time="0.000" classname="com.mapsnq.assignment.DirectionModule">
    <skipped/>
  </testcase> <!-- TestToCheckOnlyByGivingToDirection -->
  <testcase name="TestToClickOnlyDirectionButton" time="0.015" classname="com.mapsnq.assignment.DirectionModule">
    <error type="java.lang.NullPointerException">
      <![CDATA[java.lang.NullPointerException
at com.paypal.selion.internal.utils.TestNGUtils.getInvokedMethodInformation(TestNGUtils.java:54)
at com.paypal.selion.internal.platform.grid.SeleniumGridListener.beforeInvocation(SeleniumGridListener.java:129)
at org.testng.internal.invokers.InvokedMethodListenerInvoker$InvokeBeforeInvocationWithoutContextStrategy.callMethod(InvokedMethodListenerInvoker.java:84)
at org.testng.internal.invokers.InvokedMethodListenerInvoker.invokeListener(InvokedMethodListenerInvoker.java:62)
at org.testng.internal.Invoker.runInvokedMethodListeners(Invoker.java:490)
at org.testng.internal.Invoker.invokeMethod(Invoker.java:530)
at org.testng.internal.Invoker.invokeTestMethod(Invoker.java:716)
at org.testng.internal.Invoker.invokeTestMethods(Invoker.java:988)
at org.testng.internal.TestMethodWorker.invokeTestMethods(TestMethodWorker.java:125)
at org.testng.internal.TestMethodWorker.run(TestMethodWorker.java:109)
at java.util.concurrent.ThreadPoolExecutor.runWorker(Unknown Source)
at java.util.concurrent.ThreadPoolExecutor$Worker.run(Unknown Source)
at java.lang.Thread.run(Unknown Source)
]]>
    </error>
  </testcase> <!-- TestToClickOnlyDirectionButton -->
  <testcase name="tearDown" time="4.089" classname="com.mapsnq.assignment.DirectionModule">
    <error type="org.openqa.selenium.remote.UnreachableBrowserException" message="Error communicating with the remote browser. It may have died.
Build info: version: &#039;2.53.1&#039;, revision: &#039;a36b8b1cd5757287168e54b817830adce9b0158d&#039;, time: &#039;2016-06-30 19:26:09&#039;
System info: host: &#039;monalisha&#039;, ip: &#039;192.168.2.4&#039;, os.name: &#039;Windows 8&#039;, os.arch: &#039;amd64&#039;, os.version: &#039;6.2&#039;, java.version: &#039;1.8.0_191&#039;
Driver info: driver.version: RemoteWebDriver
Capabilities [{mobileEmulationEnabled=false, timeouts={implicit=0, pageLoad=300000, script=30000}, hasTouchScreen=false, platform=WIN8, acceptSslCerts=false, goog:chromeOptions={debuggerAddress=localhost:53792}, acceptInsecureCerts=false, webStorageEnabled=true, browserName=chrome, takesScreenshot=true, javascriptEnabled=true, setWindowRect=true, unexpectedAlertBehaviour=ignore, applicationCacheEnabled=false, rotatable=false, networkConnectionEnabled=false, chrome={chromedriverVersion=72.0.3626.69 (3c16f8a135abc0d4da2dff33804db79b849a7c38), userDataDir=C:\Users\mamoni\AppData\Local\Temp\scoped_dir4404_26560}, takesHeapSnapshot=true, pageLoadStrategy=normal, databaseEnabled=false, handlesAlerts=true, version=72.0.3626.109, browserConnectionEnabled=false, proxy={}, nativeEvents=true, locationContextEnabled=true, cssSelectorsEnabled=true}]">
      <![CDATA[org.openqa.selenium.remote.UnreachableBrowserException: Error communicating with the remote browser. It may have died.
Build info: version: '2.53.1', revision: 'a36b8b1cd5757287168e54b817830adce9b0158d', time: '2016-06-30 19:26:09'
System info: host: 'monalisha', ip: '192.168.2.4', os.name: 'Windows 8', os.arch: 'amd64', os.version: '6.2', java.version: '1.8.0_191'
Driver info: driver.version: RemoteWebDriver
Capabilities [{mobileEmulationEnabled=false, timeouts={implicit=0, pageLoad=300000, script=30000}, hasTouchScreen=false, platform=WIN8, acceptSslCerts=false, goog:chromeOptions={debuggerAddress=localhost:53792}, acceptInsecureCerts=false, webStorageEnabled=true, browserName=chrome, takesScreenshot=true, javascriptEnabled=true, setWindowRect=true, unexpectedAlertBehaviour=ignore, applicationCacheEnabled=false, rotatable=false, networkConnectionEnabled=false, chrome={chromedriverVersion=72.0.3626.69 (3c16f8a135abc0d4da2dff33804db79b849a7c38), userDataDir=C:\Users\mamoni\AppData\Local\Temp\scoped_dir4404_26560}, takesHeapSnapshot=true, pageLoadStrategy=normal, databaseEnabled=false, handlesAlerts=true, version=72.0.3626.109, browserConnectionEnabled=false, proxy={}, nativeEvents=true, locationContextEnabled=true, cssSelectorsEnabled=true}]
at org.openqa.selenium.remote.RemoteWebDriver.execute(RemoteWebDriver.java:665)
at org.openqa.selenium.remote.RemoteWebDriver.execute(RemoteWebDriver.java:701)
at org.openqa.selenium.remote.RemoteWebDriver.quit(RemoteWebDriver.java:526)
at commapsnq.assignment.test.utility.WebBaseTest2.tearDown(WebBaseTest2.java:122)
at sun.reflect.NativeMethodAccessorImpl.invoke0(Native Method)
at sun.reflect.NativeMethodAccessorImpl.invoke(Unknown Source)
at sun.reflect.DelegatingMethodAccessorImpl.invoke(Unknown Source)
at java.lang.reflect.Method.invoke(Unknown Source)
at org.testng.internal.MethodInvocationHelper.invokeMethod(MethodInvocationHelper.java:124)
at org.testng.internal.MethodInvocationHelper.invokeMethodConsideringTimeout(MethodInvocationHelper.java:59)
at org.testng.internal.Invoker.invokeConfigurationMethod(Invoker.java:455)
at org.testng.internal.Invoker.invokeConfigurations(Invoker.java:222)
at org.testng.internal.Invoker.invokeMethod(Invoker.java:643)
at org.testng.internal.Invoker.invokeTestMethod(Invoker.java:716)
at org.testng.internal.Invoker.invokeTestMethods(Invoker.java:988)
at org.testng.internal.TestMethodWorker.invokeTestMethods(TestMethodWorker.java:125)
at org.testng.internal.TestMethodWorker.run(TestMethodWorker.java:109)
at java.util.concurrent.ThreadPoolExecutor.runWorker(Unknown Source)
at java.util.concurrent.ThreadPoolExecutor$Worker.run(Unknown Source)
at java.lang.Thread.run(Unknown Source)
Caused by: org.openqa.selenium.WebDriverException: org.apache.http.conn.HttpHostConnectException: Connect to localhost:3084 [localhost/127.0.0.1, localhost/0:0:0:0:0:0:0:1] failed: Connection refused: connect
Build info: version: '2.53.1', revision: 'a36b8b1cd5757287168e54b817830adce9b0158d', time: '2016-06-30 19:26:09'
System info: host: 'monalisha', ip: '192.168.2.4', os.name: 'Windows 8', os.arch: 'amd64', os.version: '6.2', java.version: '1.8.0_191'
Driver info: driver.version: RemoteWebDriver
at org.openqa.selenium.remote.service.DriverCommandExecutor.execute(DriverCommandExecutor.java:91)
at org.openqa.selenium.remote.RemoteWebDriver.execute(RemoteWebDriver.java:644)
... 19 more
Caused by: org.apache.http.conn.HttpHostConnectException: Connect to localhost:3084 [localhost/127.0.0.1, localhost/0:0:0:0:0:0:0:1] failed: Connection refused: connect
at org.apache.http.impl.conn.DefaultHttpClientConnectionOperator.connect(DefaultHttpClientConnectionOperator.java:151)
at org.apache.http.impl.conn.PoolingHttpClientConnectionManager.connect(PoolingHttpClientConnectionManager.java:353)
at org.apache.http.impl.execchain.MainClientExec.establishRoute(MainClientExec.java:380)
at org.apache.http.impl.execchain.MainClientExec.execute(MainClientExec.java:236)
at org.apache.http.impl.execchain.ProtocolExec.execute(ProtocolExec.java:184)
at org.apache.http.impl.execchain.RetryExec.execute(RetryExec.java:88)
at org.apache.http.impl.execchain.RedirectExec.execute(RedirectExec.java:110)
at org.apache.http.impl.client.InternalHttpClient.doExecute(InternalHttpClient.java:184)
at org.apache.http.impl.client.CloseableHttpClient.execute(CloseableHttpClient.java:71)
at org.apache.http.impl.client.CloseableHttpClient.execute(CloseableHttpClient.java:55)
at org.openqa.selenium.remote.internal.ApacheHttpClient.fallBackExecute(ApacheHttpClient.java:144)
at org.openqa.selenium.remote.internal.ApacheHttpClient.execute(ApacheHttpClient.java:90)
at org.openqa.selenium.remote.HttpCommandExecutor.execute(HttpCommandExecutor.java:142)
at org.openqa.selenium.remote.service.DriverCommandExecutor.execute(DriverCommandExecutor.java:82)
... 20 more
Caused by: java.net.ConnectException: Connection refused: connect
at java.net.DualStackPlainSocketImpl.waitForConnect(Native Method)
at java.net.DualStackPlainSocketImpl.socketConnect(Unknown Source)
at java.net.AbstractPlainSocketImpl.doConnect(Unknown Source)
at java.net.AbstractPlainSocketImpl.connectToAddress(Unknown Source)
at java.net.AbstractPlainSocketImpl.connect(Unknown Source)
at java.net.PlainSocketImpl.connect(Unknown Source)
at java.net.SocksSocketImpl.connect(Unknown Source)
at java.net.Socket.connect(Unknown Source)
at org.apache.http.conn.socket.PlainConnectionSocketFactory.connectSocket(PlainConnectionSocketFactory.java:74)
at org.apache.http.impl.conn.DefaultHttpClientConnectionOperator.connect(DefaultHttpClientConnectionOperator.java:134)
... 33 more
]]>
    </error>
  </testcase> <!-- tearDown -->
  <testcase name="TestClearRouteLink" time="0.000" classname="com.mapsnq.assignment.DirectionModule">
    <skipped/>
  </testcase> <!-- TestClearRouteLink -->
  <testcase name="DirectionFromAndToPlace" time="108.527" classname="com.mapsnq.assignment.DirectionModule">
    <error type="java.lang.NullPointerException">
      <![CDATA[java.lang.NullPointerException
at com.paypal.selion.internal.utils.TestNGUtils.getInvokedMethodInformation(TestNGUtils.java:54)
at com.paypal.selion.internal.platform.grid.SeleniumGridListener.beforeInvocation(SeleniumGridListener.java:129)
at org.testng.internal.invokers.InvokedMethodListenerInvoker$InvokeBeforeInvocationWithoutContextStrategy.callMethod(InvokedMethodListenerInvoker.java:84)
at org.testng.internal.invokers.InvokedMethodListenerInvoker.invokeListener(InvokedMethodListenerInvoker.java:62)
at org.testng.internal.Invoker.runInvokedMethodListeners(Invoker.java:490)
at org.testng.internal.Invoker.invokeMethod(Invoker.java:530)
at org.testng.internal.Invoker.invokeTestMethod(Invoker.java:716)
at org.testng.internal.Invoker.invokeTestMethods(Invoker.java:988)
at org.testng.internal.TestMethodWorker.invokeTestMethods(TestMethodWorker.java:125)
at org.testng.internal.TestMethodWorker.run(TestMethodWorker.java:109)
at java.util.concurrent.ThreadPoolExecutor.runWorker(Unknown Source)
at java.util.concurrent.ThreadPoolExecutor$Worker.run(Unknown Source)
at java.lang.Thread.run(Unknown Source)
]]>
    </error>
  </testcase> <!-- DirectionFromAndToPlace -->
  <testcase name="TestToFatestDirection" time="0.000" classname="com.mapsnq.assignment.DirectionModule">
    <skipped/>
  </testcase> <!-- TestToFatestDirection -->
  <testcase name="TestToCheckSwapOriginAndDestination" time="0.000" classname="com.mapsnq.assignment.DirectionModule">
    <skipped/>
  </testcase> <!-- TestToCheckSwapOriginAndDestination -->
  <testcase name="TestToFatestDirection" time="0.000" classname="com.mapsnq.assignment.DirectionModule">
    <skipped/>
  </testcase> <!-- TestToFatestDirection -->
  <testcase name="TestToClickOnlyDirectionButton" time="0.000" classname="com.mapsnq.assignment.DirectionModule">
    <skipped/>
  </testcase> <!-- TestToClickOnlyDirectionButton -->
  <testcase name="TestToCheckOnlyByGivingFromDirection" time="0.000" classname="com.mapsnq.assignment.DirectionModule">
    <skipped/>
  </testcase> <!-- TestToCheckOnlyByGivingFromDirection -->
</testsuite> <!-- com.mapsnq.assignment.DirectionModule -->
