<?xml version="1.0" encoding="UTF-8"?>
<!-- Generated by org.testng.reporters.JUnitReportReporter -->
<testsuite skipped="9" hostname="monalisha" name="com.mapsnq.assignment.SearchModule" tests="15" failures="0" timestamp="18 Feb 2019 09:29:39 GMT" time="520.257" errors="5">
  <testcase name="SearchLocationWithEmptyData" time="236.365" classname="com.mapsnq.assignment.SearchModule">
    <error type="java.lang.NullPointerException">
      <![CDATA[java.lang.NullPointerException
at com.paypal.selion.internal.utils.TestNGUtils.getInvokedMethodInformation(TestNGUtils.java:54)
at com.paypal.selion.internal.platform.grid.SeleniumGridListener.beforeInvocation(SeleniumGridListener.java:129)
at org.testng.internal.invokers.InvokedMethodListenerInvoker$InvokeBeforeInvocationWithoutContextStrategy.callMethod(InvokedMethodListenerInvoker.java:84)
at org.testng.internal.invokers.InvokedMethodListenerInvoker.invokeListener(InvokedMethodListenerInvoker.java:62)
at org.testng.internal.Invoker.runInvokedMethodListeners(Invoker.java:490)
at org.testng.internal.Invoker.invokeMethod(Invoker.java:530)
at org.testng.internal.Invoker.invokeTestMethod(Invoker.java:716)
at org.testng.internal.Invoker.invokeTestMethods(Invoker.java:988)
at org.testng.internal.TestMethodWorker.invokeTestMethods(TestMethodWorker.java:125)
at org.testng.internal.TestMethodWorker.run(TestMethodWorker.java:109)
at java.util.concurrent.ThreadPoolExecutor.runWorker(Unknown Source)
at java.util.concurrent.ThreadPoolExecutor$Worker.run(Unknown Source)
at java.lang.Thread.run(Unknown Source)
]]>
    </error>
  </testcase> <!-- SearchLocationWithEmptyData -->
  <testcase name="SearchLocationWithEmptyData" time="0.000" classname="com.mapsnq.assignment.SearchModule">
    <skipped/>
  </testcase> <!-- SearchLocationWithEmptyData -->
  <testcase name="SearchLocationWithEmptyData" time="49.719" classname="com.mapsnq.assignment.SearchModule">
    <skipped/>
  </testcase> <!-- SearchLocationWithEmptyData -->
  <testcase name="SearchLocationWithAutosuggestion" time="20.245" classname="com.mapsnq.assignment.SearchModule"/>
  <testcase name="SearchLocationWithValidData" time="0.000" classname="com.mapsnq.assignment.SearchModule">
    <skipped/>
  </testcase> <!-- SearchLocationWithValidData -->
  <testcase name="SearchLocationWithAutosuggestion" time="0.000" classname="com.mapsnq.assignment.SearchModule">
    <skipped/>
  </testcase> <!-- SearchLocationWithAutosuggestion -->
  <testcase name="SearchSuggestionWithMinimumLenght" time="0.000" classname="com.mapsnq.assignment.SearchModule">
    <skipped/>
  </testcase> <!-- SearchSuggestionWithMinimumLenght -->
  <testcase name="setUp" time="106.942" classname="com.mapsnq.assignment.SearchModule">
    <error type="org.openqa.selenium.WebDriverException" message="Unable to bind to locking port 7054 within 45000 ms
Build info: version: &#039;2.53.1&#039;, revision: &#039;a36b8b1cd5757287168e54b817830adce9b0158d&#039;, time: &#039;2016-06-30 19:26:09&#039;
System info: host: &#039;monalisha&#039;, ip: &#039;192.168.2.4&#039;, os.name: &#039;Windows 8&#039;, os.arch: &#039;amd64&#039;, os.version: &#039;6.2&#039;, java.version: &#039;1.8.0_191&#039;
Driver info: driver.version: FirefoxDriver">
      <![CDATA[org.openqa.selenium.WebDriverException: Unable to bind to locking port 7054 within 45000 ms
Build info: version: '2.53.1', revision: 'a36b8b1cd5757287168e54b817830adce9b0158d', time: '2016-06-30 19:26:09'
System info: host: 'monalisha', ip: '192.168.2.4', os.name: 'Windows 8', os.arch: 'amd64', os.version: '6.2', java.version: '1.8.0_191'
Driver info: driver.version: FirefoxDriver
at org.openqa.selenium.internal.SocketLock.lock(SocketLock.java:100)
at org.openqa.selenium.firefox.internal.NewProfileExtensionConnection.start(NewProfileExtensionConnection.java:80)
at org.openqa.selenium.firefox.FirefoxDriver.startClient(FirefoxDriver.java:271)
at org.openqa.selenium.remote.RemoteWebDriver.<init>(RemoteWebDriver.java:119)
at org.openqa.selenium.firefox.FirefoxDriver.<init>(FirefoxDriver.java:216)
at org.openqa.selenium.firefox.FirefoxDriver.<init>(FirefoxDriver.java:211)
at org.openqa.selenium.firefox.FirefoxDriver.<init>(FirefoxDriver.java:207)
at org.openqa.selenium.firefox.FirefoxDriver.<init>(FirefoxDriver.java:120)
at commapsnq.assignment.test.utility.WebBaseTest2.setUp(WebBaseTest2.java:76)
at sun.reflect.NativeMethodAccessorImpl.invoke0(Native Method)
at sun.reflect.NativeMethodAccessorImpl.invoke(Unknown Source)
at sun.reflect.DelegatingMethodAccessorImpl.invoke(Unknown Source)
at java.lang.reflect.Method.invoke(Unknown Source)
at org.testng.internal.MethodInvocationHelper.invokeMethod(MethodInvocationHelper.java:124)
at org.testng.internal.MethodInvocationHelper.invokeMethodConsideringTimeout(MethodInvocationHelper.java:59)
at org.testng.internal.Invoker.invokeConfigurationMethod(Invoker.java:455)
at org.testng.internal.Invoker.invokeConfigurations(Invoker.java:222)
at org.testng.internal.Invoker.invokeMethod(Invoker.java:520)
at org.testng.internal.Invoker.invokeTestMethod(Invoker.java:716)
at org.testng.internal.Invoker.invokeTestMethods(Invoker.java:988)
at org.testng.internal.TestMethodWorker.invokeTestMethods(TestMethodWorker.java:125)
at org.testng.internal.TestMethodWorker.run(TestMethodWorker.java:109)
at java.util.concurrent.ThreadPoolExecutor.runWorker(Unknown Source)
at java.util.concurrent.ThreadPoolExecutor$Worker.run(Unknown Source)
at java.lang.Thread.run(Unknown Source)
]]>
    </error>
  </testcase> <!-- setUp -->
  <testcase name="SearchSuggestionWithMinimumLenght" time="0.012" classname="com.mapsnq.assignment.SearchModule">
    <error type="java.lang.NullPointerException">
      <![CDATA[java.lang.NullPointerException
at com.paypal.selion.internal.utils.TestNGUtils.getInvokedMethodInformation(TestNGUtils.java:54)
at com.paypal.selion.internal.platform.grid.SeleniumGridListener.beforeInvocation(SeleniumGridListener.java:129)
at org.testng.internal.invokers.InvokedMethodListenerInvoker$InvokeBeforeInvocationWithoutContextStrategy.callMethod(InvokedMethodListenerInvoker.java:84)
at org.testng.internal.invokers.InvokedMethodListenerInvoker.invokeListener(InvokedMethodListenerInvoker.java:62)
at org.testng.internal.Invoker.runInvokedMethodListeners(Invoker.java:490)
at org.testng.internal.Invoker.invokeMethod(Invoker.java:530)
at org.testng.internal.Invoker.invokeTestMethod(Invoker.java:716)
at org.testng.internal.Invoker.invokeTestMethods(Invoker.java:988)
at org.testng.internal.TestMethodWorker.invokeTestMethods(TestMethodWorker.java:125)
at org.testng.internal.TestMethodWorker.run(TestMethodWorker.java:109)
at java.util.concurrent.ThreadPoolExecutor.runWorker(Unknown Source)
at java.util.concurrent.ThreadPoolExecutor$Worker.run(Unknown Source)
at java.lang.Thread.run(Unknown Source)
]]>
    </error>
  </testcase> <!-- SearchSuggestionWithMinimumLenght -->
  <testcase name="SearchLocationWithValidData" time="0.015" classname="com.mapsnq.assignment.SearchModule">
    <error type="java.lang.NullPointerException">
      <![CDATA[java.lang.NullPointerException
at com.paypal.selion.internal.utils.TestNGUtils.getInvokedMethodInformation(TestNGUtils.java:54)
at com.paypal.selion.internal.platform.grid.SeleniumGridListener.beforeInvocation(SeleniumGridListener.java:129)
at org.testng.internal.invokers.InvokedMethodListenerInvoker$InvokeBeforeInvocationWithoutContextStrategy.callMethod(InvokedMethodListenerInvoker.java:84)
at org.testng.internal.invokers.InvokedMethodListenerInvoker.invokeListener(InvokedMethodListenerInvoker.java:62)
at org.testng.internal.Invoker.runInvokedMethodListeners(Invoker.java:490)
at org.testng.internal.Invoker.invokeMethod(Invoker.java:530)
at org.testng.internal.Invoker.invokeTestMethod(Invoker.java:716)
at org.testng.internal.Invoker.invokeTestMethods(Invoker.java:988)
at org.testng.internal.TestMethodWorker.invokeTestMethods(TestMethodWorker.java:125)
at org.testng.internal.TestMethodWorker.run(TestMethodWorker.java:109)
at java.util.concurrent.ThreadPoolExecutor.runWorker(Unknown Source)
at java.util.concurrent.ThreadPoolExecutor$Worker.run(Unknown Source)
at java.lang.Thread.run(Unknown Source)
]]>
    </error>
  </testcase> <!-- SearchLocationWithValidData -->
  <testcase name="SearchSuggestionWithMinimumLenght" time="0.000" classname="com.mapsnq.assignment.SearchModule">
    <skipped/>
  </testcase> <!-- SearchSuggestionWithMinimumLenght -->
  <testcase name="SearchLocationWithValidData" time="0.000" classname="com.mapsnq.assignment.SearchModule">
    <skipped/>
  </testcase> <!-- SearchLocationWithValidData -->
  <testcase name="SearchLocationWithAutosuggestion" time="106.959" classname="com.mapsnq.assignment.SearchModule">
    <error type="java.lang.NullPointerException">
      <![CDATA[java.lang.NullPointerException
at com.paypal.selion.internal.utils.TestNGUtils.getInvokedMethodInformation(TestNGUtils.java:54)
at com.paypal.selion.internal.platform.grid.SeleniumGridListener.beforeInvocation(SeleniumGridListener.java:129)
at org.testng.internal.invokers.InvokedMethodListenerInvoker$InvokeBeforeInvocationWithoutContextStrategy.callMethod(InvokedMethodListenerInvoker.java:84)
at org.testng.internal.invokers.InvokedMethodListenerInvoker.invokeListener(InvokedMethodListenerInvoker.java:62)
at org.testng.internal.Invoker.runInvokedMethodListeners(Invoker.java:490)
at org.testng.internal.Invoker.invokeMethod(Invoker.java:530)
at org.testng.internal.Invoker.invokeTestMethod(Invoker.java:716)
at org.testng.internal.Invoker.invokeTestMethods(Invoker.java:988)
at org.testng.internal.TestMethodWorker.invokeTestMethods(TestMethodWorker.java:125)
at org.testng.internal.TestMethodWorker.run(TestMethodWorker.java:109)
at java.util.concurrent.ThreadPoolExecutor.runWorker(Unknown Source)
at java.util.concurrent.ThreadPoolExecutor$Worker.run(Unknown Source)
at java.lang.Thread.run(Unknown Source)
]]>
    </error>
  </testcase> <!-- SearchLocationWithAutosuggestion -->
  <testcase name="SearchLocationWithInvalidData" classname="com.mapsnq.assignment.SearchModule">
    <skipped/>
  </testcase> <!-- SearchLocationWithInvalidData -->
  <testcase name="SearchLocationWithInvalidData" classname="com.mapsnq.assignment.SearchModule">
    <skipped/>
  </testcase> <!-- SearchLocationWithInvalidData -->
</testsuite> <!-- com.mapsnq.assignment.SearchModule -->
